[ 2018-08-17T09:40:48+08:00 ] 127.0.0.1 127.0.0.1 GET /minprogramshop/manage/index/index.html
[ log ] localhost/minprogramshop/manage/index/index.html [运行时间：0.220000s][吞吐率：4.55req/s] [内存消耗：3,350.97kb] [文件加载：80]
[ info ] [ LANG ] D:\soft\Apache24\htdocs\minprogramshop\thinkphp\lang\zh-cn.php
[ info ] [ ROUTE ] array (
  'type' => 'module',
  'module' => 
  array (
    0 => 'manage',
    1 => 'index',
    2 => 'index',
  ),
)
[ info ] [ HEADER ] array (
  'host' => 'localhost',
  'connection' => 'keep-alive',
  'user-agent' => 'Mozilla/5.0 (Windows NT 6.1; WOW64) AppleWebKit/537.1 (KHTML, like Gecko) Chrome/21.0.1180.89 Safari/537.1',
  'accept' => 'text/html,application/xhtml+xml,application/xml;q=0.9,*/*;q=0.8',
  'accept-encoding' => 'gzip,deflate,sdch',
  'accept-language' => 'zh-CN,zh;q=0.8',
  'accept-charset' => 'GBK,utf-8;q=0.7,*;q=0.3',
)
[ info ] [ PARAM ] array (
)
[ info ] [ DB ] INIT mysql
[ info ] [ LOG ] INIT File

---------------------------------------------------------------
[ 2018-08-17T09:40:48+08:00 ] 127.0.0.1 127.0.0.1 GET /minprogramshop/manage/passport/login.html
[ log ] localhost/minprogramshop/manage/passport/login.html [运行时间：0.035000s][吞吐率：28.57req/s] [内存消耗：2,536.95kb] [文件加载：74]
[ info ] [ LANG ] D:\soft\Apache24\htdocs\minprogramshop\thinkphp\lang\zh-cn.php
[ info ] [ ROUTE ] array (
  'type' => 'module',
  'module' => 
  array (
    0 => 'manage',
    1 => 'passport',
    2 => 'login',
  ),
)
[ info ] [ HEADER ] array (
  'host' => 'localhost',
  'connection' => 'keep-alive',
  'accept' => 'text/html,application/xhtml+xml,application/xml;q=0.9,*/*;q=0.8',
  'user-agent' => 'Mozilla/5.0 (Windows NT 6.1; WOW64) AppleWebKit/537.1 (KHTML, like Gecko) Chrome/21.0.1180.89 Safari/537.1',
  'accept-encoding' => 'gzip,deflate,sdch',
  'accept-language' => 'zh-CN,zh;q=0.8',
  'accept-charset' => 'GBK,utf-8;q=0.7,*;q=0.3',
)
[ info ] [ PARAM ] array (
)
[ info ] [ RUN ] app\manage\controller\Passport->login[ D:\soft\Apache24\htdocs\minprogramshop\youge\manage\controller\Passport.php ]
[ info ] [ VIEW ] D:\soft\Apache24\htdocs\minprogramshop/youge/manage\view\passport\login.html [ array (
) ]
[ info ] [ LOG ] INIT File

---------------------------------------------------------------
[ 2018-08-17T09:41:01+08:00 ] 127.0.0.1 127.0.0.1 GET /minprogramshop/
[ log ] localhost/minprogramshop/ [运行时间：0.186000s][吞吐率：5.38req/s] [内存消耗：3,758.54kb] [文件加载：84]
[ info ] [ LANG ] D:\soft\Apache24\htdocs\minprogramshop\thinkphp\lang\zh-cn.php
[ info ] [ ROUTE ] array (
  'type' => 'module',
  'module' => 
  array (
    0 => '',
    1 => NULL,
    2 => NULL,
  ),
)
[ info ] [ HEADER ] array (
  'host' => 'localhost',
  'connection' => 'keep-alive',
  'accept' => 'text/html,application/xhtml+xml,application/xml;q=0.9,*/*;q=0.8',
  'user-agent' => 'Mozilla/5.0 (Windows NT 6.1; WOW64) AppleWebKit/537.1 (KHTML, like Gecko) Chrome/21.0.1180.89 Safari/537.1',
  'accept-encoding' => 'gzip,deflate,sdch',
  'accept-language' => 'zh-CN,zh;q=0.8',
  'accept-charset' => 'GBK,utf-8;q=0.7,*;q=0.3',
)
[ info ] [ PARAM ] array (
)
[ info ] [ RUN ] app\home\controller\Index->index[ D:\soft\Apache24\htdocs\minprogramshop\youge\home\controller\Index.php ]
[ info ] [ DB ] INIT mysql
[ info ] [ VIEW ] D:\soft\Apache24\htdocs\minprogramshop/youge/home\view\index\index.html [ array (
  0 => 'footer',
  1 => 'list',
) ]
[ info ] [ LOG ] INIT File

---------------------------------------------------------------
[ 2018-08-17T09:41:03+08:00 ] 127.0.0.1 127.0.0.1 GET /minprogramshop/manage/passport/register
[ log ] localhost/minprogramshop/manage/passport/register [运行时间：0.034000s][吞吐率：29.41req/s] [内存消耗：2,545.05kb] [文件加载：74]
[ info ] [ LANG ] D:\soft\Apache24\htdocs\minprogramshop\thinkphp\lang\zh-cn.php
[ info ] [ ROUTE ] array (
  'type' => 'module',
  'module' => 
  array (
    0 => 'manage',
    1 => 'passport',
    2 => 'register',
  ),
)
[ info ] [ HEADER ] array (
  'host' => 'localhost',
  'connection' => 'keep-alive',
  'user-agent' => 'Mozilla/5.0 (Windows NT 6.1; WOW64) AppleWebKit/537.1 (KHTML, like Gecko) Chrome/21.0.1180.89 Safari/537.1',
  'accept' => 'text/html,application/xhtml+xml,application/xml;q=0.9,*/*;q=0.8',
  'referer' => 'http://localhost/minprogramshop/',
  'accept-encoding' => 'gzip,deflate,sdch',
  'accept-language' => 'zh-CN,zh;q=0.8',
  'accept-charset' => 'GBK,utf-8;q=0.7,*;q=0.3',
)
[ info ] [ PARAM ] array (
)
[ info ] [ RUN ] app\manage\controller\Passport->register[ D:\soft\Apache24\htdocs\minprogramshop\youge\manage\controller\Passport.php ]
[ info ] [ VIEW ] D:\soft\Apache24\htdocs\minprogramshop/youge/manage\view\passport\register.html [ array (
) ]
[ info ] [ LOG ] INIT File

---------------------------------------------------------------
[ 2018-08-17T09:41:11+08:00 ] 127.0.0.1 127.0.0.1 POST /minprogramshop/manage/passport/register.html
[ log ] localhost/minprogramshop/manage/passport/register.html [运行时间：0.111000s][吞吐率：9.01req/s] [内存消耗：3,557.28kb] [文件加载：86]
[ info ] [ LANG ] D:\soft\Apache24\htdocs\minprogramshop\thinkphp\lang\zh-cn.php
[ info ] [ ROUTE ] array (
  'type' => 'module',
  'module' => 
  array (
    0 => 'manage',
    1 => 'passport',
    2 => 'register',
  ),
)
[ info ] [ HEADER ] array (
  'host' => 'localhost',
  'connection' => 'keep-alive',
  'content-length' => '55',
  'origin' => 'http://localhost',
  'x-requested-with' => 'XMLHttpRequest',
  'user-agent' => 'Mozilla/5.0 (Windows NT 6.1; WOW64) AppleWebKit/537.1 (KHTML, like Gecko) Chrome/21.0.1180.89 Safari/537.1',
  'content-type' => 'application/x-www-form-urlencoded; charset=UTF-8',
  'accept' => 'application/json, text/javascript, */*; q=0.01',
  'referer' => 'http://localhost/minprogramshop/manage/passport/register',
  'accept-encoding' => 'gzip,deflate,sdch',
  'accept-language' => 'zh-CN,zh;q=0.8',
  'accept-charset' => 'GBK,utf-8;q=0.7,*;q=0.3',
)
[ info ] [ PARAM ] array (
  'mobile' => '861136242',
  'password' => '188632',
  'password2' => '188632',
  'code' => '',
)
[ info ] [ RUN ] app\manage\controller\Passport->register[ D:\soft\Apache24\htdocs\minprogramshop\youge\manage\controller\Passport.php ]
[ info ] [ DB ] INIT mysql
[ info ] [ CACHE ] INIT File
[ info ] [ LOG ] INIT File

---------------------------------------------------------------
[ 2018-08-17T09:41:14+08:00 ] 127.0.0.1 127.0.0.1 GET /minprogramshop/manage/index/index.html
[ log ] localhost/minprogramshop/manage/index/index.html [运行时间：0.116000s][吞吐率：8.62req/s] [内存消耗：3,740.07kb] [文件加载：89]
[ info ] [ LANG ] D:\soft\Apache24\htdocs\minprogramshop\thinkphp\lang\zh-cn.php
[ info ] [ ROUTE ] array (
  'type' => 'module',
  'module' => 
  array (
    0 => 'manage',
    1 => 'index',
    2 => 'index',
  ),
)
[ info ] [ HEADER ] array (
  'host' => 'localhost',
  'connection' => 'keep-alive',
  'user-agent' => 'Mozilla/5.0 (Windows NT 6.1; WOW64) AppleWebKit/537.1 (KHTML, like Gecko) Chrome/21.0.1180.89 Safari/537.1',
  'accept' => 'text/html,application/xhtml+xml,application/xml;q=0.9,*/*;q=0.8',
  'referer' => 'http://localhost/minprogramshop/manage/passport/register',
  'accept-encoding' => 'gzip,deflate,sdch',
  'accept-language' => 'zh-CN,zh;q=0.8',
  'accept-charset' => 'GBK,utf-8;q=0.7,*;q=0.3',
  'cookie' => 'yougememberID=fe53UT8RksVxDZUY3oNLwodRQtGMa19CE2pICCXZ7CYglbdzL%2Fl2Da80G0myFVNSE%2Bet',
)
[ info ] [ PARAM ] array (
)
[ info ] [ DB ] INIT mysql
[ info ] [ RUN ] app\manage\controller\Index->index[ D:\soft\Apache24\htdocs\minprogramshop\youge\manage\controller\Index.php ]
[ info ] [ VIEW ] D:\soft\Apache24\htdocs\minprogramshop/youge/manage\view\index\index.html [ array (
  0 => 'member',
  1 => 'leftMenus',
) ]
[ info ] [ CACHE ] INIT File
[ info ] [ LOG ] INIT File

---------------------------------------------------------------
[ 2018-08-17T09:41:14+08:00 ] 127.0.0.1 127.0.0.1 GET /minprogramshop/manage/miniapp/index
[ log ] localhost/minprogramshop/manage/miniapp/index [运行时间：0.096000s][吞吐率：10.42req/s] [内存消耗：3,867.84kb] [文件加载：90]
[ info ] [ LANG ] D:\soft\Apache24\htdocs\minprogramshop\thinkphp\lang\zh-cn.php
[ info ] [ ROUTE ] array (
  'type' => 'module',
  'module' => 
  array (
    0 => 'manage',
    1 => 'miniapp',
    2 => 'index',
  ),
)
[ info ] [ HEADER ] array (
  'host' => 'localhost',
  'connection' => 'keep-alive',
  'user-agent' => 'Mozilla/5.0 (Windows NT 6.1; WOW64) AppleWebKit/537.1 (KHTML, like Gecko) Chrome/21.0.1180.89 Safari/537.1',
  'accept' => 'text/html,application/xhtml+xml,application/xml;q=0.9,*/*;q=0.8',
  'referer' => 'http://localhost/minprogramshop/manage/index/index.html',
  'accept-encoding' => 'gzip,deflate,sdch',
  'accept-language' => 'zh-CN,zh;q=0.8',
  'accept-charset' => 'GBK,utf-8;q=0.7,*;q=0.3',
  'cookie' => 'yougememberID=fe53UT8RksVxDZUY3oNLwodRQtGMa19CE2pICCXZ7CYglbdzL%2Fl2Da80G0myFVNSE%2Bet',
)
[ info ] [ PARAM ] array (
)
[ info ] [ DB ] INIT mysql
[ info ] [ RUN ] app\manage\controller\Miniapp->index[ D:\soft\Apache24\htdocs\minprogramshop\youge\manage\controller\Miniapp.php ]
[ info ] [ VIEW ] D:\soft\Apache24\htdocs\minprogramshop/youge/manage\view\miniapp\index.html [ array (
  0 => 'member',
  1 => 'leftMenus',
  2 => 'miniapp',
  3 => 'list',
  4 => 'page',
  5 => 'search',
) ]
[ info ] [ LOG ] INIT File

---------------------------------------------------------------
[ 2018-08-17T09:41:23+08:00 ] 127.0.0.1 127.0.0.1 GET /minprogramshop/manage/miniapp/create.html
[ log ] localhost/minprogramshop/manage/miniapp/create.html [运行时间：1.503000s][吞吐率：0.67req/s] [内存消耗：3,777.85kb] [文件加载：91]
[ info ] [ LANG ] D:\soft\Apache24\htdocs\minprogramshop\thinkphp\lang\zh-cn.php
[ info ] [ ROUTE ] array (
  'type' => 'module',
  'module' => 
  array (
    0 => 'manage',
    1 => 'miniapp',
    2 => 'create',
  ),
)
[ info ] [ HEADER ] array (
  'host' => 'localhost',
  'connection' => 'keep-alive',
  'user-agent' => 'Mozilla/5.0 (Windows NT 6.1; WOW64) AppleWebKit/537.1 (KHTML, like Gecko) Chrome/21.0.1180.89 Safari/537.1',
  'accept' => 'text/html,application/xhtml+xml,application/xml;q=0.9,*/*;q=0.8',
  'referer' => 'http://localhost/minprogramshop/manage/miniapp/index',
  'accept-encoding' => 'gzip,deflate,sdch',
  'accept-language' => 'zh-CN,zh;q=0.8',
  'accept-charset' => 'GBK,utf-8;q=0.7,*;q=0.3',
  'cookie' => 'yougememberID=fe53UT8RksVxDZUY3oNLwodRQtGMa19CE2pICCXZ7CYglbdzL%2Fl2Da80G0myFVNSE%2Bet',
)
[ info ] [ PARAM ] array (
)
[ info ] [ DB ] INIT mysql
[ info ] [ RUN ] app\manage\controller\Miniapp->create[ D:\soft\Apache24\htdocs\minprogramshop\youge\manage\controller\Miniapp.php ]
[ info ] [ CACHE ] INIT File
[ info ] [ VIEW ] D:\soft\Apache24\htdocs\minprogramshop\thinkphp\tpl\dispatch_jump.tpl [ array (
  0 => 'member',
  1 => 'leftMenus',
  2 => 'code',
  3 => 'msg',
  4 => 'data',
  5 => 'url',
  6 => 'wait',
) ]
[ info ] [ LOG ] INIT File

---------------------------------------------------------------
[ 2018-08-17T09:41:26+08:00 ] 127.0.0.1 127.0.0.1 GET /minprogramshop/manage/miniapp/index
[ log ] localhost/minprogramshop/manage/miniapp/index [运行时间：0.047000s][吞吐率：21.28req/s] [内存消耗：3,867.84kb] [文件加载：90]
[ info ] [ LANG ] D:\soft\Apache24\htdocs\minprogramshop\thinkphp\lang\zh-cn.php
[ info ] [ ROUTE ] array (
  'type' => 'module',
  'module' => 
  array (
    0 => 'manage',
    1 => 'miniapp',
    2 => 'index',
  ),
)
[ info ] [ HEADER ] array (
  'host' => 'localhost',
  'connection' => 'keep-alive',
  'user-agent' => 'Mozilla/5.0 (Windows NT 6.1; WOW64) AppleWebKit/537.1 (KHTML, like Gecko) Chrome/21.0.1180.89 Safari/537.1',
  'accept' => 'text/html,application/xhtml+xml,application/xml;q=0.9,*/*;q=0.8',
  'referer' => 'http://localhost/minprogramshop/manage/index/index.html',
  'accept-encoding' => 'gzip,deflate,sdch',
  'accept-language' => 'zh-CN,zh;q=0.8',
  'accept-charset' => 'GBK,utf-8;q=0.7,*;q=0.3',
  'cookie' => 'yougememberID=fe53UT8RksVxDZUY3oNLwodRQtGMa19CE2pICCXZ7CYglbdzL%2Fl2Da80G0myFVNSE%2Bet',
)
[ info ] [ PARAM ] array (
)
[ info ] [ DB ] INIT mysql
[ info ] [ RUN ] app\manage\controller\Miniapp->index[ D:\soft\Apache24\htdocs\minprogramshop\youge\manage\controller\Miniapp.php ]
[ info ] [ VIEW ] D:\soft\Apache24\htdocs\minprogramshop/youge/manage\view\miniapp\index.html [ array (
  0 => 'member',
  1 => 'leftMenus',
  2 => 'miniapp',
  3 => 'list',
  4 => 'page',
  5 => 'search',
) ]
[ info ] [ LOG ] INIT File

---------------------------------------------------------------
[ 2018-08-17T09:41:31+08:00 ] 127.0.0.1 127.0.0.1 GET /minprogramshop/manage/passport/login
[ log ] localhost/minprogramshop/manage/passport/login [运行时间：0.037000s][吞吐率：27.03req/s] [内存消耗：2,537.60kb] [文件加载：74]
[ info ] [ LANG ] D:\soft\Apache24\htdocs\minprogramshop\thinkphp\lang\zh-cn.php
[ info ] [ ROUTE ] array (
  'type' => 'module',
  'module' => 
  array (
    0 => 'manage',
    1 => 'passport',
    2 => 'login',
  ),
)
[ info ] [ HEADER ] array (
  'host' => 'localhost',
  'connection' => 'keep-alive',
  'user-agent' => 'Mozilla/5.0 (Windows NT 6.1; WOW64) AppleWebKit/537.1 (KHTML, like Gecko) Chrome/21.0.1180.89 Safari/537.1',
  'accept' => 'text/html,application/xhtml+xml,application/xml;q=0.9,*/*;q=0.8',
  'referer' => 'http://localhost/minprogramshop/',
  'accept-encoding' => 'gzip,deflate,sdch',
  'accept-language' => 'zh-CN,zh;q=0.8',
  'accept-charset' => 'GBK,utf-8;q=0.7,*;q=0.3',
  'cookie' => 'yougememberID=fe53UT8RksVxDZUY3oNLwodRQtGMa19CE2pICCXZ7CYglbdzL%2Fl2Da80G0myFVNSE%2Bet',
)
[ info ] [ PARAM ] array (
)
[ info ] [ RUN ] app\manage\controller\Passport->login[ D:\soft\Apache24\htdocs\minprogramshop\youge\manage\controller\Passport.php ]
[ info ] [ VIEW ] D:\soft\Apache24\htdocs\minprogramshop/youge/manage\view\passport\login.html [ array (
) ]
[ info ] [ LOG ] INIT File

---------------------------------------------------------------
[ 2018-08-17T09:44:34+08:00 ] 127.0.0.1 127.0.0.1 POST /minprogramshop/manage/passport/login.html
[ log ] localhost/minprogramshop/manage/passport/login.html [运行时间：0.061000s][吞吐率：16.39req/s] [内存消耗：3,374.45kb] [文件加载：81]
[ info ] [ LANG ] D:\soft\Apache24\htdocs\minprogramshop\thinkphp\lang\zh-cn.php
[ info ] [ ROUTE ] array (
  'type' => 'module',
  'module' => 
  array (
    0 => 'manage',
    1 => 'passport',
    2 => 'login',
  ),
)
[ info ] [ HEADER ] array (
  'host' => 'localhost',
  'connection' => 'keep-alive',
  'content-length' => '33',
  'origin' => 'http://localhost',
  'x-requested-with' => 'XMLHttpRequest',
  'user-agent' => 'Mozilla/5.0 (Windows NT 6.1; WOW64) AppleWebKit/537.1 (KHTML, like Gecko) Chrome/21.0.1180.89 Safari/537.1',
  'content-type' => 'application/x-www-form-urlencoded; charset=UTF-8',
  'accept' => 'application/json, text/javascript, */*; q=0.01',
  'referer' => 'http://localhost/minprogramshop/manage/passport/login',
  'accept-encoding' => 'gzip,deflate,sdch',
  'accept-language' => 'zh-CN,zh;q=0.8',
  'accept-charset' => 'GBK,utf-8;q=0.7,*;q=0.3',
  'cookie' => 'yougememberID=fe53UT8RksVxDZUY3oNLwodRQtGMa19CE2pICCXZ7CYglbdzL%2Fl2Da80G0myFVNSE%2Bet',
)
[ info ] [ PARAM ] array (
  'mobile' => '861136242',
  'password' => '1886321',
)
[ info ] [ RUN ] app\manage\controller\Passport->login[ D:\soft\Apache24\htdocs\minprogramshop\youge\manage\controller\Passport.php ]
[ info ] [ DB ] INIT mysql
[ info ] [ LOG ] INIT File

---------------------------------------------------------------
[ 2018-08-17T09:47:07+08:00 ] 127.0.0.1 127.0.0.1 GET /minprogramshop/manage/passport/login
[ log ] localhost/minprogramshop/manage/passport/login [运行时间：0.040000s][吞吐率：25.00req/s] [内存消耗：2,537.68kb] [文件加载：74]
[ info ] [ LANG ] D:\soft\Apache24\htdocs\minprogramshop\thinkphp\lang\zh-cn.php
[ info ] [ ROUTE ] array (
  'type' => 'module',
  'module' => 
  array (
    0 => 'manage',
    1 => 'passport',
    2 => 'login',
  ),
)
[ info ] [ HEADER ] array (
  'host' => 'localhost',
  'connection' => 'keep-alive',
  'cache-control' => 'max-age=0',
  'user-agent' => 'Mozilla/5.0 (Windows NT 6.1; WOW64) AppleWebKit/537.1 (KHTML, like Gecko) Chrome/21.0.1180.89 Safari/537.1',
  'accept' => 'text/html,application/xhtml+xml,application/xml;q=0.9,*/*;q=0.8',
  'referer' => 'http://localhost/minprogramshop/',
  'accept-encoding' => 'gzip,deflate,sdch',
  'accept-language' => 'zh-CN,zh;q=0.8',
  'accept-charset' => 'GBK,utf-8;q=0.7,*;q=0.3',
  'cookie' => 'yougememberID=fe53UT8RksVxDZUY3oNLwodRQtGMa19CE2pICCXZ7CYglbdzL%2Fl2Da80G0myFVNSE%2Bet',
)
[ info ] [ PARAM ] array (
)
[ info ] [ RUN ] app\manage\controller\Passport->login[ D:\soft\Apache24\htdocs\minprogramshop\youge\manage\controller\Passport.php ]
[ info ] [ VIEW ] D:\soft\Apache24\htdocs\minprogramshop/youge/manage\view\passport\login.html [ array (
) ]
[ info ] [ LOG ] INIT File

---------------------------------------------------------------
[ 2018-08-17T09:47:08+08:00 ] 127.0.0.1 127.0.0.1 GET /minprogramshop//manage/passport/findpwd
[ log ] localhost/minprogramshop//manage/passport/findpwd [运行时间：0.041000s][吞吐率：24.39req/s] [内存消耗：2,545.62kb] [文件加载：74]
[ info ] [ LANG ] D:\soft\Apache24\htdocs\minprogramshop\thinkphp\lang\zh-cn.php
[ info ] [ ROUTE ] array (
  'type' => 'module',
  'module' => 
  array (
    0 => 'manage',
    1 => 'passport',
    2 => 'findpwd',
  ),
)
[ info ] [ HEADER ] array (
  'host' => 'localhost',
  'connection' => 'keep-alive',
  'user-agent' => 'Mozilla/5.0 (Windows NT 6.1; WOW64) AppleWebKit/537.1 (KHTML, like Gecko) Chrome/21.0.1180.89 Safari/537.1',
  'accept' => 'text/html,application/xhtml+xml,application/xml;q=0.9,*/*;q=0.8',
  'referer' => 'http://localhost/minprogramshop/manage/passport/login',
  'accept-encoding' => 'gzip,deflate,sdch',
  'accept-language' => 'zh-CN,zh;q=0.8',
  'accept-charset' => 'GBK,utf-8;q=0.7,*;q=0.3',
  'cookie' => 'yougememberID=fe53UT8RksVxDZUY3oNLwodRQtGMa19CE2pICCXZ7CYglbdzL%2Fl2Da80G0myFVNSE%2Bet',
)
[ info ] [ PARAM ] array (
)
[ info ] [ RUN ] app\manage\controller\Passport->findpwd[ D:\soft\Apache24\htdocs\minprogramshop\youge\manage\controller\Passport.php ]
[ info ] [ VIEW ] D:\soft\Apache24\htdocs\minprogramshop/youge/manage\view\passport\findpwd.html [ array (
) ]
[ info ] [ LOG ] INIT File

---------------------------------------------------------------
[ 2018-08-17T09:47:11+08:00 ] 127.0.0.1 127.0.0.1 GET /minprogramshop/manage/passport/sendsms.html?mobile=861136242&_=1534470428676
[ log ] localhost/minprogramshop/manage/passport/sendsms.html?mobile=861136242&_=1534470428676 [运行时间：0.033000s][吞吐率：30.30req/s] [内存消耗：2,310.37kb] [文件加载：72]
[ info ] [ LANG ] D:\soft\Apache24\htdocs\minprogramshop\thinkphp\lang\zh-cn.php
[ info ] [ ROUTE ] array (
  'type' => 'module',
  'module' => 
  array (
    0 => 'manage',
    1 => 'passport',
    2 => 'sendsms',
  ),
)
[ info ] [ HEADER ] array (
  'host' => 'localhost',
  'connection' => 'keep-alive',
  'x-requested-with' => 'XMLHttpRequest',
  'user-agent' => 'Mozilla/5.0 (Windows NT 6.1; WOW64) AppleWebKit/537.1 (KHTML, like Gecko) Chrome/21.0.1180.89 Safari/537.1',
  'accept' => 'application/json, text/javascript, */*; q=0.01',
  'referer' => 'http://localhost/minprogramshop//manage/passport/findpwd',
  'accept-encoding' => 'gzip,deflate,sdch',
  'accept-language' => 'zh-CN,zh;q=0.8',
  'accept-charset' => 'GBK,utf-8;q=0.7,*;q=0.3',
  'cookie' => 'yougememberID=fe53UT8RksVxDZUY3oNLwodRQtGMa19CE2pICCXZ7CYglbdzL%2Fl2Da80G0myFVNSE%2Bet',
)
[ info ] [ PARAM ] array (
  'mobile' => '861136242',
  '_' => '1534470428676',
)
[ info ] [ RUN ] app\manage\controller\Passport->sendSms[ D:\soft\Apache24\htdocs\minprogramshop\youge\manage\controller\Passport.php ]
[ info ] [ LOG ] INIT File

---------------------------------------------------------------
[ 2018-08-17T09:47:21+08:00 ] 127.0.0.1 127.0.0.1 GET /minprogramshop/manage/passport/sendsms.html?mobile=15520449931&_=1534470428677
[ log ] localhost/minprogramshop/manage/passport/sendsms.html?mobile=15520449931&_=1534470428677 [运行时间：0.414000s][吞吐率：2.42req/s] [内存消耗：3,363.56kb] [文件加载：83]
[ info ] [ LANG ] D:\soft\Apache24\htdocs\minprogramshop\thinkphp\lang\zh-cn.php
[ info ] [ ROUTE ] array (
  'type' => 'module',
  'module' => 
  array (
    0 => 'manage',
    1 => 'passport',
    2 => 'sendsms',
  ),
)
[ info ] [ HEADER ] array (
  'host' => 'localhost',
  'connection' => 'keep-alive',
  'x-requested-with' => 'XMLHttpRequest',
  'user-agent' => 'Mozilla/5.0 (Windows NT 6.1; WOW64) AppleWebKit/537.1 (KHTML, like Gecko) Chrome/21.0.1180.89 Safari/537.1',
  'accept' => 'application/json, text/javascript, */*; q=0.01',
  'referer' => 'http://localhost/minprogramshop//manage/passport/findpwd',
  'accept-encoding' => 'gzip,deflate,sdch',
  'accept-language' => 'zh-CN,zh;q=0.8',
  'accept-charset' => 'GBK,utf-8;q=0.7,*;q=0.3',
  'cookie' => 'yougememberID=fe53UT8RksVxDZUY3oNLwodRQtGMa19CE2pICCXZ7CYglbdzL%2Fl2Da80G0myFVNSE%2Bet',
)
[ info ] [ PARAM ] array (
  'mobile' => '15520449931',
  '_' => '1534470428677',
)
[ info ] [ RUN ] app\manage\controller\Passport->sendSms[ D:\soft\Apache24\htdocs\minprogramshop\youge\manage\controller\Passport.php ]
[ info ] [ DB ] INIT mysql
[ info ] [ LOG ] INIT File

---------------------------------------------------------------
[ 2018-08-17T09:47:40+08:00 ] 127.0.0.1 127.0.0.1 POST /minprogramshop/manage/passport/findpwd.html
[ log ] localhost/minprogramshop/manage/passport/findpwd.html [运行时间：0.061000s][吞吐率：16.39req/s] [内存消耗：3,575.56kb] [文件加载：87]
[ info ] [ LANG ] D:\soft\Apache24\htdocs\minprogramshop\thinkphp\lang\zh-cn.php
[ info ] [ ROUTE ] array (
  'type' => 'module',
  'module' => 
  array (
    0 => 'manage',
    1 => 'passport',
    2 => 'findpwd',
  ),
)
[ info ] [ HEADER ] array (
  'host' => 'localhost',
  'connection' => 'keep-alive',
  'content-length' => '63',
  'origin' => 'http://localhost',
  'x-requested-with' => 'XMLHttpRequest',
  'user-agent' => 'Mozilla/5.0 (Windows NT 6.1; WOW64) AppleWebKit/537.1 (KHTML, like Gecko) Chrome/21.0.1180.89 Safari/537.1',
  'content-type' => 'application/x-www-form-urlencoded; charset=UTF-8',
  'accept' => 'application/json, text/javascript, */*; q=0.01',
  'referer' => 'http://localhost/minprogramshop//manage/passport/findpwd',
  'accept-encoding' => 'gzip,deflate,sdch',
  'accept-language' => 'zh-CN,zh;q=0.8',
  'accept-charset' => 'GBK,utf-8;q=0.7,*;q=0.3',
  'cookie' => 'yougememberID=fe53UT8RksVxDZUY3oNLwodRQtGMa19CE2pICCXZ7CYglbdzL%2Fl2Da80G0myFVNSE%2Bet',
)
[ info ] [ PARAM ] array (
  'mobile' => '15520449931',
  'password' => '188632',
  'password2' => '188632',
  'code' => '679309',
)
[ info ] [ RUN ] app\manage\controller\Passport->findpwd[ D:\soft\Apache24\htdocs\minprogramshop\youge\manage\controller\Passport.php ]
[ info ] [ DB ] INIT mysql
[ info ] [ CACHE ] INIT File
[ info ] [ LOG ] INIT File

---------------------------------------------------------------
[ 2018-08-17T09:47:43+08:00 ] 127.0.0.1 127.0.0.1 GET /minprogramshop/manage/index/index.html
[ log ] localhost/minprogramshop/manage/index/index.html [运行时间：0.068000s][吞吐率：14.71req/s] [内存消耗：3,744.20kb] [文件加载：89]
[ info ] [ LANG ] D:\soft\Apache24\htdocs\minprogramshop\thinkphp\lang\zh-cn.php
[ info ] [ ROUTE ] array (
  'type' => 'module',
  'module' => 
  array (
    0 => 'manage',
    1 => 'index',
    2 => 'index',
  ),
)
[ info ] [ HEADER ] array (
  'host' => 'localhost',
  'connection' => 'keep-alive',
  'user-agent' => 'Mozilla/5.0 (Windows NT 6.1; WOW64) AppleWebKit/537.1 (KHTML, like Gecko) Chrome/21.0.1180.89 Safari/537.1',
  'accept' => 'text/html,application/xhtml+xml,application/xml;q=0.9,*/*;q=0.8',
  'referer' => 'http://localhost/minprogramshop//manage/passport/findpwd',
  'accept-encoding' => 'gzip,deflate,sdch',
  'accept-language' => 'zh-CN,zh;q=0.8',
  'accept-charset' => 'GBK,utf-8;q=0.7,*;q=0.3',
  'cookie' => 'yougememberID=ebe357rMtmZZZq5ryiBUDVNyjyiVCwaFObYbIsuqb2KuRDp7anO3EeQUbybv56xbqUeo',
)
[ info ] [ PARAM ] array (
)
[ info ] [ DB ] INIT mysql
[ info ] [ RUN ] app\manage\controller\Index->index[ D:\soft\Apache24\htdocs\minprogramshop\youge\manage\controller\Index.php ]
[ info ] [ VIEW ] D:\soft\Apache24\htdocs\minprogramshop/youge/manage\view\index\index.html [ array (
  0 => 'member',
  1 => 'leftMenus',
) ]
[ info ] [ CACHE ] INIT File
[ info ] [ LOG ] INIT File

---------------------------------------------------------------
[ 2018-08-17T09:47:43+08:00 ] 127.0.0.1 127.0.0.1 GET /minprogramshop/manage/miniapp/index
[ log ] localhost/minprogramshop/manage/miniapp/index [运行时间：0.058000s][吞吐率：17.24req/s] [内存消耗：3,868.14kb] [文件加载：90]
[ info ] [ LANG ] D:\soft\Apache24\htdocs\minprogramshop\thinkphp\lang\zh-cn.php
[ info ] [ ROUTE ] array (
  'type' => 'module',
  'module' => 
  array (
    0 => 'manage',
    1 => 'miniapp',
    2 => 'index',
  ),
)
[ info ] [ HEADER ] array (
  'host' => 'localhost',
  'connection' => 'keep-alive',
  'user-agent' => 'Mozilla/5.0 (Windows NT 6.1; WOW64) AppleWebKit/537.1 (KHTML, like Gecko) Chrome/21.0.1180.89 Safari/537.1',
  'accept' => 'text/html,application/xhtml+xml,application/xml;q=0.9,*/*;q=0.8',
  'referer' => 'http://localhost/minprogramshop/manage/index/index.html',
  'accept-encoding' => 'gzip,deflate,sdch',
  'accept-language' => 'zh-CN,zh;q=0.8',
  'accept-charset' => 'GBK,utf-8;q=0.7,*;q=0.3',
  'cookie' => 'yougememberID=ebe357rMtmZZZq5ryiBUDVNyjyiVCwaFObYbIsuqb2KuRDp7anO3EeQUbybv56xbqUeo',
)
[ info ] [ PARAM ] array (
)
[ info ] [ DB ] INIT mysql
[ info ] [ RUN ] app\manage\controller\Miniapp->index[ D:\soft\Apache24\htdocs\minprogramshop\youge\manage\controller\Miniapp.php ]
[ info ] [ VIEW ] D:\soft\Apache24\htdocs\minprogramshop/youge/manage\view\miniapp\index.html [ array (
  0 => 'member',
  1 => 'leftMenus',
  2 => 'miniapp',
  3 => 'list',
  4 => 'page',
  5 => 'search',
) ]
[ info ] [ LOG ] INIT File

---------------------------------------------------------------
[ 2018-08-17T09:48:03+08:00 ] 127.0.0.1 127.0.0.1 GET /minprogramshop/manage/passport/login
[ log ] localhost/minprogramshop/manage/passport/login [运行时间：0.041000s][吞吐率：24.39req/s] [内存消耗：2,537.68kb] [文件加载：74]
[ info ] [ LANG ] D:\soft\Apache24\htdocs\minprogramshop\thinkphp\lang\zh-cn.php
[ info ] [ ROUTE ] array (
  'type' => 'module',
  'module' => 
  array (
    0 => 'manage',
    1 => 'passport',
    2 => 'login',
  ),
)
[ info ] [ HEADER ] array (
  'host' => 'localhost',
  'connection' => 'keep-alive',
  'cache-control' => 'max-age=0',
  'user-agent' => 'Mozilla/5.0 (Windows NT 6.1; WOW64) AppleWebKit/537.1 (KHTML, like Gecko) Chrome/21.0.1180.89 Safari/537.1',
  'accept' => 'text/html,application/xhtml+xml,application/xml;q=0.9,*/*;q=0.8',
  'referer' => 'http://localhost/minprogramshop/',
  'accept-encoding' => 'gzip,deflate,sdch',
  'accept-language' => 'zh-CN,zh;q=0.8',
  'accept-charset' => 'GBK,utf-8;q=0.7,*;q=0.3',
  'cookie' => 'yougememberID=ebe357rMtmZZZq5ryiBUDVNyjyiVCwaFObYbIsuqb2KuRDp7anO3EeQUbybv56xbqUeo',
)
[ info ] [ PARAM ] array (
)
[ info ] [ RUN ] app\manage\controller\Passport->login[ D:\soft\Apache24\htdocs\minprogramshop\youge\manage\controller\Passport.php ]
[ info ] [ VIEW ] D:\soft\Apache24\htdocs\minprogramshop/youge/manage\view\passport\login.html [ array (
) ]
[ info ] [ LOG ] INIT File

---------------------------------------------------------------
[ 2018-08-17T09:48:04+08:00 ] 127.0.0.1 127.0.0.1 GET /minprogramshop/manage/passport/register
[ log ] localhost/minprogramshop/manage/passport/register [运行时间：0.041000s][吞吐率：24.39req/s] [内存消耗：2,545.64kb] [文件加载：74]
[ info ] [ LANG ] D:\soft\Apache24\htdocs\minprogramshop\thinkphp\lang\zh-cn.php
[ info ] [ ROUTE ] array (
  'type' => 'module',
  'module' => 
  array (
    0 => 'manage',
    1 => 'passport',
    2 => 'register',
  ),
)
[ info ] [ HEADER ] array (
  'host' => 'localhost',
  'connection' => 'keep-alive',
  'user-agent' => 'Mozilla/5.0 (Windows NT 6.1; WOW64) AppleWebKit/537.1 (KHTML, like Gecko) Chrome/21.0.1180.89 Safari/537.1',
  'accept' => 'text/html,application/xhtml+xml,application/xml;q=0.9,*/*;q=0.8',
  'referer' => 'http://localhost/minprogramshop/manage/passport/login',
  'accept-encoding' => 'gzip,deflate,sdch',
  'accept-language' => 'zh-CN,zh;q=0.8',
  'accept-charset' => 'GBK,utf-8;q=0.7,*;q=0.3',
  'cookie' => 'yougememberID=ebe357rMtmZZZq5ryiBUDVNyjyiVCwaFObYbIsuqb2KuRDp7anO3EeQUbybv56xbqUeo',
)
[ info ] [ PARAM ] array (
)
[ info ] [ RUN ] app\manage\controller\Passport->register[ D:\soft\Apache24\htdocs\minprogramshop\youge\manage\controller\Passport.php ]
[ info ] [ VIEW ] D:\soft\Apache24\htdocs\minprogramshop/youge/manage\view\passport\register.html [ array (
) ]
[ info ] [ LOG ] INIT File

---------------------------------------------------------------
[ 2018-08-17T09:48:45+08:00 ] 127.0.0.1 127.0.0.1 GET /minprogramshop/manage/passport/register
[ log ] localhost/minprogramshop/manage/passport/register [运行时间：0.036000s][吞吐率：27.78req/s] [内存消耗：2,545.84kb] [文件加载：74]
[ info ] [ LANG ] D:\soft\Apache24\htdocs\minprogramshop\thinkphp\lang\zh-cn.php
[ info ] [ ROUTE ] array (
  'type' => 'module',
  'module' => 
  array (
    0 => 'manage',
    1 => 'passport',
    2 => 'register',
  ),
)
[ info ] [ HEADER ] array (
  'host' => 'localhost',
  'connection' => 'keep-alive',
  'cache-control' => 'max-age=0',
  'user-agent' => 'Mozilla/5.0 (Windows NT 6.1; WOW64) AppleWebKit/537.1 (KHTML, like Gecko) Chrome/21.0.1180.89 Safari/537.1',
  'accept' => 'text/html,application/xhtml+xml,application/xml;q=0.9,*/*;q=0.8',
  'referer' => 'http://localhost/minprogramshop/manage/passport/login',
  'accept-encoding' => 'gzip,deflate,sdch',
  'accept-language' => 'zh-CN,zh;q=0.8',
  'accept-charset' => 'GBK,utf-8;q=0.7,*;q=0.3',
  'cookie' => 'yougememberID=ebe357rMtmZZZq5ryiBUDVNyjyiVCwaFObYbIsuqb2KuRDp7anO3EeQUbybv56xbqUeo',
)
[ info ] [ PARAM ] array (
)
[ info ] [ RUN ] app\manage\controller\Passport->register[ D:\soft\Apache24\htdocs\minprogramshop\youge\manage\controller\Passport.php ]
[ info ] [ VIEW ] D:\soft\Apache24\htdocs\minprogramshop/youge/manage\view\passport\register.html [ array (
) ]
[ info ] [ LOG ] INIT File

---------------------------------------------------------------
[ 2018-08-17T09:48:46+08:00 ] 127.0.0.1 127.0.0.1 GET /minprogramshop/manage/passport/findpwd
[ log ] localhost/minprogramshop/manage/passport/findpwd [运行时间：0.045000s][吞吐率：22.22req/s] [内存消耗：2,545.63kb] [文件加载：74]
[ info ] [ LANG ] D:\soft\Apache24\htdocs\minprogramshop\thinkphp\lang\zh-cn.php
[ info ] [ ROUTE ] array (
  'type' => 'module',
  'module' => 
  array (
    0 => 'manage',
    1 => 'passport',
    2 => 'findpwd',
  ),
)
[ info ] [ HEADER ] array (
  'host' => 'localhost',
  'connection' => 'keep-alive',
  'user-agent' => 'Mozilla/5.0 (Windows NT 6.1; WOW64) AppleWebKit/537.1 (KHTML, like Gecko) Chrome/21.0.1180.89 Safari/537.1',
  'accept' => 'text/html,application/xhtml+xml,application/xml;q=0.9,*/*;q=0.8',
  'referer' => 'http://localhost/minprogramshop/manage/passport/register',
  'accept-encoding' => 'gzip,deflate,sdch',
  'accept-language' => 'zh-CN,zh;q=0.8',
  'accept-charset' => 'GBK,utf-8;q=0.7,*;q=0.3',
  'cookie' => 'yougememberID=ebe357rMtmZZZq5ryiBUDVNyjyiVCwaFObYbIsuqb2KuRDp7anO3EeQUbybv56xbqUeo',
)
[ info ] [ PARAM ] array (
)
[ info ] [ RUN ] app\manage\controller\Passport->findpwd[ D:\soft\Apache24\htdocs\minprogramshop\youge\manage\controller\Passport.php ]
[ info ] [ VIEW ] D:\soft\Apache24\htdocs\minprogramshop/youge/manage\view\passport\findpwd.html [ array (
) ]
[ info ] [ LOG ] INIT File

---------------------------------------------------------------
[ 2018-08-17T09:48:50+08:00 ] 127.0.0.1 127.0.0.1 GET /minprogramshop/manage/passport/login
[ log ] localhost/minprogramshop/manage/passport/login [运行时间：0.046000s][吞吐率：21.74req/s] [内存消耗：2,537.63kb] [文件加载：74]
[ info ] [ LANG ] D:\soft\Apache24\htdocs\minprogramshop\thinkphp\lang\zh-cn.php
[ info ] [ ROUTE ] array (
  'type' => 'module',
  'module' => 
  array (
    0 => 'manage',
    1 => 'passport',
    2 => 'login',
  ),
)
[ info ] [ HEADER ] array (
  'host' => 'localhost',
  'connection' => 'keep-alive',
  'user-agent' => 'Mozilla/5.0 (Windows NT 6.1; WOW64) AppleWebKit/537.1 (KHTML, like Gecko) Chrome/21.0.1180.89 Safari/537.1',
  'accept' => 'text/html,application/xhtml+xml,application/xml;q=0.9,*/*;q=0.8',
  'referer' => 'http://localhost/minprogramshop/manage/passport/register',
  'accept-encoding' => 'gzip,deflate,sdch',
  'accept-language' => 'zh-CN,zh;q=0.8',
  'accept-charset' => 'GBK,utf-8;q=0.7,*;q=0.3',
  'cookie' => 'yougememberID=ebe357rMtmZZZq5ryiBUDVNyjyiVCwaFObYbIsuqb2KuRDp7anO3EeQUbybv56xbqUeo',
)
[ info ] [ PARAM ] array (
)
[ info ] [ RUN ] app\manage\controller\Passport->login[ D:\soft\Apache24\htdocs\minprogramshop\youge\manage\controller\Passport.php ]
[ info ] [ VIEW ] D:\soft\Apache24\htdocs\minprogramshop/youge/manage\view\passport\login.html [ array (
) ]
[ info ] [ LOG ] INIT File

---------------------------------------------------------------
