[ 2018-09-18T13:20:44+08:00 ] ::1 ::1 GET /minprogramshop/index.php
[ log ] localhost/minprogramshop/index.php [运行时间：0.243000s][吞吐率：4.12req/s] [内存消耗：3,758.97kb] [文件加载：84]
[ info ] [ LANG ] D:\soft\Apache24\htdocs\minprogramshop\thinkphp\lang\zh-cn.php
[ info ] [ ROUTE ] array (
  'type' => 'module',
  'module' => 
  array (
    0 => '',
    1 => NULL,
    2 => NULL,
  ),
)
[ info ] [ HEADER ] array (
  'host' => 'localhost',
  'connection' => 'keep-alive',
  'upgrade-insecure-requests' => '1',
  'user-agent' => 'Mozilla/5.0 (Windows NT 6.1; WOW64) AppleWebKit/537.36 (KHTML, like Gecko) Chrome/63.0.3239.132 Safari/537.36',
  'accept' => 'text/html,application/xhtml+xml,application/xml;q=0.9,image/webp,image/apng,*/*;q=0.8',
  'accept-encoding' => 'gzip, deflate, br',
  'accept-language' => 'zh-CN,zh;q=0.9',
  'cookie' => '__guid=111872281.2834290831896422400.1536283749730.831; monitor_count=28',
)
[ info ] [ PARAM ] array (
)
[ info ] [ RUN ] app\home\controller\Index->index[ D:\soft\Apache24\htdocs\minprogramshop\youge\home\controller\Index.php ]
[ info ] [ DB ] INIT mysql
[ info ] [ VIEW ] D:\soft\Apache24\htdocs\minprogramshop/youge/home\view\index\index.html [ array (
  0 => 'footer',
  1 => 'list',
) ]
[ info ] [ LOG ] INIT File

---------------------------------------------------------------
[ 2018-09-18T13:21:52+08:00 ] ::1 ::1 GET /minprogramshop/manage/passport/login
[ log ] localhost/minprogramshop/manage/passport/login [运行时间：0.042000s][吞吐率：23.81req/s] [内存消耗：2,537.63kb] [文件加载：74]
[ info ] [ LANG ] D:\soft\Apache24\htdocs\minprogramshop\thinkphp\lang\zh-cn.php
[ info ] [ ROUTE ] array (
  'type' => 'module',
  'module' => 
  array (
    0 => 'manage',
    1 => 'passport',
    2 => 'login',
  ),
)
[ info ] [ HEADER ] array (
  'host' => 'localhost',
  'connection' => 'keep-alive',
  'upgrade-insecure-requests' => '1',
  'user-agent' => 'Mozilla/5.0 (Windows NT 6.1; WOW64) AppleWebKit/537.36 (KHTML, like Gecko) Chrome/63.0.3239.132 Safari/537.36',
  'accept' => 'text/html,application/xhtml+xml,application/xml;q=0.9,image/webp,image/apng,*/*;q=0.8',
  'referer' => 'http://localhost/minprogramshop/index.php',
  'accept-encoding' => 'gzip, deflate, br',
  'accept-language' => 'zh-CN,zh;q=0.9',
  'cookie' => '__guid=111872281.2834290831896422400.1536283749730.831; monitor_count=29',
)
[ info ] [ PARAM ] array (
)
[ info ] [ RUN ] app\manage\controller\Passport->login[ D:\soft\Apache24\htdocs\minprogramshop\youge\manage\controller\Passport.php ]
[ info ] [ VIEW ] D:\soft\Apache24\htdocs\minprogramshop/youge/manage\view\passport\login.html [ array (
) ]
[ info ] [ LOG ] INIT File

---------------------------------------------------------------
[ 2018-09-18T13:21:53+08:00 ] ::1 ::1 POST /minprogramshop/manage/passport/login.html
[ log ] localhost/minprogramshop/manage/passport/login.html [运行时间：0.146000s][吞吐率：6.85req/s] [内存消耗：3,552.26kb] [文件加载：86]
[ info ] [ LANG ] D:\soft\Apache24\htdocs\minprogramshop\thinkphp\lang\zh-cn.php
[ info ] [ ROUTE ] array (
  'type' => 'module',
  'module' => 
  array (
    0 => 'manage',
    1 => 'passport',
    2 => 'login',
  ),
)
[ info ] [ HEADER ] array (
  'host' => 'localhost',
  'connection' => 'keep-alive',
  'content-length' => '32',
  'accept' => 'application/json, text/javascript, */*; q=0.01',
  'origin' => 'http://localhost',
  'x-requested-with' => 'XMLHttpRequest',
  'user-agent' => 'Mozilla/5.0 (Windows NT 6.1; WOW64) AppleWebKit/537.36 (KHTML, like Gecko) Chrome/63.0.3239.132 Safari/537.36',
  'content-type' => 'application/x-www-form-urlencoded; charset=UTF-8',
  'referer' => 'http://localhost/minprogramshop/manage/passport/login',
  'accept-encoding' => 'gzip, deflate, br',
  'accept-language' => 'zh-CN,zh;q=0.9',
  'cookie' => '__guid=111872281.2834290831896422400.1536283749730.831; monitor_count=30',
)
[ info ] [ PARAM ] array (
  'mobile' => '861136242',
  'password' => '188632',
)
[ info ] [ RUN ] app\manage\controller\Passport->login[ D:\soft\Apache24\htdocs\minprogramshop\youge\manage\controller\Passport.php ]
[ info ] [ DB ] INIT mysql
[ info ] [ CACHE ] INIT File
[ info ] [ LOG ] INIT File

---------------------------------------------------------------
[ 2018-09-18T13:21:56+08:00 ] ::1 ::1 GET /minprogramshop/manage/index/index.html
[ log ] localhost/minprogramshop/manage/index/index.html [运行时间：0.129000s][吞吐率：7.75req/s] [内存消耗：3,740.38kb] [文件加载：89]
[ info ] [ LANG ] D:\soft\Apache24\htdocs\minprogramshop\thinkphp\lang\zh-cn.php
[ info ] [ ROUTE ] array (
  'type' => 'module',
  'module' => 
  array (
    0 => 'manage',
    1 => 'index',
    2 => 'index',
  ),
)
[ info ] [ HEADER ] array (
  'host' => 'localhost',
  'connection' => 'keep-alive',
  'upgrade-insecure-requests' => '1',
  'user-agent' => 'Mozilla/5.0 (Windows NT 6.1; WOW64) AppleWebKit/537.36 (KHTML, like Gecko) Chrome/63.0.3239.132 Safari/537.36',
  'accept' => 'text/html,application/xhtml+xml,application/xml;q=0.9,image/webp,image/apng,*/*;q=0.8',
  'referer' => 'http://localhost/minprogramshop/manage/passport/login',
  'accept-encoding' => 'gzip, deflate, br',
  'accept-language' => 'zh-CN,zh;q=0.9',
  'cookie' => '__guid=111872281.2834290831896422400.1536283749730.831; monitor_count=30; yougememberID=32eenW6m75Dp248J8%2FyC8upgbyY1jfH3BPwrZtln%2Fw6zoXasDTtziPqw38dicb9R95Cx',
)
[ info ] [ PARAM ] array (
)
[ info ] [ DB ] INIT mysql
[ info ] [ RUN ] app\manage\controller\Index->index[ D:\soft\Apache24\htdocs\minprogramshop\youge\manage\controller\Index.php ]
[ info ] [ VIEW ] D:\soft\Apache24\htdocs\minprogramshop/youge/manage\view\index\index.html [ array (
  0 => 'member',
  1 => 'leftMenus',
) ]
[ info ] [ CACHE ] INIT File
[ info ] [ LOG ] INIT File

---------------------------------------------------------------
[ 2018-09-18T13:21:56+08:00 ] ::1 ::1 GET /minprogramshop/manage/miniapp/index
[ log ] localhost/minprogramshop/manage/miniapp/index [运行时间：0.113000s][吞吐率：8.85req/s] [内存消耗：3,868.16kb] [文件加载：90]
[ info ] [ LANG ] D:\soft\Apache24\htdocs\minprogramshop\thinkphp\lang\zh-cn.php
[ info ] [ ROUTE ] array (
  'type' => 'module',
  'module' => 
  array (
    0 => 'manage',
    1 => 'miniapp',
    2 => 'index',
  ),
)
[ info ] [ HEADER ] array (
  'host' => 'localhost',
  'connection' => 'keep-alive',
  'upgrade-insecure-requests' => '1',
  'user-agent' => 'Mozilla/5.0 (Windows NT 6.1; WOW64) AppleWebKit/537.36 (KHTML, like Gecko) Chrome/63.0.3239.132 Safari/537.36',
  'accept' => 'text/html,application/xhtml+xml,application/xml;q=0.9,image/webp,image/apng,*/*;q=0.8',
  'referer' => 'http://localhost/minprogramshop/manage/index/index.html',
  'accept-encoding' => 'gzip, deflate, br',
  'accept-language' => 'zh-CN,zh;q=0.9',
  'cookie' => '__guid=111872281.2834290831896422400.1536283749730.831; yougememberID=32eenW6m75Dp248J8%2FyC8upgbyY1jfH3BPwrZtln%2Fw6zoXasDTtziPqw38dicb9R95Cx; monitor_count=31',
)
[ info ] [ PARAM ] array (
)
[ info ] [ DB ] INIT mysql
[ info ] [ RUN ] app\manage\controller\Miniapp->index[ D:\soft\Apache24\htdocs\minprogramshop\youge\manage\controller\Miniapp.php ]
[ info ] [ VIEW ] D:\soft\Apache24\htdocs\minprogramshop/youge/manage\view\miniapp\index.html [ array (
  0 => 'member',
  1 => 'leftMenus',
  2 => 'miniapp',
  3 => 'list',
  4 => 'page',
  5 => 'search',
) ]
[ info ] [ LOG ] INIT File

---------------------------------------------------------------
[ 2018-09-18T13:22:00+08:00 ] ::1 ::1 GET /minprogramshop/manage/miniapp/create.html
[ log ] localhost/minprogramshop/manage/miniapp/create.html [运行时间：2.220000s][吞吐率：0.45req/s] [内存消耗：3,778.18kb] [文件加载：91]
[ info ] [ LANG ] D:\soft\Apache24\htdocs\minprogramshop\thinkphp\lang\zh-cn.php
[ info ] [ ROUTE ] array (
  'type' => 'module',
  'module' => 
  array (
    0 => 'manage',
    1 => 'miniapp',
    2 => 'create',
  ),
)
[ info ] [ HEADER ] array (
  'host' => 'localhost',
  'connection' => 'keep-alive',
  'upgrade-insecure-requests' => '1',
  'user-agent' => 'Mozilla/5.0 (Windows NT 6.1; WOW64) AppleWebKit/537.36 (KHTML, like Gecko) Chrome/63.0.3239.132 Safari/537.36',
  'accept' => 'text/html,application/xhtml+xml,application/xml;q=0.9,image/webp,image/apng,*/*;q=0.8',
  'referer' => 'http://localhost/minprogramshop/manage/miniapp/index',
  'accept-encoding' => 'gzip, deflate, br',
  'accept-language' => 'zh-CN,zh;q=0.9',
  'cookie' => '__guid=111872281.2834290831896422400.1536283749730.831; yougememberID=32eenW6m75Dp248J8%2FyC8upgbyY1jfH3BPwrZtln%2Fw6zoXasDTtziPqw38dicb9R95Cx; monitor_count=31',
)
[ info ] [ PARAM ] array (
)
[ info ] [ DB ] INIT mysql
[ info ] [ RUN ] app\manage\controller\Miniapp->create[ D:\soft\Apache24\htdocs\minprogramshop\youge\manage\controller\Miniapp.php ]
[ info ] [ CACHE ] INIT File
[ info ] [ VIEW ] D:\soft\Apache24\htdocs\minprogramshop\thinkphp\tpl\dispatch_jump.tpl [ array (
  0 => 'member',
  1 => 'leftMenus',
  2 => 'code',
  3 => 'msg',
  4 => 'data',
  5 => 'url',
  6 => 'wait',
) ]
[ info ] [ LOG ] INIT File

---------------------------------------------------------------
[ 2018-09-18T13:22:03+08:00 ] ::1 ::1 GET /minprogramshop/public/admin/css/bootstrap.min.css.map
[ log ] localhost/minprogramshop/public/admin/css/bootstrap.min.css.map [运行时间：0.036000s][吞吐率：27.78req/s] [内存消耗：2,012.48kb] [文件加载：66]
[ info ] [ LANG ] D:\soft\Apache24\htdocs\minprogramshop\thinkphp\lang\zh-cn.php
[ info ] [ ROUTE ] array (
  'type' => 'module',
  'module' => 
  array (
    0 => 'public',
    1 => 'admin',
    2 => 'css',
  ),
)
[ info ] [ HEADER ] array (
  'host' => 'localhost',
  'connection' => 'keep-alive',
  'user-agent' => 'Mozilla/5.0 (Windows NT 6.1; WOW64) AppleWebKit/537.36 (KHTML, like Gecko) Chrome/63.0.3239.132 Safari/537.36',
  'accept-encoding' => 'gzip, deflate, br',
  'accept-language' => 'zh-CN,zh;q=0.9',
  'cookie' => '__guid=111872281.2834290831896422400.1536283749730.831; yougememberID=32eenW6m75Dp248J8%2FyC8upgbyY1jfH3BPwrZtln%2Fw6zoXasDTtziPqw38dicb9R95Cx; monitor_count=31',
)
[ info ] [ PARAM ] array (
)
[ info ] [ LOG ] INIT File

---------------------------------------------------------------
[ 2018-09-18T13:22:08+08:00 ] ::1 ::1 GET /minprogramshop/manage/miniapp/create.html
[ log ] localhost/minprogramshop/manage/miniapp/create.html [运行时间：0.368000s][吞吐率：2.72req/s] [内存消耗：3,778.18kb] [文件加载：91]
[ info ] [ LANG ] D:\soft\Apache24\htdocs\minprogramshop\thinkphp\lang\zh-cn.php
[ info ] [ ROUTE ] array (
  'type' => 'module',
  'module' => 
  array (
    0 => 'manage',
    1 => 'miniapp',
    2 => 'create',
  ),
)
[ info ] [ HEADER ] array (
  'host' => 'localhost',
  'connection' => 'keep-alive',
  'upgrade-insecure-requests' => '1',
  'user-agent' => 'Mozilla/5.0 (Windows NT 6.1; WOW64) AppleWebKit/537.36 (KHTML, like Gecko) Chrome/63.0.3239.132 Safari/537.36',
  'accept' => 'text/html,application/xhtml+xml,application/xml;q=0.9,image/webp,image/apng,*/*;q=0.8',
  'referer' => 'http://localhost/minprogramshop/manage/miniapp/index',
  'accept-encoding' => 'gzip, deflate, br',
  'accept-language' => 'zh-CN,zh;q=0.9',
  'cookie' => '__guid=111872281.2834290831896422400.1536283749730.831; yougememberID=32eenW6m75Dp248J8%2FyC8upgbyY1jfH3BPwrZtln%2Fw6zoXasDTtziPqw38dicb9R95Cx; monitor_count=31',
)
[ info ] [ PARAM ] array (
)
[ info ] [ DB ] INIT mysql
[ info ] [ RUN ] app\manage\controller\Miniapp->create[ D:\soft\Apache24\htdocs\minprogramshop\youge\manage\controller\Miniapp.php ]
[ info ] [ CACHE ] INIT File
[ info ] [ VIEW ] D:\soft\Apache24\htdocs\minprogramshop\thinkphp\tpl\dispatch_jump.tpl [ array (
  0 => 'member',
  1 => 'leftMenus',
  2 => 'code',
  3 => 'msg',
  4 => 'data',
  5 => 'url',
  6 => 'wait',
) ]
[ info ] [ LOG ] INIT File

---------------------------------------------------------------
[ 2018-09-18T13:22:11+08:00 ] ::1 ::1 GET /minprogramshop/public/admin/css/bootstrap.min.css.map
[ log ] localhost/minprogramshop/public/admin/css/bootstrap.min.css.map [运行时间：0.060000s][吞吐率：16.67req/s] [内存消耗：2,012.48kb] [文件加载：66]
[ info ] [ LANG ] D:\soft\Apache24\htdocs\minprogramshop\thinkphp\lang\zh-cn.php
[ info ] [ ROUTE ] array (
  'type' => 'module',
  'module' => 
  array (
    0 => 'public',
    1 => 'admin',
    2 => 'css',
  ),
)
[ info ] [ HEADER ] array (
  'host' => 'localhost',
  'connection' => 'keep-alive',
  'user-agent' => 'Mozilla/5.0 (Windows NT 6.1; WOW64) AppleWebKit/537.36 (KHTML, like Gecko) Chrome/63.0.3239.132 Safari/537.36',
  'accept-encoding' => 'gzip, deflate, br',
  'accept-language' => 'zh-CN,zh;q=0.9',
  'cookie' => '__guid=111872281.2834290831896422400.1536283749730.831; yougememberID=32eenW6m75Dp248J8%2FyC8upgbyY1jfH3BPwrZtln%2Fw6zoXasDTtziPqw38dicb9R95Cx; monitor_count=31',
)
[ info ] [ PARAM ] array (
)
[ info ] [ LOG ] INIT File

---------------------------------------------------------------
[ 2018-09-18T13:43:26+08:00 ] ::1 ::1 GET /minprogramshop/manage/index/index.html
[ log ] localhost/minprogramshop/manage/index/index.html [运行时间：0.101000s][吞吐率：9.90req/s] [内存消耗：3,740.46kb] [文件加载：89]
[ info ] [ LANG ] D:\soft\Apache24\htdocs\minprogramshop\thinkphp\lang\zh-cn.php
[ info ] [ ROUTE ] array (
  'type' => 'module',
  'module' => 
  array (
    0 => 'manage',
    1 => 'index',
    2 => 'index',
  ),
)
[ info ] [ HEADER ] array (
  'host' => 'localhost',
  'connection' => 'keep-alive',
  'cache-control' => 'max-age=0',
  'upgrade-insecure-requests' => '1',
  'user-agent' => 'Mozilla/5.0 (Windows NT 6.1; WOW64) AppleWebKit/537.36 (KHTML, like Gecko) Chrome/63.0.3239.132 Safari/537.36',
  'accept' => 'text/html,application/xhtml+xml,application/xml;q=0.9,image/webp,image/apng,*/*;q=0.8',
  'referer' => 'http://localhost/minprogramshop/manage/passport/login',
  'accept-encoding' => 'gzip, deflate, br',
  'accept-language' => 'zh-CN,zh;q=0.9',
  'cookie' => '__guid=111872281.2834290831896422400.1536283749730.831; yougememberID=32eenW6m75Dp248J8%2FyC8upgbyY1jfH3BPwrZtln%2Fw6zoXasDTtziPqw38dicb9R95Cx; monitor_count=31',
)
[ info ] [ PARAM ] array (
)
[ info ] [ DB ] INIT mysql
[ info ] [ RUN ] app\manage\controller\Index->index[ D:\soft\Apache24\htdocs\minprogramshop\youge\manage\controller\Index.php ]
[ info ] [ VIEW ] D:\soft\Apache24\htdocs\minprogramshop/youge/manage\view\index\index.html [ array (
  0 => 'member',
  1 => 'leftMenus',
) ]
[ info ] [ CACHE ] INIT File
[ info ] [ LOG ] INIT File

---------------------------------------------------------------
[ 2018-09-18T13:43:26+08:00 ] ::1 ::1 GET /minprogramshop/public/admin/css/bootstrap.min.css.map
[ log ] localhost/minprogramshop/public/admin/css/bootstrap.min.css.map [运行时间：0.028000s][吞吐率：35.71req/s] [内存消耗：2,012.48kb] [文件加载：66]
[ info ] [ LANG ] D:\soft\Apache24\htdocs\minprogramshop\thinkphp\lang\zh-cn.php
[ info ] [ ROUTE ] array (
  'type' => 'module',
  'module' => 
  array (
    0 => 'public',
    1 => 'admin',
    2 => 'css',
  ),
)
[ info ] [ HEADER ] array (
  'host' => 'localhost',
  'connection' => 'keep-alive',
  'user-agent' => 'Mozilla/5.0 (Windows NT 6.1; WOW64) AppleWebKit/537.36 (KHTML, like Gecko) Chrome/63.0.3239.132 Safari/537.36',
  'accept-encoding' => 'gzip, deflate, br',
  'accept-language' => 'zh-CN,zh;q=0.9',
  'cookie' => '__guid=111872281.2834290831896422400.1536283749730.831; yougememberID=32eenW6m75Dp248J8%2FyC8upgbyY1jfH3BPwrZtln%2Fw6zoXasDTtziPqw38dicb9R95Cx; monitor_count=32',
)
[ info ] [ PARAM ] array (
)
[ info ] [ LOG ] INIT File

---------------------------------------------------------------
[ 2018-09-18T13:43:26+08:00 ] ::1 ::1 GET /minprogramshop/manage/miniapp/index
[ log ] localhost/minprogramshop/manage/miniapp/index [运行时间：0.085000s][吞吐率：11.76req/s] [内存消耗：3,868.16kb] [文件加载：90]
[ info ] [ LANG ] D:\soft\Apache24\htdocs\minprogramshop\thinkphp\lang\zh-cn.php
[ info ] [ ROUTE ] array (
  'type' => 'module',
  'module' => 
  array (
    0 => 'manage',
    1 => 'miniapp',
    2 => 'index',
  ),
)
[ info ] [ HEADER ] array (
  'host' => 'localhost',
  'connection' => 'keep-alive',
  'upgrade-insecure-requests' => '1',
  'user-agent' => 'Mozilla/5.0 (Windows NT 6.1; WOW64) AppleWebKit/537.36 (KHTML, like Gecko) Chrome/63.0.3239.132 Safari/537.36',
  'accept' => 'text/html,application/xhtml+xml,application/xml;q=0.9,image/webp,image/apng,*/*;q=0.8',
  'referer' => 'http://localhost/minprogramshop/manage/index/index.html',
  'accept-encoding' => 'gzip, deflate, br',
  'accept-language' => 'zh-CN,zh;q=0.9',
  'cookie' => '__guid=111872281.2834290831896422400.1536283749730.831; yougememberID=32eenW6m75Dp248J8%2FyC8upgbyY1jfH3BPwrZtln%2Fw6zoXasDTtziPqw38dicb9R95Cx; monitor_count=32',
)
[ info ] [ PARAM ] array (
)
[ info ] [ DB ] INIT mysql
[ info ] [ RUN ] app\manage\controller\Miniapp->index[ D:\soft\Apache24\htdocs\minprogramshop\youge\manage\controller\Miniapp.php ]
[ info ] [ VIEW ] D:\soft\Apache24\htdocs\minprogramshop/youge/manage\view\miniapp\index.html [ array (
  0 => 'member',
  1 => 'leftMenus',
  2 => 'miniapp',
  3 => 'list',
  4 => 'page',
  5 => 'search',
) ]
[ info ] [ LOG ] INIT File

---------------------------------------------------------------
[ 2018-09-18T13:43:26+08:00 ] ::1 ::1 GET /minprogramshop/public/admin/css/bootstrap.min.css.map
[ log ] localhost/minprogramshop/public/admin/css/bootstrap.min.css.map [运行时间：0.029000s][吞吐率：34.48req/s] [内存消耗：2,012.48kb] [文件加载：66]
[ info ] [ LANG ] D:\soft\Apache24\htdocs\minprogramshop\thinkphp\lang\zh-cn.php
[ info ] [ ROUTE ] array (
  'type' => 'module',
  'module' => 
  array (
    0 => 'public',
    1 => 'admin',
    2 => 'css',
  ),
)
[ info ] [ HEADER ] array (
  'host' => 'localhost',
  'connection' => 'keep-alive',
  'user-agent' => 'Mozilla/5.0 (Windows NT 6.1; WOW64) AppleWebKit/537.36 (KHTML, like Gecko) Chrome/63.0.3239.132 Safari/537.36',
  'accept-encoding' => 'gzip, deflate, br',
  'accept-language' => 'zh-CN,zh;q=0.9',
  'cookie' => '__guid=111872281.2834290831896422400.1536283749730.831; yougememberID=32eenW6m75Dp248J8%2FyC8upgbyY1jfH3BPwrZtln%2Fw6zoXasDTtziPqw38dicb9R95Cx; monitor_count=32',
)
[ info ] [ PARAM ] array (
)
[ info ] [ LOG ] INIT File

---------------------------------------------------------------
[ 2018-09-18T13:43:28+08:00 ] ::1 ::1 GET /minprogramshop/manage/miniapp/create.html
[ log ] localhost/minprogramshop/manage/miniapp/create.html [运行时间：0.440000s][吞吐率：2.27req/s] [内存消耗：3,778.21kb] [文件加载：91]
[ info ] [ LANG ] D:\soft\Apache24\htdocs\minprogramshop\thinkphp\lang\zh-cn.php
[ info ] [ ROUTE ] array (
  'type' => 'module',
  'module' => 
  array (
    0 => 'manage',
    1 => 'miniapp',
    2 => 'create',
  ),
)
[ info ] [ HEADER ] array (
  'host' => 'localhost',
  'connection' => 'keep-alive',
  'upgrade-insecure-requests' => '1',
  'user-agent' => 'Mozilla/5.0 (Windows NT 6.1; WOW64) AppleWebKit/537.36 (KHTML, like Gecko) Chrome/63.0.3239.132 Safari/537.36',
  'accept' => 'text/html,application/xhtml+xml,application/xml;q=0.9,image/webp,image/apng,*/*;q=0.8',
  'referer' => 'http://localhost/minprogramshop/manage/miniapp/index',
  'accept-encoding' => 'gzip, deflate, br',
  'accept-language' => 'zh-CN,zh;q=0.9',
  'cookie' => '__guid=111872281.2834290831896422400.1536283749730.831; yougememberID=32eenW6m75Dp248J8%2FyC8upgbyY1jfH3BPwrZtln%2Fw6zoXasDTtziPqw38dicb9R95Cx; monitor_count=32',
)
[ info ] [ PARAM ] array (
)
[ info ] [ DB ] INIT mysql
[ info ] [ RUN ] app\manage\controller\Miniapp->create[ D:\soft\Apache24\htdocs\minprogramshop\youge\manage\controller\Miniapp.php ]
[ info ] [ CACHE ] INIT File
[ info ] [ VIEW ] D:\soft\Apache24\htdocs\minprogramshop\thinkphp\tpl\dispatch_jump.tpl [ array (
  0 => 'member',
  1 => 'leftMenus',
  2 => 'code',
  3 => 'msg',
  4 => 'data',
  5 => 'url',
  6 => 'wait',
) ]
[ info ] [ LOG ] INIT File

---------------------------------------------------------------
[ 2018-09-18T13:43:31+08:00 ] ::1 ::1 GET /minprogramshop/public/admin/css/bootstrap.min.css.map
[ log ] localhost/minprogramshop/public/admin/css/bootstrap.min.css.map [运行时间：0.027000s][吞吐率：37.04req/s] [内存消耗：2,012.48kb] [文件加载：66]
[ info ] [ LANG ] D:\soft\Apache24\htdocs\minprogramshop\thinkphp\lang\zh-cn.php
[ info ] [ ROUTE ] array (
  'type' => 'module',
  'module' => 
  array (
    0 => 'public',
    1 => 'admin',
    2 => 'css',
  ),
)
[ info ] [ HEADER ] array (
  'host' => 'localhost',
  'connection' => 'keep-alive',
  'user-agent' => 'Mozilla/5.0 (Windows NT 6.1; WOW64) AppleWebKit/537.36 (KHTML, like Gecko) Chrome/63.0.3239.132 Safari/537.36',
  'accept-encoding' => 'gzip, deflate, br',
  'accept-language' => 'zh-CN,zh;q=0.9',
  'cookie' => '__guid=111872281.2834290831896422400.1536283749730.831; yougememberID=32eenW6m75Dp248J8%2FyC8upgbyY1jfH3BPwrZtln%2Fw6zoXasDTtziPqw38dicb9R95Cx; monitor_count=32',
)
[ info ] [ PARAM ] array (
)
[ info ] [ LOG ] INIT File

---------------------------------------------------------------
[ 2018-09-18T13:43:32+08:00 ] ::1 ::1 GET /minprogramshop/manage/miniapp/create.html
[ log ] localhost/minprogramshop/manage/miniapp/create.html [运行时间：0.359000s][吞吐率：2.79req/s] [内存消耗：3,778.21kb] [文件加载：91]
[ info ] [ LANG ] D:\soft\Apache24\htdocs\minprogramshop\thinkphp\lang\zh-cn.php
[ info ] [ ROUTE ] array (
  'type' => 'module',
  'module' => 
  array (
    0 => 'manage',
    1 => 'miniapp',
    2 => 'create',
  ),
)
[ info ] [ HEADER ] array (
  'host' => 'localhost',
  'connection' => 'keep-alive',
  'upgrade-insecure-requests' => '1',
  'user-agent' => 'Mozilla/5.0 (Windows NT 6.1; WOW64) AppleWebKit/537.36 (KHTML, like Gecko) Chrome/63.0.3239.132 Safari/537.36',
  'accept' => 'text/html,application/xhtml+xml,application/xml;q=0.9,image/webp,image/apng,*/*;q=0.8',
  'referer' => 'http://localhost/minprogramshop/manage/miniapp/index',
  'accept-encoding' => 'gzip, deflate, br',
  'accept-language' => 'zh-CN,zh;q=0.9',
  'cookie' => '__guid=111872281.2834290831896422400.1536283749730.831; yougememberID=32eenW6m75Dp248J8%2FyC8upgbyY1jfH3BPwrZtln%2Fw6zoXasDTtziPqw38dicb9R95Cx; monitor_count=32',
)
[ info ] [ PARAM ] array (
)
[ info ] [ DB ] INIT mysql
[ info ] [ RUN ] app\manage\controller\Miniapp->create[ D:\soft\Apache24\htdocs\minprogramshop\youge\manage\controller\Miniapp.php ]
[ info ] [ CACHE ] INIT File
[ info ] [ VIEW ] D:\soft\Apache24\htdocs\minprogramshop\thinkphp\tpl\dispatch_jump.tpl [ array (
  0 => 'member',
  1 => 'leftMenus',
  2 => 'code',
  3 => 'msg',
  4 => 'data',
  5 => 'url',
  6 => 'wait',
) ]
[ info ] [ LOG ] INIT File

---------------------------------------------------------------
[ 2018-09-18T13:43:35+08:00 ] ::1 ::1 GET /minprogramshop/public/admin/css/bootstrap.min.css.map
[ log ] localhost/minprogramshop/public/admin/css/bootstrap.min.css.map [运行时间：0.031000s][吞吐率：32.26req/s] [内存消耗：2,012.48kb] [文件加载：66]
[ info ] [ LANG ] D:\soft\Apache24\htdocs\minprogramshop\thinkphp\lang\zh-cn.php
[ info ] [ ROUTE ] array (
  'type' => 'module',
  'module' => 
  array (
    0 => 'public',
    1 => 'admin',
    2 => 'css',
  ),
)
[ info ] [ HEADER ] array (
  'host' => 'localhost',
  'connection' => 'keep-alive',
  'user-agent' => 'Mozilla/5.0 (Windows NT 6.1; WOW64) AppleWebKit/537.36 (KHTML, like Gecko) Chrome/63.0.3239.132 Safari/537.36',
  'accept-encoding' => 'gzip, deflate, br',
  'accept-language' => 'zh-CN,zh;q=0.9',
  'cookie' => '__guid=111872281.2834290831896422400.1536283749730.831; yougememberID=32eenW6m75Dp248J8%2FyC8upgbyY1jfH3BPwrZtln%2Fw6zoXasDTtziPqw38dicb9R95Cx; monitor_count=32',
)
[ info ] [ PARAM ] array (
)
[ info ] [ LOG ] INIT File

---------------------------------------------------------------
[ 2018-09-18T13:43:37+08:00 ] ::1 ::1 GET /minprogramshop/manage/miniapp/create.html
[ log ] localhost/minprogramshop/manage/miniapp/create.html [运行时间：0.364000s][吞吐率：2.75req/s] [内存消耗：3,778.21kb] [文件加载：91]
[ info ] [ LANG ] D:\soft\Apache24\htdocs\minprogramshop\thinkphp\lang\zh-cn.php
[ info ] [ ROUTE ] array (
  'type' => 'module',
  'module' => 
  array (
    0 => 'manage',
    1 => 'miniapp',
    2 => 'create',
  ),
)
[ info ] [ HEADER ] array (
  'host' => 'localhost',
  'connection' => 'keep-alive',
  'upgrade-insecure-requests' => '1',
  'user-agent' => 'Mozilla/5.0 (Windows NT 6.1; WOW64) AppleWebKit/537.36 (KHTML, like Gecko) Chrome/63.0.3239.132 Safari/537.36',
  'accept' => 'text/html,application/xhtml+xml,application/xml;q=0.9,image/webp,image/apng,*/*;q=0.8',
  'referer' => 'http://localhost/minprogramshop/manage/miniapp/index',
  'accept-encoding' => 'gzip, deflate, br',
  'accept-language' => 'zh-CN,zh;q=0.9',
  'cookie' => '__guid=111872281.2834290831896422400.1536283749730.831; yougememberID=32eenW6m75Dp248J8%2FyC8upgbyY1jfH3BPwrZtln%2Fw6zoXasDTtziPqw38dicb9R95Cx; monitor_count=32',
)
[ info ] [ PARAM ] array (
)
[ info ] [ DB ] INIT mysql
[ info ] [ RUN ] app\manage\controller\Miniapp->create[ D:\soft\Apache24\htdocs\minprogramshop\youge\manage\controller\Miniapp.php ]
[ info ] [ CACHE ] INIT File
[ info ] [ VIEW ] D:\soft\Apache24\htdocs\minprogramshop\thinkphp\tpl\dispatch_jump.tpl [ array (
  0 => 'member',
  1 => 'leftMenus',
  2 => 'code',
  3 => 'msg',
  4 => 'data',
  5 => 'url',
  6 => 'wait',
) ]
[ info ] [ LOG ] INIT File

---------------------------------------------------------------
[ 2018-09-18T13:43:40+08:00 ] ::1 ::1 GET /minprogramshop/public/admin/css/bootstrap.min.css.map
[ log ] localhost/minprogramshop/public/admin/css/bootstrap.min.css.map [运行时间：0.024000s][吞吐率：41.67req/s] [内存消耗：2,012.48kb] [文件加载：66]
[ info ] [ LANG ] D:\soft\Apache24\htdocs\minprogramshop\thinkphp\lang\zh-cn.php
[ info ] [ ROUTE ] array (
  'type' => 'module',
  'module' => 
  array (
    0 => 'public',
    1 => 'admin',
    2 => 'css',
  ),
)
[ info ] [ HEADER ] array (
  'host' => 'localhost',
  'connection' => 'keep-alive',
  'user-agent' => 'Mozilla/5.0 (Windows NT 6.1; WOW64) AppleWebKit/537.36 (KHTML, like Gecko) Chrome/63.0.3239.132 Safari/537.36',
  'accept-encoding' => 'gzip, deflate, br',
  'accept-language' => 'zh-CN,zh;q=0.9',
  'cookie' => '__guid=111872281.2834290831896422400.1536283749730.831; yougememberID=32eenW6m75Dp248J8%2FyC8upgbyY1jfH3BPwrZtln%2Fw6zoXasDTtziPqw38dicb9R95Cx; monitor_count=32',
)
[ info ] [ PARAM ] array (
)
[ info ] [ LOG ] INIT File

---------------------------------------------------------------
[ 2018-09-18T13:43:56+08:00 ] ::1 ::1 GET /minprogramshop/manage/miniapp/create.html
[ log ] localhost/minprogramshop/manage/miniapp/create.html [运行时间：0.360000s][吞吐率：2.78req/s] [内存消耗：3,778.21kb] [文件加载：91]
[ info ] [ LANG ] D:\soft\Apache24\htdocs\minprogramshop\thinkphp\lang\zh-cn.php
[ info ] [ ROUTE ] array (
  'type' => 'module',
  'module' => 
  array (
    0 => 'manage',
    1 => 'miniapp',
    2 => 'create',
  ),
)
[ info ] [ HEADER ] array (
  'host' => 'localhost',
  'connection' => 'keep-alive',
  'upgrade-insecure-requests' => '1',
  'user-agent' => 'Mozilla/5.0 (Windows NT 6.1; WOW64) AppleWebKit/537.36 (KHTML, like Gecko) Chrome/63.0.3239.132 Safari/537.36',
  'accept' => 'text/html,application/xhtml+xml,application/xml;q=0.9,image/webp,image/apng,*/*;q=0.8',
  'referer' => 'http://localhost/minprogramshop/manage/miniapp/index',
  'accept-encoding' => 'gzip, deflate, br',
  'accept-language' => 'zh-CN,zh;q=0.9',
  'cookie' => '__guid=111872281.2834290831896422400.1536283749730.831; yougememberID=32eenW6m75Dp248J8%2FyC8upgbyY1jfH3BPwrZtln%2Fw6zoXasDTtziPqw38dicb9R95Cx; monitor_count=32',
)
[ info ] [ PARAM ] array (
)
[ info ] [ DB ] INIT mysql
[ info ] [ RUN ] app\manage\controller\Miniapp->create[ D:\soft\Apache24\htdocs\minprogramshop\youge\manage\controller\Miniapp.php ]
[ info ] [ CACHE ] INIT File
[ info ] [ VIEW ] D:\soft\Apache24\htdocs\minprogramshop\thinkphp\tpl\dispatch_jump.tpl [ array (
  0 => 'member',
  1 => 'leftMenus',
  2 => 'code',
  3 => 'msg',
  4 => 'data',
  5 => 'url',
  6 => 'wait',
) ]
[ info ] [ LOG ] INIT File

---------------------------------------------------------------
[ 2018-09-18T13:43:59+08:00 ] ::1 ::1 GET /minprogramshop/public/admin/css/bootstrap.min.css.map
[ log ] localhost/minprogramshop/public/admin/css/bootstrap.min.css.map [运行时间：0.029000s][吞吐率：34.48req/s] [内存消耗：2,012.48kb] [文件加载：66]
[ info ] [ LANG ] D:\soft\Apache24\htdocs\minprogramshop\thinkphp\lang\zh-cn.php
[ info ] [ ROUTE ] array (
  'type' => 'module',
  'module' => 
  array (
    0 => 'public',
    1 => 'admin',
    2 => 'css',
  ),
)
[ info ] [ HEADER ] array (
  'host' => 'localhost',
  'connection' => 'keep-alive',
  'user-agent' => 'Mozilla/5.0 (Windows NT 6.1; WOW64) AppleWebKit/537.36 (KHTML, like Gecko) Chrome/63.0.3239.132 Safari/537.36',
  'accept-encoding' => 'gzip, deflate, br',
  'accept-language' => 'zh-CN,zh;q=0.9',
  'cookie' => '__guid=111872281.2834290831896422400.1536283749730.831; yougememberID=32eenW6m75Dp248J8%2FyC8upgbyY1jfH3BPwrZtln%2Fw6zoXasDTtziPqw38dicb9R95Cx; monitor_count=32',
)
[ info ] [ PARAM ] array (
)
[ info ] [ LOG ] INIT File

---------------------------------------------------------------
[ 2018-09-18T14:12:53+08:00 ] ::1 ::1 GET /minprogramshop/manage/miniapp/callback
[ log ] localhost/minprogramshop/manage/miniapp/callback [运行时间：0.070000s][吞吐率：14.29req/s] [内存消耗：3,529.77kb] [文件加载：85]
[ info ] [ LANG ] D:\soft\Apache24\htdocs\minprogramshop\thinkphp\lang\zh-cn.php
[ info ] [ ROUTE ] array (
  'type' => 'module',
  'module' => 
  array (
    0 => 'manage',
    1 => 'miniapp',
    2 => 'callback',
  ),
)
[ info ] [ HEADER ] array (
  'host' => 'localhost',
  'connection' => 'keep-alive',
  'upgrade-insecure-requests' => '1',
  'user-agent' => 'Mozilla/5.0 (Windows NT 6.1; WOW64) AppleWebKit/537.36 (KHTML, like Gecko) Chrome/63.0.3239.132 Safari/537.36',
  'accept' => 'text/html,application/xhtml+xml,application/xml;q=0.9,image/webp,image/apng,*/*;q=0.8',
  'accept-encoding' => 'gzip, deflate, br',
  'accept-language' => 'zh-CN,zh;q=0.9',
  'cookie' => '__guid=111872281.2834290831896422400.1536283749730.831; yougememberID=32eenW6m75Dp248J8%2FyC8upgbyY1jfH3BPwrZtln%2Fw6zoXasDTtziPqw38dicb9R95Cx; monitor_count=32',
)
[ info ] [ PARAM ] array (
)
[ info ] [ DB ] INIT mysql
[ info ] [ RUN ] app\manage\controller\Miniapp->callback[ D:\soft\Apache24\htdocs\minprogramshop\youge\manage\controller\Miniapp.php ]
[ info ] [ LOG ] INIT File
[ error ] [4096]Object of class think\Request could not be converted to string[D:\soft\Apache24\htdocs\minprogramshop\youge\manage\controller\Miniapp.php:38]

---------------------------------------------------------------
[ 2018-09-18T14:14:26+08:00 ] ::1 ::1 GET /minprogramshop/manage/miniapp/callback
[ log ] localhost/minprogramshop/manage/miniapp/callback [运行时间：0.067000s][吞吐率：14.93req/s] [内存消耗：3,685.77kb] [文件加载：86]
[ info ] [ LANG ] D:\soft\Apache24\htdocs\minprogramshop\thinkphp\lang\zh-cn.php
[ info ] [ ROUTE ] array (
  'type' => 'module',
  'module' => 
  array (
    0 => 'manage',
    1 => 'miniapp',
    2 => 'callback',
  ),
)
[ info ] [ HEADER ] array (
  'host' => 'localhost',
  'connection' => 'keep-alive',
  'cache-control' => 'max-age=0',
  'upgrade-insecure-requests' => '1',
  'user-agent' => 'Mozilla/5.0 (Windows NT 6.1; WOW64) AppleWebKit/537.36 (KHTML, like Gecko) Chrome/63.0.3239.132 Safari/537.36',
  'accept' => 'text/html,application/xhtml+xml,application/xml;q=0.9,image/webp,image/apng,*/*;q=0.8',
  'accept-encoding' => 'gzip, deflate, br',
  'accept-language' => 'zh-CN,zh;q=0.9',
  'cookie' => '__guid=111872281.2834290831896422400.1536283749730.831; yougememberID=32eenW6m75Dp248J8%2FyC8upgbyY1jfH3BPwrZtln%2Fw6zoXasDTtziPqw38dicb9R95Cx; monitor_count=33',
)
[ info ] [ PARAM ] array (
)
[ info ] [ DB ] INIT mysql
[ info ] [ RUN ] app\manage\controller\Miniapp->callback[ D:\soft\Apache24\htdocs\minprogramshop\youge\manage\controller\Miniapp.php ]
[ info ] [ VIEW ] D:\soft\Apache24\htdocs\minprogramshop\thinkphp\tpl\dispatch_jump.tpl [ array (
  0 => 'member',
  1 => 'leftMenus',
  2 => 'code',
  3 => 'msg',
  4 => 'data',
  5 => 'url',
  6 => 'wait',
) ]
[ info ] [ LOG ] INIT File

---------------------------------------------------------------
[ 2018-09-18T14:15:26+08:00 ] ::1 ::1 GET /minprogramshop/manage/miniapp/callback
[ log ] localhost/minprogramshop/manage/miniapp/callback [运行时间：0.073000s][吞吐率：13.70req/s] [内存消耗：3,385.37kb] [文件加载：80]
[ info ] [ LANG ] D:\soft\Apache24\htdocs\minprogramshop\thinkphp\lang\zh-cn.php
[ info ] [ ROUTE ] array (
  'type' => 'module',
  'module' => 
  array (
    0 => 'manage',
    1 => 'miniapp',
    2 => 'callback',
  ),
)
[ info ] [ HEADER ] array (
  'host' => 'localhost',
  'connection' => 'keep-alive',
  'cache-control' => 'max-age=0',
  'upgrade-insecure-requests' => '1',
  'user-agent' => 'Mozilla/5.0 (Windows NT 6.1; WOW64) AppleWebKit/537.36 (KHTML, like Gecko) Chrome/63.0.3239.132 Safari/537.36',
  'accept' => 'text/html,application/xhtml+xml,application/xml;q=0.9,image/webp,image/apng,*/*;q=0.8',
  'accept-encoding' => 'gzip, deflate, br',
  'accept-language' => 'zh-CN,zh;q=0.9',
  'cookie' => '__guid=111872281.2834290831896422400.1536283749730.831; yougememberID=32eenW6m75Dp248J8%2FyC8upgbyY1jfH3BPwrZtln%2Fw6zoXasDTtziPqw38dicb9R95Cx; monitor_count=40',
)
[ info ] [ PARAM ] array (
)
[ info ] [ DB ] INIT mysql
[ info ] [ RUN ] app\manage\controller\Miniapp->callback[ D:\soft\Apache24\htdocs\minprogramshop\youge\manage\controller\Miniapp.php ]
[ info ] [ LOG ] INIT File

---------------------------------------------------------------
[ 2018-09-18T14:15:27+08:00 ] ::1 ::1 GET /minprogramshop/manage/miniapp/callback
[ log ] localhost/minprogramshop/manage/miniapp/callback [运行时间：0.054000s][吞吐率：18.52req/s] [内存消耗：3,385.37kb] [文件加载：80]
[ info ] [ LANG ] D:\soft\Apache24\htdocs\minprogramshop\thinkphp\lang\zh-cn.php
[ info ] [ ROUTE ] array (
  'type' => 'module',
  'module' => 
  array (
    0 => 'manage',
    1 => 'miniapp',
    2 => 'callback',
  ),
)
[ info ] [ HEADER ] array (
  'host' => 'localhost',
  'connection' => 'keep-alive',
  'cache-control' => 'max-age=0',
  'upgrade-insecure-requests' => '1',
  'user-agent' => 'Mozilla/5.0 (Windows NT 6.1; WOW64) AppleWebKit/537.36 (KHTML, like Gecko) Chrome/63.0.3239.132 Safari/537.36',
  'accept' => 'text/html,application/xhtml+xml,application/xml;q=0.9,image/webp,image/apng,*/*;q=0.8',
  'accept-encoding' => 'gzip, deflate, br',
  'accept-language' => 'zh-CN,zh;q=0.9',
  'cookie' => '__guid=111872281.2834290831896422400.1536283749730.831; yougememberID=32eenW6m75Dp248J8%2FyC8upgbyY1jfH3BPwrZtln%2Fw6zoXasDTtziPqw38dicb9R95Cx; monitor_count=41',
)
[ info ] [ PARAM ] array (
)
[ info ] [ DB ] INIT mysql
[ info ] [ RUN ] app\manage\controller\Miniapp->callback[ D:\soft\Apache24\htdocs\minprogramshop\youge\manage\controller\Miniapp.php ]
[ info ] [ LOG ] INIT File

---------------------------------------------------------------
[ 2018-09-18T14:21:14+08:00 ] ::1 ::1 GET /minprogramshop/public/admin/css/bootstrap.min.css.map
[ log ] localhost/minprogramshop/public/admin/css/bootstrap.min.css.map [运行时间：0.027000s][吞吐率：37.04req/s] [内存消耗：2,012.48kb] [文件加载：66]
[ info ] [ LANG ] D:\soft\Apache24\htdocs\minprogramshop\thinkphp\lang\zh-cn.php
[ info ] [ ROUTE ] array (
  'type' => 'module',
  'module' => 
  array (
    0 => 'public',
    1 => 'admin',
    2 => 'css',
  ),
)
[ info ] [ HEADER ] array (
  'host' => 'localhost',
  'connection' => 'keep-alive',
  'user-agent' => 'Mozilla/5.0 (Windows NT 6.1; WOW64) AppleWebKit/537.36 (KHTML, like Gecko) Chrome/63.0.3239.132 Safari/537.36',
  'accept-encoding' => 'gzip, deflate, br',
  'accept-language' => 'zh-CN,zh;q=0.9',
  'cookie' => '__guid=111872281.2834290831896422400.1536283749730.831; yougememberID=32eenW6m75Dp248J8%2FyC8upgbyY1jfH3BPwrZtln%2Fw6zoXasDTtziPqw38dicb9R95Cx; monitor_count=43',
)
[ info ] [ PARAM ] array (
)
[ info ] [ LOG ] INIT File

---------------------------------------------------------------
[ 2018-09-18T14:46:09+08:00 ] ::1 ::1 GET /minprogramshop/weixin/Auth/index
[ log ] localhost/minprogramshop/weixin/Auth/index [运行时间：0.040000s][吞吐率：25.00req/s] [内存消耗：2,328.86kb] [文件加载：76]
[ info ] [ LANG ] D:\soft\Apache24\htdocs\minprogramshop\thinkphp\lang\zh-cn.php
[ info ] [ ROUTE ] array (
  'type' => 'module',
  'module' => 
  array (
    0 => 'weixin',
    1 => 'Auth',
    2 => 'index',
  ),
)
[ info ] [ HEADER ] array (
  'host' => 'localhost',
  'connection' => 'keep-alive',
  'upgrade-insecure-requests' => '1',
  'user-agent' => 'Mozilla/5.0 (Windows NT 6.1; WOW64) AppleWebKit/537.36 (KHTML, like Gecko) Chrome/63.0.3239.132 Safari/537.36',
  'accept' => 'text/html,application/xhtml+xml,application/xml;q=0.9,image/webp,image/apng,*/*;q=0.8',
  'accept-encoding' => 'gzip, deflate, br',
  'accept-language' => 'zh-CN,zh;q=0.9',
  'cookie' => '__guid=111872281.2834290831896422400.1536283749730.831; yougememberID=32eenW6m75Dp248J8%2FyC8upgbyY1jfH3BPwrZtln%2Fw6zoXasDTtziPqw38dicb9R95Cx; monitor_count=43',
)
[ info ] [ PARAM ] array (
)
[ info ] [ RUN ] app\weixin\controller\Auth->index[ D:\soft\Apache24\htdocs\minprogramshop\youge\weixin\controller\Auth.php ]
[ info ] [ LOG ] INIT File
[ error ] [8192]Methods with the same name as their class will not be constructors in a future version of PHP; Prpcrypt has a deprecated constructor[D:\soft\Apache24\htdocs\minprogramshop\weixinsign\pkcs7Encoder.php:59]

---------------------------------------------------------------
[ 2018-09-18T14:48:17+08:00 ] ::1 ::1 GET /minprogramshop/weixin/Auth/index
[ log ] localhost/minprogramshop/weixin/Auth/index [运行时间：0.075000s][吞吐率：13.33req/s] [内存消耗：2,331.36kb] [文件加载：77]
[ info ] [ LANG ] D:\soft\Apache24\htdocs\minprogramshop\thinkphp\lang\zh-cn.php
[ info ] [ ROUTE ] array (
  'type' => 'module',
  'module' => 
  array (
    0 => 'weixin',
    1 => 'Auth',
    2 => 'index',
  ),
)
[ info ] [ HEADER ] array (
  'host' => 'localhost',
  'connection' => 'keep-alive',
  'cache-control' => 'max-age=0',
  'upgrade-insecure-requests' => '1',
  'user-agent' => 'Mozilla/5.0 (Windows NT 6.1; WOW64) AppleWebKit/537.36 (KHTML, like Gecko) Chrome/63.0.3239.132 Safari/537.36',
  'accept' => 'text/html,application/xhtml+xml,application/xml;q=0.9,image/webp,image/apng,*/*;q=0.8',
  'accept-encoding' => 'gzip, deflate, br',
  'accept-language' => 'zh-CN,zh;q=0.9',
  'cookie' => '__guid=111872281.2834290831896422400.1536283749730.831; yougememberID=32eenW6m75Dp248J8%2FyC8upgbyY1jfH3BPwrZtln%2Fw6zoXasDTtziPqw38dicb9R95Cx; monitor_count=44',
)
[ info ] [ PARAM ] array (
)
[ info ] [ RUN ] app\weixin\controller\Auth->index[ D:\soft\Apache24\htdocs\minprogramshop\youge\weixin\controller\Auth.php ]
[ info ] [ LOG ] INIT File
[ error ] [2]DOMDocument::loadXML(): Empty string supplied as input[D:\soft\Apache24\htdocs\minprogramshop\youge\weixin\controller\Auth.php:13]

---------------------------------------------------------------
[ 2018-09-18T14:48:19+08:00 ] ::1 ::1 GET /minprogramshop/weixin/Auth/index
[ log ] localhost/minprogramshop/weixin/Auth/index [运行时间：0.035000s][吞吐率：28.57req/s] [内存消耗：2,331.36kb] [文件加载：77]
[ info ] [ LANG ] D:\soft\Apache24\htdocs\minprogramshop\thinkphp\lang\zh-cn.php
[ info ] [ ROUTE ] array (
  'type' => 'module',
  'module' => 
  array (
    0 => 'weixin',
    1 => 'Auth',
    2 => 'index',
  ),
)
[ info ] [ HEADER ] array (
  'host' => 'localhost',
  'connection' => 'keep-alive',
  'cache-control' => 'max-age=0',
  'upgrade-insecure-requests' => '1',
  'user-agent' => 'Mozilla/5.0 (Windows NT 6.1; WOW64) AppleWebKit/537.36 (KHTML, like Gecko) Chrome/63.0.3239.132 Safari/537.36',
  'accept' => 'text/html,application/xhtml+xml,application/xml;q=0.9,image/webp,image/apng,*/*;q=0.8',
  'accept-encoding' => 'gzip, deflate, br',
  'accept-language' => 'zh-CN,zh;q=0.9',
  'cookie' => '__guid=111872281.2834290831896422400.1536283749730.831; yougememberID=32eenW6m75Dp248J8%2FyC8upgbyY1jfH3BPwrZtln%2Fw6zoXasDTtziPqw38dicb9R95Cx; monitor_count=45',
)
[ info ] [ PARAM ] array (
)
[ info ] [ RUN ] app\weixin\controller\Auth->index[ D:\soft\Apache24\htdocs\minprogramshop\youge\weixin\controller\Auth.php ]
[ info ] [ LOG ] INIT File
[ error ] [2]DOMDocument::loadXML(): Empty string supplied as input[D:\soft\Apache24\htdocs\minprogramshop\youge\weixin\controller\Auth.php:13]

---------------------------------------------------------------
