[ 2018-06-25T10:09:07+08:00 ] ::1 ::1 GET /minprogramshop/
[ log ] localhost/minprogramshop/ [运行时间：0.538000s][吞吐率：1.86req/s] [内存消耗：3,763.03kb] [文件加载：84]
[ info ] [ LANG ] D:\soft\Apache24\htdocs\minprogramshop\thinkphp\lang\zh-cn.php
[ info ] [ ROUTE ] array (
  'type' => 'module',
  'module' => 
  array (
    0 => '',
    1 => NULL,
    2 => NULL,
  ),
)
[ info ] [ HEADER ] array (
  'host' => 'localhost',
  'connection' => 'keep-alive',
  'upgrade-insecure-requests' => '1',
  'user-agent' => 'Mozilla/5.0 (Windows NT 6.1; WOW64) AppleWebKit/537.36 (KHTML, like Gecko) Chrome/53.0.2785.89 Safari/537.36',
  'accept' => 'text/html,application/xhtml+xml,application/xml;q=0.9,image/webp,*/*;q=0.8',
  'accept-encoding' => 'gzip, deflate, sdch',
  'accept-language' => 'zh-CN,zh;q=0.8',
)
[ info ] [ PARAM ] array (
)
[ info ] [ RUN ] app\home\controller\Index->index[ D:\soft\Apache24\htdocs\minprogramshop\youge\home\controller\Index.php ]
[ info ] [ DB ] INIT mysql
[ info ] [ VIEW ] D:\soft\Apache24\htdocs\minprogramshop/youge/home\view\index\index.html [ array (
  0 => 'footer',
  1 => 'list',
) ]
[ info ] [ LOG ] INIT File

---------------------------------------------------------------
[ 2018-06-25T10:09:08+08:00 ] ::1 ::1 GET /minprogramshop/public/js/layer.js
[ log ] localhost/minprogramshop/public/js/layer.js [运行时间：0.179000s][吞吐率：5.59req/s] [内存消耗：2,016.77kb] [文件加载：66]
[ info ] [ LANG ] D:\soft\Apache24\htdocs\minprogramshop\thinkphp\lang\zh-cn.php
[ info ] [ ROUTE ] array (
  'type' => 'module',
  'module' => 
  array (
    0 => 'public',
    1 => 'js',
    2 => 'layer.js',
  ),
)
[ info ] [ HEADER ] array (
  'host' => 'localhost',
  'connection' => 'keep-alive',
  'user-agent' => 'Mozilla/5.0 (Windows NT 6.1; WOW64) AppleWebKit/537.36 (KHTML, like Gecko) Chrome/53.0.2785.89 Safari/537.36',
  'accept' => '*/*',
  'referer' => 'http://localhost/minprogramshop/',
  'accept-encoding' => 'gzip, deflate, sdch',
  'accept-language' => 'zh-CN,zh;q=0.8',
)
[ info ] [ PARAM ] array (
)
[ info ] [ LOG ] INIT File

---------------------------------------------------------------
[ 2018-06-25T10:09:08+08:00 ] ::1 ::1 GET /minprogramshop/public/js/layer.js
[ log ] localhost/minprogramshop/public/js/layer.js [运行时间：0.051000s][吞吐率：19.61req/s] [内存消耗：2,016.77kb] [文件加载：66]
[ info ] [ LANG ] D:\soft\Apache24\htdocs\minprogramshop\thinkphp\lang\zh-cn.php
[ info ] [ ROUTE ] array (
  'type' => 'module',
  'module' => 
  array (
    0 => 'public',
    1 => 'js',
    2 => 'layer.js',
  ),
)
[ info ] [ HEADER ] array (
  'host' => 'localhost',
  'connection' => 'keep-alive',
  'user-agent' => 'Mozilla/5.0 (Windows NT 6.1; WOW64) AppleWebKit/537.36 (KHTML, like Gecko) Chrome/53.0.2785.89 Safari/537.36',
  'accept' => '*/*',
  'referer' => 'http://localhost/minprogramshop/',
  'accept-encoding' => 'gzip, deflate, sdch',
  'accept-language' => 'zh-CN,zh;q=0.8',
)
[ info ] [ PARAM ] array (
)
[ info ] [ LOG ] INIT File

---------------------------------------------------------------
[ 2018-06-25T10:10:47+08:00 ] ::1 ::1 GET /minprogramshop/manage/passport/login
[ log ] localhost/minprogramshop/manage/passport/login [运行时间：0.066000s][吞吐率：15.15req/s] [内存消耗：2,541.47kb] [文件加载：74]
[ info ] [ LANG ] D:\soft\Apache24\htdocs\minprogramshop\thinkphp\lang\zh-cn.php
[ info ] [ ROUTE ] array (
  'type' => 'module',
  'module' => 
  array (
    0 => 'manage',
    1 => 'passport',
    2 => 'login',
  ),
)
[ info ] [ HEADER ] array (
  'host' => 'localhost',
  'connection' => 'keep-alive',
  'upgrade-insecure-requests' => '1',
  'user-agent' => 'Mozilla/5.0 (Windows NT 6.1; WOW64) AppleWebKit/537.36 (KHTML, like Gecko) Chrome/53.0.2785.89 Safari/537.36',
  'accept' => 'text/html,application/xhtml+xml,application/xml;q=0.9,image/webp,*/*;q=0.8',
  'referer' => 'http://localhost/minprogramshop/',
  'accept-encoding' => 'gzip, deflate, sdch',
  'accept-language' => 'zh-CN,zh;q=0.8',
)
[ info ] [ PARAM ] array (
)
[ info ] [ RUN ] app\manage\controller\Passport->login[ D:\soft\Apache24\htdocs\minprogramshop\youge\manage\controller\Passport.php ]
[ info ] [ VIEW ] D:\soft\Apache24\htdocs\minprogramshop/youge/manage\view\passport\login.html [ array (
) ]
[ info ] [ LOG ] INIT File

---------------------------------------------------------------
[ 2018-06-25T10:10:53+08:00 ] ::1 ::1 POST /minprogramshop/manage/passport/login.html
[ log ] localhost/minprogramshop/manage/passport/login.html [运行时间：0.199000s][吞吐率：5.03req/s] [内存消耗：3,556.52kb] [文件加载：86]
[ info ] [ LANG ] D:\soft\Apache24\htdocs\minprogramshop\thinkphp\lang\zh-cn.php
[ info ] [ ROUTE ] array (
  'type' => 'module',
  'module' => 
  array (
    0 => 'manage',
    1 => 'passport',
    2 => 'login',
  ),
)
[ info ] [ HEADER ] array (
  'host' => 'localhost',
  'connection' => 'keep-alive',
  'content-length' => '34',
  'accept' => 'application/json, text/javascript, */*; q=0.01',
  'origin' => 'http://localhost',
  'x-requested-with' => 'XMLHttpRequest',
  'user-agent' => 'Mozilla/5.0 (Windows NT 6.1; WOW64) AppleWebKit/537.36 (KHTML, like Gecko) Chrome/53.0.2785.89 Safari/537.36',
  'content-type' => 'application/x-www-form-urlencoded; charset=UTF-8',
  'referer' => 'http://localhost/minprogramshop/manage/passport/login',
  'accept-encoding' => 'gzip, deflate',
  'accept-language' => 'zh-CN,zh;q=0.8',
)
[ info ] [ PARAM ] array (
  'mobile' => '15520449931',
  'password' => '188632',
)
[ info ] [ RUN ] app\manage\controller\Passport->login[ D:\soft\Apache24\htdocs\minprogramshop\youge\manage\controller\Passport.php ]
[ info ] [ DB ] INIT mysql
[ info ] [ CACHE ] INIT File
[ info ] [ LOG ] INIT File

---------------------------------------------------------------
[ 2018-06-25T10:10:57+08:00 ] ::1 ::1 GET /minprogramshop/manage/index/index.html
[ log ] localhost/minprogramshop/manage/index/index.html [运行时间：0.259000s][吞吐率：3.86req/s] [内存消耗：3,748.59kb] [文件加载：89]
[ info ] [ LANG ] D:\soft\Apache24\htdocs\minprogramshop\thinkphp\lang\zh-cn.php
[ info ] [ ROUTE ] array (
  'type' => 'module',
  'module' => 
  array (
    0 => 'manage',
    1 => 'index',
    2 => 'index',
  ),
)
[ info ] [ HEADER ] array (
  'host' => 'localhost',
  'connection' => 'keep-alive',
  'upgrade-insecure-requests' => '1',
  'user-agent' => 'Mozilla/5.0 (Windows NT 6.1; WOW64) AppleWebKit/537.36 (KHTML, like Gecko) Chrome/53.0.2785.89 Safari/537.36',
  'accept' => 'text/html,application/xhtml+xml,application/xml;q=0.9,image/webp,*/*;q=0.8',
  'referer' => 'http://localhost/minprogramshop/manage/passport/login',
  'accept-encoding' => 'gzip, deflate, sdch',
  'accept-language' => 'zh-CN,zh;q=0.8',
  'cookie' => 'yougememberID=704e1hRGT3TCnPmjhcZ10F1pbjoG75sBz07gRrMsOgKg8J0rC01lQVnzBo%2BbBE%2BNmQrm',
)
[ info ] [ PARAM ] array (
)
[ info ] [ DB ] INIT mysql
[ info ] [ RUN ] app\manage\controller\Index->index[ D:\soft\Apache24\htdocs\minprogramshop\youge\manage\controller\Index.php ]
[ info ] [ VIEW ] D:\soft\Apache24\htdocs\minprogramshop/youge/manage\view\index\index.html [ array (
  0 => 'member',
  1 => 'leftMenus',
) ]
[ info ] [ CACHE ] INIT File
[ info ] [ LOG ] INIT File

---------------------------------------------------------------
[ 2018-06-25T10:10:58+08:00 ] ::1 ::1 GET /minprogramshop/manage/miniapp/index
[ log ] localhost/minprogramshop/manage/miniapp/index [运行时间：0.318000s][吞吐率：3.14req/s] [内存消耗：3,872.55kb] [文件加载：90]
[ info ] [ LANG ] D:\soft\Apache24\htdocs\minprogramshop\thinkphp\lang\zh-cn.php
[ info ] [ ROUTE ] array (
  'type' => 'module',
  'module' => 
  array (
    0 => 'manage',
    1 => 'miniapp',
    2 => 'index',
  ),
)
[ info ] [ HEADER ] array (
  'host' => 'localhost',
  'connection' => 'keep-alive',
  'upgrade-insecure-requests' => '1',
  'user-agent' => 'Mozilla/5.0 (Windows NT 6.1; WOW64) AppleWebKit/537.36 (KHTML, like Gecko) Chrome/53.0.2785.89 Safari/537.36',
  'accept' => 'text/html,application/xhtml+xml,application/xml;q=0.9,image/webp,*/*;q=0.8',
  'referer' => 'http://localhost/minprogramshop/manage/index/index.html',
  'accept-encoding' => 'gzip, deflate, sdch',
  'accept-language' => 'zh-CN,zh;q=0.8',
  'cookie' => 'yougememberID=704e1hRGT3TCnPmjhcZ10F1pbjoG75sBz07gRrMsOgKg8J0rC01lQVnzBo%2BbBE%2BNmQrm',
)
[ info ] [ PARAM ] array (
)
[ info ] [ DB ] INIT mysql
[ info ] [ RUN ] app\manage\controller\Miniapp->index[ D:\soft\Apache24\htdocs\minprogramshop\youge\manage\controller\Miniapp.php ]
[ info ] [ VIEW ] D:\soft\Apache24\htdocs\minprogramshop/youge/manage\view\miniapp\index.html [ array (
  0 => 'member',
  1 => 'leftMenus',
  2 => 'miniapp',
  3 => 'list',
  4 => 'page',
  5 => 'search',
) ]
[ info ] [ LOG ] INIT File

---------------------------------------------------------------
[ 2018-06-25T10:11:16+08:00 ] ::1 ::1 GET /minprogramshop/manage/index/main.html
[ log ] localhost/minprogramshop/manage/index/main.html [运行时间：0.087000s][吞吐率：11.49req/s] [内存消耗：3,361.27kb] [文件加载：80]
[ info ] [ LANG ] D:\soft\Apache24\htdocs\minprogramshop\thinkphp\lang\zh-cn.php
[ info ] [ ROUTE ] array (
  'type' => 'module',
  'module' => 
  array (
    0 => 'manage',
    1 => 'index',
    2 => 'main',
  ),
)
[ info ] [ HEADER ] array (
  'host' => 'localhost',
  'connection' => 'keep-alive',
  'upgrade-insecure-requests' => '1',
  'user-agent' => 'Mozilla/5.0 (Windows NT 6.1; WOW64) AppleWebKit/537.36 (KHTML, like Gecko) Chrome/53.0.2785.89 Safari/537.36',
  'accept' => 'text/html,application/xhtml+xml,application/xml;q=0.9,image/webp,*/*;q=0.8',
  'referer' => 'http://localhost/minprogramshop/manage/index/index.html',
  'accept-encoding' => 'gzip, deflate, sdch',
  'accept-language' => 'zh-CN,zh;q=0.8',
  'cookie' => 'yougememberID=704e1hRGT3TCnPmjhcZ10F1pbjoG75sBz07gRrMsOgKg8J0rC01lQVnzBo%2BbBE%2BNmQrm',
)
[ info ] [ PARAM ] array (
)
[ info ] [ DB ] INIT mysql
[ info ] [ RUN ] app\manage\controller\Index->main[ D:\soft\Apache24\htdocs\minprogramshop\youge\manage\controller\Index.php ]
[ info ] [ LOG ] INIT File

---------------------------------------------------------------
[ 2018-06-25T10:11:16+08:00 ] ::1 ::1 GET /minprogramshop/manage/miniappshop/index.html
[ log ] localhost/minprogramshop/manage/miniappshop/index.html [运行时间：0.091000s][吞吐率：10.99req/s] [内存消耗：4,016.09kb] [文件加载：90]
[ info ] [ LANG ] D:\soft\Apache24\htdocs\minprogramshop\thinkphp\lang\zh-cn.php
[ info ] [ ROUTE ] array (
  'type' => 'module',
  'module' => 
  array (
    0 => 'manage',
    1 => 'miniappshop',
    2 => 'index',
  ),
)
[ info ] [ HEADER ] array (
  'host' => 'localhost',
  'connection' => 'keep-alive',
  'upgrade-insecure-requests' => '1',
  'user-agent' => 'Mozilla/5.0 (Windows NT 6.1; WOW64) AppleWebKit/537.36 (KHTML, like Gecko) Chrome/53.0.2785.89 Safari/537.36',
  'accept' => 'text/html,application/xhtml+xml,application/xml;q=0.9,image/webp,*/*;q=0.8',
  'referer' => 'http://localhost/minprogramshop/manage/index/index.html',
  'accept-encoding' => 'gzip, deflate, sdch',
  'accept-language' => 'zh-CN,zh;q=0.8',
  'cookie' => 'yougememberID=704e1hRGT3TCnPmjhcZ10F1pbjoG75sBz07gRrMsOgKg8J0rC01lQVnzBo%2BbBE%2BNmQrm',
)
[ info ] [ PARAM ] array (
)
[ info ] [ DB ] INIT mysql
[ info ] [ CACHE ] INIT File
[ info ] [ RUN ] app\manage\controller\Miniappshop->index[ D:\soft\Apache24\htdocs\minprogramshop\youge\manage\controller\Miniappshop.php ]
[ info ] [ VIEW ] D:\soft\Apache24\htdocs\minprogramshop/youge/manage\view\miniappshop\index.html [ array (
  0 => 'member',
  1 => 'leftMenus',
  2 => 'nowtime',
  3 => 'tixing',
  4 => 'agent',
  5 => 'list',
  6 => 'member_miniapp_id',
  7 => 'buys',
) ]
[ info ] [ LOG ] INIT File

---------------------------------------------------------------
[ 2018-06-25T10:11:18+08:00 ] ::1 ::1 GET /minprogramshop/manage/miniapp/index.html
[ log ] localhost/minprogramshop/manage/miniapp/index.html [运行时间：0.095000s][吞吐率：10.53req/s] [内存消耗：3,872.63kb] [文件加载：90]
[ info ] [ LANG ] D:\soft\Apache24\htdocs\minprogramshop\thinkphp\lang\zh-cn.php
[ info ] [ ROUTE ] array (
  'type' => 'module',
  'module' => 
  array (
    0 => 'manage',
    1 => 'miniapp',
    2 => 'index',
  ),
)
[ info ] [ HEADER ] array (
  'host' => 'localhost',
  'connection' => 'keep-alive',
  'upgrade-insecure-requests' => '1',
  'user-agent' => 'Mozilla/5.0 (Windows NT 6.1; WOW64) AppleWebKit/537.36 (KHTML, like Gecko) Chrome/53.0.2785.89 Safari/537.36',
  'accept' => 'text/html,application/xhtml+xml,application/xml;q=0.9,image/webp,*/*;q=0.8',
  'referer' => 'http://localhost/minprogramshop/manage/index/index.html',
  'accept-encoding' => 'gzip, deflate, sdch',
  'accept-language' => 'zh-CN,zh;q=0.8',
  'cookie' => 'yougememberID=704e1hRGT3TCnPmjhcZ10F1pbjoG75sBz07gRrMsOgKg8J0rC01lQVnzBo%2BbBE%2BNmQrm',
)
[ info ] [ PARAM ] array (
)
[ info ] [ DB ] INIT mysql
[ info ] [ RUN ] app\manage\controller\Miniapp->index[ D:\soft\Apache24\htdocs\minprogramshop\youge\manage\controller\Miniapp.php ]
[ info ] [ VIEW ] D:\soft\Apache24\htdocs\minprogramshop/youge/manage\view\miniapp\index.html [ array (
  0 => 'member',
  1 => 'leftMenus',
  2 => 'miniapp',
  3 => 'list',
  4 => 'page',
  5 => 'search',
) ]
[ info ] [ LOG ] INIT File

---------------------------------------------------------------
[ 2018-06-25T10:11:20+08:00 ] ::1 ::1 GET /minprogramshop/manage/miniapp/create.html
[ log ] localhost/minprogramshop/manage/miniapp/create.html [运行时间：1.702000s][吞吐率：0.59req/s] [内存消耗：3,782.58kb] [文件加载：91]
[ info ] [ LANG ] D:\soft\Apache24\htdocs\minprogramshop\thinkphp\lang\zh-cn.php
[ info ] [ ROUTE ] array (
  'type' => 'module',
  'module' => 
  array (
    0 => 'manage',
    1 => 'miniapp',
    2 => 'create',
  ),
)
[ info ] [ HEADER ] array (
  'host' => 'localhost',
  'connection' => 'keep-alive',
  'upgrade-insecure-requests' => '1',
  'user-agent' => 'Mozilla/5.0 (Windows NT 6.1; WOW64) AppleWebKit/537.36 (KHTML, like Gecko) Chrome/53.0.2785.89 Safari/537.36',
  'accept' => 'text/html,application/xhtml+xml,application/xml;q=0.9,image/webp,*/*;q=0.8',
  'referer' => 'http://localhost/minprogramshop/manage/miniapp/index.html',
  'accept-encoding' => 'gzip, deflate, sdch',
  'accept-language' => 'zh-CN,zh;q=0.8',
  'cookie' => 'yougememberID=704e1hRGT3TCnPmjhcZ10F1pbjoG75sBz07gRrMsOgKg8J0rC01lQVnzBo%2BbBE%2BNmQrm',
)
[ info ] [ PARAM ] array (
)
[ info ] [ DB ] INIT mysql
[ info ] [ RUN ] app\manage\controller\Miniapp->create[ D:\soft\Apache24\htdocs\minprogramshop\youge\manage\controller\Miniapp.php ]
[ info ] [ CACHE ] INIT File
[ info ] [ VIEW ] D:\soft\Apache24\htdocs\minprogramshop\thinkphp\tpl\dispatch_jump.tpl [ array (
  0 => 'member',
  1 => 'leftMenus',
  2 => 'code',
  3 => 'msg',
  4 => 'data',
  5 => 'url',
  6 => 'wait',
) ]
[ info ] [ LOG ] INIT File

---------------------------------------------------------------
[ 2018-06-25T10:12:04+08:00 ] 127.0.0.1 127.0.0.1 GET /minprogramshop/manage/index/index.html
[ log ] localhost/minprogramshop/manage/index/index.html [运行时间：0.146000s][吞吐率：6.85req/s] [内存消耗：3,355.38kb] [文件加载：80]
[ info ] [ LANG ] D:\soft\Apache24\htdocs\minprogramshop\thinkphp\lang\zh-cn.php
[ info ] [ ROUTE ] array (
  'type' => 'module',
  'module' => 
  array (
    0 => 'manage',
    1 => 'index',
    2 => 'index',
  ),
)
[ info ] [ HEADER ] array (
  'host' => 'localhost',
  'user-agent' => 'Mozilla/5.0 (Windows NT 6.1; WOW64; rv:52.0) Gecko/20100101 Firefox/52.0',
  'accept' => 'text/html,application/xhtml+xml,application/xml;q=0.9,*/*;q=0.8',
  'accept-language' => 'zh-CN,zh;q=0.8,en-US;q=0.5,en;q=0.3',
  'accept-encoding' => 'gzip, deflate',
  'connection' => 'keep-alive',
  'upgrade-insecure-requests' => '1',
)
[ info ] [ PARAM ] array (
)
[ info ] [ DB ] INIT mysql
[ info ] [ LOG ] INIT File

---------------------------------------------------------------
[ 2018-06-25T10:12:04+08:00 ] 127.0.0.1 127.0.0.1 GET /minprogramshop/manage/passport/login.html
[ log ] localhost/minprogramshop/manage/passport/login.html [运行时间：0.044000s][吞吐率：22.73req/s] [内存消耗：2,541.35kb] [文件加载：74]
[ info ] [ LANG ] D:\soft\Apache24\htdocs\minprogramshop\thinkphp\lang\zh-cn.php
[ info ] [ ROUTE ] array (
  'type' => 'module',
  'module' => 
  array (
    0 => 'manage',
    1 => 'passport',
    2 => 'login',
  ),
)
[ info ] [ HEADER ] array (
  'host' => 'localhost',
  'user-agent' => 'Mozilla/5.0 (Windows NT 6.1; WOW64; rv:52.0) Gecko/20100101 Firefox/52.0',
  'accept' => 'text/html,application/xhtml+xml,application/xml;q=0.9,*/*;q=0.8',
  'accept-language' => 'zh-CN,zh;q=0.8,en-US;q=0.5,en;q=0.3',
  'accept-encoding' => 'gzip, deflate',
  'connection' => 'keep-alive',
  'upgrade-insecure-requests' => '1',
)
[ info ] [ PARAM ] array (
)
[ info ] [ RUN ] app\manage\controller\Passport->login[ D:\soft\Apache24\htdocs\minprogramshop\youge\manage\controller\Passport.php ]
[ info ] [ VIEW ] D:\soft\Apache24\htdocs\minprogramshop/youge/manage\view\passport\login.html [ array (
) ]
[ info ] [ LOG ] INIT File

---------------------------------------------------------------
[ 2018-06-25T10:12:08+08:00 ] 127.0.0.1 127.0.0.1 POST /minprogramshop/manage/passport/login.html
[ log ] localhost/minprogramshop/manage/passport/login.html [运行时间：0.154000s][吞吐率：6.49req/s] [内存消耗：3,556.76kb] [文件加载：86]
[ info ] [ LANG ] D:\soft\Apache24\htdocs\minprogramshop\thinkphp\lang\zh-cn.php
[ info ] [ ROUTE ] array (
  'type' => 'module',
  'module' => 
  array (
    0 => 'manage',
    1 => 'passport',
    2 => 'login',
  ),
)
[ info ] [ HEADER ] array (
  'host' => 'localhost',
  'user-agent' => 'Mozilla/5.0 (Windows NT 6.1; WOW64; rv:52.0) Gecko/20100101 Firefox/52.0',
  'accept' => 'application/json, text/javascript, */*; q=0.01',
  'accept-language' => 'zh-CN,zh;q=0.8,en-US;q=0.5,en;q=0.3',
  'accept-encoding' => 'gzip, deflate',
  'content-type' => 'application/x-www-form-urlencoded; charset=UTF-8',
  'x-requested-with' => 'XMLHttpRequest',
  'referer' => 'http://localhost/minprogramshop/manage/passport/login.html',
  'content-length' => '34',
  'connection' => 'keep-alive',
)
[ info ] [ PARAM ] array (
  'mobile' => '15520449931',
  'password' => '188632',
)
[ info ] [ RUN ] app\manage\controller\Passport->login[ D:\soft\Apache24\htdocs\minprogramshop\youge\manage\controller\Passport.php ]
[ info ] [ DB ] INIT mysql
[ info ] [ CACHE ] INIT File
[ info ] [ LOG ] INIT File

---------------------------------------------------------------
[ 2018-06-25T10:12:11+08:00 ] 127.0.0.1 127.0.0.1 GET /minprogramshop/manage/index/index.html
[ log ] localhost/minprogramshop/manage/index/index.html [运行时间：0.149000s][吞吐率：6.71req/s] [内存消耗：3,748.57kb] [文件加载：89]
[ info ] [ LANG ] D:\soft\Apache24\htdocs\minprogramshop\thinkphp\lang\zh-cn.php
[ info ] [ ROUTE ] array (
  'type' => 'module',
  'module' => 
  array (
    0 => 'manage',
    1 => 'index',
    2 => 'index',
  ),
)
[ info ] [ HEADER ] array (
  'host' => 'localhost',
  'user-agent' => 'Mozilla/5.0 (Windows NT 6.1; WOW64; rv:52.0) Gecko/20100101 Firefox/52.0',
  'accept' => 'text/html,application/xhtml+xml,application/xml;q=0.9,*/*;q=0.8',
  'accept-language' => 'zh-CN,zh;q=0.8,en-US;q=0.5,en;q=0.3',
  'accept-encoding' => 'gzip, deflate',
  'referer' => 'http://localhost/minprogramshop/manage/passport/login.html',
  'cookie' => 'yougememberID=13c1qTGLaeZ41zYBnHpQipkQ%2FUbLxm1w9MuYpTJaBPnE%2B1Le9ZVAj4dKzy3COFXWmsEe',
  'connection' => 'keep-alive',
  'upgrade-insecure-requests' => '1',
)
[ info ] [ PARAM ] array (
)
[ info ] [ DB ] INIT mysql
[ info ] [ RUN ] app\manage\controller\Index->index[ D:\soft\Apache24\htdocs\minprogramshop\youge\manage\controller\Index.php ]
[ info ] [ VIEW ] D:\soft\Apache24\htdocs\minprogramshop/youge/manage\view\index\index.html [ array (
  0 => 'member',
  1 => 'leftMenus',
) ]
[ info ] [ CACHE ] INIT File
[ info ] [ LOG ] INIT File

---------------------------------------------------------------
[ 2018-06-25T10:12:12+08:00 ] 127.0.0.1 127.0.0.1 GET /minprogramshop/manage/miniapp/index
[ log ] localhost/minprogramshop/manage/miniapp/index [运行时间：0.095000s][吞吐率：10.53req/s] [内存消耗：3,872.51kb] [文件加载：90]
[ info ] [ LANG ] D:\soft\Apache24\htdocs\minprogramshop\thinkphp\lang\zh-cn.php
[ info ] [ ROUTE ] array (
  'type' => 'module',
  'module' => 
  array (
    0 => 'manage',
    1 => 'miniapp',
    2 => 'index',
  ),
)
[ info ] [ HEADER ] array (
  'host' => 'localhost',
  'user-agent' => 'Mozilla/5.0 (Windows NT 6.1; WOW64; rv:52.0) Gecko/20100101 Firefox/52.0',
  'accept' => 'text/html,application/xhtml+xml,application/xml;q=0.9,*/*;q=0.8',
  'accept-language' => 'zh-CN,zh;q=0.8,en-US;q=0.5,en;q=0.3',
  'accept-encoding' => 'gzip, deflate',
  'referer' => 'http://localhost/minprogramshop/manage/index/index.html',
  'cookie' => 'yougememberID=13c1qTGLaeZ41zYBnHpQipkQ%2FUbLxm1w9MuYpTJaBPnE%2B1Le9ZVAj4dKzy3COFXWmsEe',
  'connection' => 'keep-alive',
  'upgrade-insecure-requests' => '1',
)
[ info ] [ PARAM ] array (
)
[ info ] [ DB ] INIT mysql
[ info ] [ RUN ] app\manage\controller\Miniapp->index[ D:\soft\Apache24\htdocs\minprogramshop\youge\manage\controller\Miniapp.php ]
[ info ] [ VIEW ] D:\soft\Apache24\htdocs\minprogramshop/youge/manage\view\miniapp\index.html [ array (
  0 => 'member',
  1 => 'leftMenus',
  2 => 'miniapp',
  3 => 'list',
  4 => 'page',
  5 => 'search',
) ]
[ info ] [ LOG ] INIT File

---------------------------------------------------------------
[ 2018-06-25T10:12:23+08:00 ] 127.0.0.1 127.0.0.1 GET /minprogramshop/manage/miniapp/create.html
[ log ] localhost/minprogramshop/manage/miniapp/create.html [运行时间：0.380000s][吞吐率：2.63req/s] [内存消耗：3,782.52kb] [文件加载：91]
[ info ] [ LANG ] D:\soft\Apache24\htdocs\minprogramshop\thinkphp\lang\zh-cn.php
[ info ] [ ROUTE ] array (
  'type' => 'module',
  'module' => 
  array (
    0 => 'manage',
    1 => 'miniapp',
    2 => 'create',
  ),
)
[ info ] [ HEADER ] array (
  'host' => 'localhost',
  'user-agent' => 'Mozilla/5.0 (Windows NT 6.1; WOW64; rv:52.0) Gecko/20100101 Firefox/52.0',
  'accept' => 'text/html,application/xhtml+xml,application/xml;q=0.9,*/*;q=0.8',
  'accept-language' => 'zh-CN,zh;q=0.8,en-US;q=0.5,en;q=0.3',
  'accept-encoding' => 'gzip, deflate',
  'referer' => 'http://localhost/minprogramshop/manage/miniapp/index',
  'cookie' => 'yougememberID=13c1qTGLaeZ41zYBnHpQipkQ%2FUbLxm1w9MuYpTJaBPnE%2B1Le9ZVAj4dKzy3COFXWmsEe',
  'connection' => 'keep-alive',
  'upgrade-insecure-requests' => '1',
)
[ info ] [ PARAM ] array (
)
[ info ] [ DB ] INIT mysql
[ info ] [ RUN ] app\manage\controller\Miniapp->create[ D:\soft\Apache24\htdocs\minprogramshop\youge\manage\controller\Miniapp.php ]
[ info ] [ CACHE ] INIT File
[ info ] [ VIEW ] D:\soft\Apache24\htdocs\minprogramshop\thinkphp\tpl\dispatch_jump.tpl [ array (
  0 => 'member',
  1 => 'leftMenus',
  2 => 'code',
  3 => 'msg',
  4 => 'data',
  5 => 'url',
  6 => 'wait',
) ]
[ info ] [ LOG ] INIT File

---------------------------------------------------------------
[ 2018-06-25T10:12:28+08:00 ] 127.0.0.1 127.0.0.1 GET /minprogramshop/public/admin/css/bootstrap.min.css.map
[ log ] localhost/minprogramshop/public/admin/css/bootstrap.min.css.map [运行时间：0.031000s][吞吐率：32.26req/s] [内存消耗：2,017.52kb] [文件加载：66]
[ info ] [ LANG ] D:\soft\Apache24\htdocs\minprogramshop\thinkphp\lang\zh-cn.php
[ info ] [ ROUTE ] array (
  'type' => 'module',
  'module' => 
  array (
    0 => 'public',
    1 => 'admin',
    2 => 'css',
  ),
)
[ info ] [ HEADER ] array (
  'host' => 'localhost',
  'user-agent' => 'Mozilla/5.0 (Windows NT 6.1; WOW64; rv:52.0) Gecko/20100101 Firefox/52.0',
  'accept' => 'text/html,application/xhtml+xml,application/xml;q=0.9,*/*;q=0.8',
  'accept-language' => 'zh-CN,zh;q=0.8,en-US;q=0.5,en;q=0.3',
  'accept-encoding' => 'gzip, deflate',
  'cookie' => 'yougememberID=13c1qTGLaeZ41zYBnHpQipkQ%2FUbLxm1w9MuYpTJaBPnE%2B1Le9ZVAj4dKzy3COFXWmsEe',
  'connection' => 'keep-alive',
  'pragma' => 'no-cache',
  'cache-control' => 'no-cache',
)
[ info ] [ PARAM ] array (
)
[ info ] [ LOG ] INIT File

---------------------------------------------------------------
[ 2018-06-25T10:12:30+08:00 ] 127.0.0.1 127.0.0.1 GET /minprogramshop/manage/miniapp/create.html
[ log ] localhost/minprogramshop/manage/miniapp/create.html [运行时间：0.367000s][吞吐率：2.72req/s] [内存消耗：3,782.52kb] [文件加载：91]
[ info ] [ LANG ] D:\soft\Apache24\htdocs\minprogramshop\thinkphp\lang\zh-cn.php
[ info ] [ ROUTE ] array (
  'type' => 'module',
  'module' => 
  array (
    0 => 'manage',
    1 => 'miniapp',
    2 => 'create',
  ),
)
[ info ] [ HEADER ] array (
  'host' => 'localhost',
  'user-agent' => 'Mozilla/5.0 (Windows NT 6.1; WOW64; rv:52.0) Gecko/20100101 Firefox/52.0',
  'accept' => 'text/html,application/xhtml+xml,application/xml;q=0.9,*/*;q=0.8',
  'accept-language' => 'zh-CN,zh;q=0.8,en-US;q=0.5,en;q=0.3',
  'accept-encoding' => 'gzip, deflate',
  'referer' => 'http://localhost/minprogramshop/manage/miniapp/index',
  'cookie' => 'yougememberID=13c1qTGLaeZ41zYBnHpQipkQ%2FUbLxm1w9MuYpTJaBPnE%2B1Le9ZVAj4dKzy3COFXWmsEe',
  'connection' => 'keep-alive',
  'upgrade-insecure-requests' => '1',
)
[ info ] [ PARAM ] array (
)
[ info ] [ DB ] INIT mysql
[ info ] [ RUN ] app\manage\controller\Miniapp->create[ D:\soft\Apache24\htdocs\minprogramshop\youge\manage\controller\Miniapp.php ]
[ info ] [ CACHE ] INIT File
[ info ] [ VIEW ] D:\soft\Apache24\htdocs\minprogramshop\thinkphp\tpl\dispatch_jump.tpl [ array (
  0 => 'member',
  1 => 'leftMenus',
  2 => 'code',
  3 => 'msg',
  4 => 'data',
  5 => 'url',
  6 => 'wait',
) ]
[ info ] [ LOG ] INIT File

---------------------------------------------------------------
[ 2018-06-25T10:12:44+08:00 ] 127.0.0.1 127.0.0.1 GET /minprogramshop/public/admin/css/bootstrap.min.css.map
[ log ] localhost/minprogramshop/public/admin/css/bootstrap.min.css.map [运行时间：0.037000s][吞吐率：27.03req/s] [内存消耗：2,017.52kb] [文件加载：66]
[ info ] [ LANG ] D:\soft\Apache24\htdocs\minprogramshop\thinkphp\lang\zh-cn.php
[ info ] [ ROUTE ] array (
  'type' => 'module',
  'module' => 
  array (
    0 => 'public',
    1 => 'admin',
    2 => 'css',
  ),
)
[ info ] [ HEADER ] array (
  'host' => 'localhost',
  'user-agent' => 'Mozilla/5.0 (Windows NT 6.1; WOW64; rv:52.0) Gecko/20100101 Firefox/52.0',
  'accept' => 'text/html,application/xhtml+xml,application/xml;q=0.9,*/*;q=0.8',
  'accept-language' => 'zh-CN,zh;q=0.8,en-US;q=0.5,en;q=0.3',
  'accept-encoding' => 'gzip, deflate',
  'cookie' => 'yougememberID=13c1qTGLaeZ41zYBnHpQipkQ%2FUbLxm1w9MuYpTJaBPnE%2B1Le9ZVAj4dKzy3COFXWmsEe',
  'connection' => 'keep-alive',
  'pragma' => 'no-cache',
  'cache-control' => 'no-cache',
)
[ info ] [ PARAM ] array (
)
[ info ] [ LOG ] INIT File

---------------------------------------------------------------
[ 2018-06-25T10:36:26+08:00 ] 127.0.0.1 127.0.0.1 GET /minprogramshop/manage/miniapp/create.html
[ log ] localhost/minprogramshop/manage/miniapp/create.html [运行时间：0.431000s][吞吐率：2.32req/s] [内存消耗：3,784.18kb] [文件加载：91]
[ info ] [ LANG ] D:\soft\Apache24\htdocs\minprogramshop\thinkphp\lang\zh-cn.php
[ info ] [ ROUTE ] array (
  'type' => 'module',
  'module' => 
  array (
    0 => 'manage',
    1 => 'miniapp',
    2 => 'create',
  ),
)
[ info ] [ HEADER ] array (
  'host' => 'localhost',
  'user-agent' => 'Mozilla/5.0 (Windows NT 6.1; WOW64; rv:52.0) Gecko/20100101 Firefox/52.0',
  'accept' => 'text/html,application/xhtml+xml,application/xml;q=0.9,*/*;q=0.8',
  'accept-language' => 'zh-CN,zh;q=0.8,en-US;q=0.5,en;q=0.3',
  'accept-encoding' => 'gzip, deflate',
  'referer' => 'http://localhost/minprogramshop/manage/miniapp/index',
  'cookie' => 'yougememberID=13c1qTGLaeZ41zYBnHpQipkQ%2FUbLxm1w9MuYpTJaBPnE%2B1Le9ZVAj4dKzy3COFXWmsEe',
  'connection' => 'keep-alive',
  'upgrade-insecure-requests' => '1',
)
[ info ] [ PARAM ] array (
)
[ info ] [ DB ] INIT mysql
[ info ] [ RUN ] app\manage\controller\Miniapp->create[ D:\soft\Apache24\htdocs\minprogramshop\youge\manage\controller\Miniapp.php ]
[ info ] [ CACHE ] INIT File
[ info ] [ VIEW ] D:\soft\Apache24\htdocs\minprogramshop\thinkphp\tpl\dispatch_jump.tpl [ array (
  0 => 'member',
  1 => 'leftMenus',
  2 => 'code',
  3 => 'msg',
  4 => 'data',
  5 => 'url',
  6 => 'wait',
) ]
[ info ] [ LOG ] INIT File

---------------------------------------------------------------
[ 2018-06-25T12:37:49+08:00 ] 127.0.0.1 127.0.0.1 GET /minprogramshop/manage/miniapp/index.html
[ log ] localhost/minprogramshop/manage/miniapp/index.html [运行时间：0.107000s][吞吐率：9.35req/s] [内存消耗：3,872.59kb] [文件加载：90]
[ info ] [ LANG ] D:\soft\Apache24\htdocs\minprogramshop\thinkphp\lang\zh-cn.php
[ info ] [ ROUTE ] array (
  'type' => 'module',
  'module' => 
  array (
    0 => 'manage',
    1 => 'miniapp',
    2 => 'index',
  ),
)
[ info ] [ HEADER ] array (
  'host' => 'localhost',
  'user-agent' => 'Mozilla/5.0 (Windows NT 6.1; WOW64; rv:52.0) Gecko/20100101 Firefox/52.0',
  'accept' => 'text/html,application/xhtml+xml,application/xml;q=0.9,*/*;q=0.8',
  'accept-language' => 'zh-CN,zh;q=0.8,en-US;q=0.5,en;q=0.3',
  'accept-encoding' => 'gzip, deflate',
  'referer' => 'http://localhost/minprogramshop/manage/index/index.html',
  'cookie' => 'yougememberID=13c1qTGLaeZ41zYBnHpQipkQ%2FUbLxm1w9MuYpTJaBPnE%2B1Le9ZVAj4dKzy3COFXWmsEe',
  'connection' => 'keep-alive',
  'upgrade-insecure-requests' => '1',
)
[ info ] [ PARAM ] array (
)
[ info ] [ DB ] INIT mysql
[ info ] [ RUN ] app\manage\controller\Miniapp->index[ D:\soft\Apache24\htdocs\minprogramshop\youge\manage\controller\Miniapp.php ]
[ info ] [ VIEW ] D:\soft\Apache24\htdocs\minprogramshop/youge/manage\view\miniapp\index.html [ array (
  0 => 'member',
  1 => 'leftMenus',
  2 => 'miniapp',
  3 => 'list',
  4 => 'page',
  5 => 'search',
) ]
[ info ] [ LOG ] INIT File

---------------------------------------------------------------
[ 2018-06-25T12:37:51+08:00 ] 127.0.0.1 127.0.0.1 GET /minprogramshop/manage/index/main.html
[ log ] localhost/minprogramshop/manage/index/main.html [运行时间：0.058000s][吞吐率：17.24req/s] [内存消耗：3,361.23kb] [文件加载：80]
[ info ] [ LANG ] D:\soft\Apache24\htdocs\minprogramshop\thinkphp\lang\zh-cn.php
[ info ] [ ROUTE ] array (
  'type' => 'module',
  'module' => 
  array (
    0 => 'manage',
    1 => 'index',
    2 => 'main',
  ),
)
[ info ] [ HEADER ] array (
  'host' => 'localhost',
  'user-agent' => 'Mozilla/5.0 (Windows NT 6.1; WOW64; rv:52.0) Gecko/20100101 Firefox/52.0',
  'accept' => 'text/html,application/xhtml+xml,application/xml;q=0.9,*/*;q=0.8',
  'accept-language' => 'zh-CN,zh;q=0.8,en-US;q=0.5,en;q=0.3',
  'accept-encoding' => 'gzip, deflate',
  'referer' => 'http://localhost/minprogramshop/manage/index/index.html',
  'cookie' => 'yougememberID=13c1qTGLaeZ41zYBnHpQipkQ%2FUbLxm1w9MuYpTJaBPnE%2B1Le9ZVAj4dKzy3COFXWmsEe',
  'connection' => 'keep-alive',
  'upgrade-insecure-requests' => '1',
)
[ info ] [ PARAM ] array (
)
[ info ] [ DB ] INIT mysql
[ info ] [ RUN ] app\manage\controller\Index->main[ D:\soft\Apache24\htdocs\minprogramshop\youge\manage\controller\Index.php ]
[ info ] [ LOG ] INIT File

---------------------------------------------------------------
[ 2018-06-25T12:37:51+08:00 ] 127.0.0.1 127.0.0.1 GET /minprogramshop/manage/miniappshop/index.html
[ log ] localhost/minprogramshop/manage/miniappshop/index.html [运行时间：0.076000s][吞吐率：13.16req/s] [内存消耗：4,016.05kb] [文件加载：90]
[ info ] [ LANG ] D:\soft\Apache24\htdocs\minprogramshop\thinkphp\lang\zh-cn.php
[ info ] [ ROUTE ] array (
  'type' => 'module',
  'module' => 
  array (
    0 => 'manage',
    1 => 'miniappshop',
    2 => 'index',
  ),
)
[ info ] [ HEADER ] array (
  'host' => 'localhost',
  'user-agent' => 'Mozilla/5.0 (Windows NT 6.1; WOW64; rv:52.0) Gecko/20100101 Firefox/52.0',
  'accept' => 'text/html,application/xhtml+xml,application/xml;q=0.9,*/*;q=0.8',
  'accept-language' => 'zh-CN,zh;q=0.8,en-US;q=0.5,en;q=0.3',
  'accept-encoding' => 'gzip, deflate',
  'referer' => 'http://localhost/minprogramshop/manage/index/index.html',
  'cookie' => 'yougememberID=13c1qTGLaeZ41zYBnHpQipkQ%2FUbLxm1w9MuYpTJaBPnE%2B1Le9ZVAj4dKzy3COFXWmsEe',
  'connection' => 'keep-alive',
  'upgrade-insecure-requests' => '1',
)
[ info ] [ PARAM ] array (
)
[ info ] [ DB ] INIT mysql
[ info ] [ CACHE ] INIT File
[ info ] [ RUN ] app\manage\controller\Miniappshop->index[ D:\soft\Apache24\htdocs\minprogramshop\youge\manage\controller\Miniappshop.php ]
[ info ] [ VIEW ] D:\soft\Apache24\htdocs\minprogramshop/youge/manage\view\miniappshop\index.html [ array (
  0 => 'member',
  1 => 'leftMenus',
  2 => 'nowtime',
  3 => 'tixing',
  4 => 'agent',
  5 => 'list',
  6 => 'member_miniapp_id',
  7 => 'buys',
) ]
[ info ] [ LOG ] INIT File

---------------------------------------------------------------
[ 2018-06-25T12:37:53+08:00 ] 127.0.0.1 127.0.0.1 GET /minprogramshop/manage/miniappshop/miappdetail/miniapp_id/37/member_miniapp_id/0.html
[ log ] localhost/minprogramshop/manage/miniappshop/miappdetail/miniapp_id/37/member_miniapp_id/0.html [运行时间：0.131000s][吞吐率：7.63req/s] [内存消耗：3,881.91kb] [文件加载：92]
[ info ] [ LANG ] D:\soft\Apache24\htdocs\minprogramshop\thinkphp\lang\zh-cn.php
[ info ] [ ROUTE ] array (
  'type' => 'module',
  'module' => 
  array (
    0 => 'manage',
    1 => 'miniappshop',
    2 => 'miappdetail',
  ),
)
[ info ] [ HEADER ] array (
  'host' => 'localhost',
  'user-agent' => 'Mozilla/5.0 (Windows NT 6.1; WOW64; rv:52.0) Gecko/20100101 Firefox/52.0',
  'accept' => 'text/html,application/xhtml+xml,application/xml;q=0.9,*/*;q=0.8',
  'accept-language' => 'zh-CN,zh;q=0.8,en-US;q=0.5,en;q=0.3',
  'accept-encoding' => 'gzip, deflate',
  'referer' => 'http://localhost/minprogramshop/manage/miniappshop/index.html',
  'cookie' => 'yougememberID=13c1qTGLaeZ41zYBnHpQipkQ%2FUbLxm1w9MuYpTJaBPnE%2B1Le9ZVAj4dKzy3COFXWmsEe',
  'connection' => 'keep-alive',
  'upgrade-insecure-requests' => '1',
)
[ info ] [ PARAM ] array (
  'miniapp_id' => '37',
  'member_miniapp_id' => '0',
)
[ info ] [ DB ] INIT mysql
[ info ] [ CACHE ] INIT File
[ info ] [ RUN ] app\manage\controller\Miniappshop->miappdetail[ D:\soft\Apache24\htdocs\minprogramshop\youge\manage\controller\Miniappshop.php ]
[ info ] [ VIEW ] D:\soft\Apache24\htdocs\minprogramshop/youge/manage\view\miniappshop\miappdetail.html [ array (
  0 => 'member',
  1 => 'leftMenus',
  2 => 'nowtime',
  3 => 'tixing',
  4 => 'agent',
  5 => 'describes',
  6 => 'buys',
  7 => 'photos',
  8 => 'detail',
  9 => 'member_miniapp_id',
) ]
[ info ] [ LOG ] INIT File

---------------------------------------------------------------
[ 2018-06-25T12:43:42+08:00 ] 127.0.0.1 127.0.0.1 GET /minprogramshop/manage/member/usertext
[ log ] localhost/minprogramshop/manage/member/usertext [运行时间：0.086000s][吞吐率：11.63req/s] [内存消耗：3,719.99kb] [文件加载：85]
[ info ] [ LANG ] D:\soft\Apache24\htdocs\minprogramshop\thinkphp\lang\zh-cn.php
[ info ] [ ROUTE ] array (
  'type' => 'module',
  'module' => 
  array (
    0 => 'manage',
    1 => 'member',
    2 => 'usertext',
  ),
)
[ info ] [ HEADER ] array (
  'host' => 'localhost',
  'user-agent' => 'Mozilla/5.0 (Windows NT 6.1; WOW64; rv:52.0) Gecko/20100101 Firefox/52.0',
  'accept' => 'text/html,application/xhtml+xml,application/xml;q=0.9,*/*;q=0.8',
  'accept-language' => 'zh-CN,zh;q=0.8,en-US;q=0.5,en;q=0.3',
  'accept-encoding' => 'gzip, deflate',
  'referer' => 'http://localhost/minprogramshop/manage/index/index.html',
  'cookie' => 'yougememberID=13c1qTGLaeZ41zYBnHpQipkQ%2FUbLxm1w9MuYpTJaBPnE%2B1Le9ZVAj4dKzy3COFXWmsEe',
  'connection' => 'keep-alive',
  'upgrade-insecure-requests' => '1',
)
[ info ] [ PARAM ] array (
)
[ info ] [ DB ] INIT mysql
[ info ] [ RUN ] app\manage\controller\Member->usertext[ D:\soft\Apache24\htdocs\minprogramshop\youge\manage\controller\Member.php ]
[ info ] [ VIEW ] D:\soft\Apache24\htdocs\minprogramshop/youge/manage\view\member\usertext.html [ array (
  0 => 'member',
  1 => 'leftMenus',
  2 => 'member_id',
  3 => 'moblie',
  4 => 'nick_name',
  5 => 'real_name',
  6 => 'email',
  7 => 'qq',
  8 => 'weixin',
  9 => 'nick_dllogo',
  10 => 'nick_dltitle',
) ]
[ info ] [ LOG ] INIT File

---------------------------------------------------------------
[ 2018-06-25T12:43:44+08:00 ] 127.0.0.1 127.0.0.1 GET /minprogramshop/manage/money/lists.html
[ log ] localhost/minprogramshop/manage/money/lists.html [运行时间：0.071000s][吞吐率：14.08req/s] [内存消耗：3,613.14kb] [文件加载：84]
[ info ] [ LANG ] D:\soft\Apache24\htdocs\minprogramshop\thinkphp\lang\zh-cn.php
[ info ] [ ROUTE ] array (
  'type' => 'module',
  'module' => 
  array (
    0 => 'manage',
    1 => 'money',
    2 => 'lists',
  ),
)
[ info ] [ HEADER ] array (
  'host' => 'localhost',
  'user-agent' => 'Mozilla/5.0 (Windows NT 6.1; WOW64; rv:52.0) Gecko/20100101 Firefox/52.0',
  'accept' => 'text/html,application/xhtml+xml,application/xml;q=0.9,*/*;q=0.8',
  'accept-language' => 'zh-CN,zh;q=0.8,en-US;q=0.5,en;q=0.3',
  'accept-encoding' => 'gzip, deflate',
  'referer' => 'http://localhost/minprogramshop/manage/index/index.html',
  'cookie' => 'yougememberID=13c1qTGLaeZ41zYBnHpQipkQ%2FUbLxm1w9MuYpTJaBPnE%2B1Le9ZVAj4dKzy3COFXWmsEe',
  'connection' => 'keep-alive',
  'upgrade-insecure-requests' => '1',
)
[ info ] [ PARAM ] array (
)
[ info ] [ DB ] INIT mysql
[ info ] [ RUN ] app\manage\controller\Money->lists[ D:\soft\Apache24\htdocs\minprogramshop\youge\manage\controller\Money.php ]
[ info ] [ VIEW ] D:\soft\Apache24\htdocs\minprogramshop/youge/manage\view\money\lists.html [ array (
  0 => 'member',
  1 => 'leftMenus',
  2 => 'member_id',
  3 => 'moblie',
  4 => 'nick_name',
  5 => 'real_name',
  6 => 'email',
  7 => 'qq',
  8 => 'weixin',
  9 => 'nick_dllogo',
  10 => 'nick_dltitle',
) ]
[ info ] [ LOG ] INIT File

---------------------------------------------------------------
[ 2018-06-25T12:43:46+08:00 ] 127.0.0.1 127.0.0.1 GET /minprogramshop/manage/money/recharge.html
[ log ] localhost/minprogramshop/manage/money/recharge.html [运行时间：0.077000s][吞吐率：12.99req/s] [内存消耗：3,608.68kb] [文件加载：84]
[ info ] [ LANG ] D:\soft\Apache24\htdocs\minprogramshop\thinkphp\lang\zh-cn.php
[ info ] [ ROUTE ] array (
  'type' => 'module',
  'module' => 
  array (
    0 => 'manage',
    1 => 'money',
    2 => 'recharge',
  ),
)
[ info ] [ HEADER ] array (
  'host' => 'localhost',
  'user-agent' => 'Mozilla/5.0 (Windows NT 6.1; WOW64; rv:52.0) Gecko/20100101 Firefox/52.0',
  'accept' => 'text/html,application/xhtml+xml,application/xml;q=0.9,*/*;q=0.8',
  'accept-language' => 'zh-CN,zh;q=0.8,en-US;q=0.5,en;q=0.3',
  'accept-encoding' => 'gzip, deflate',
  'referer' => 'http://localhost/minprogramshop/manage/index/index.html',
  'cookie' => 'yougememberID=13c1qTGLaeZ41zYBnHpQipkQ%2FUbLxm1w9MuYpTJaBPnE%2B1Le9ZVAj4dKzy3COFXWmsEe',
  'connection' => 'keep-alive',
  'upgrade-insecure-requests' => '1',
)
[ info ] [ PARAM ] array (
)
[ info ] [ DB ] INIT mysql
[ info ] [ RUN ] app\manage\controller\Money->recharge[ D:\soft\Apache24\htdocs\minprogramshop\youge\manage\controller\Money.php ]
[ info ] [ VIEW ] D:\soft\Apache24\htdocs\minprogramshop/youge/manage\view\money\recharge.html [ array (
  0 => 'member',
  1 => 'leftMenus',
  2 => 'member_id',
  3 => 'moblie',
  4 => 'nick_name',
  5 => 'real_name',
  6 => 'email',
  7 => 'qq',
  8 => 'weixin',
  9 => 'nick_dllogo',
  10 => 'nick_dltitle',
) ]
[ info ] [ LOG ] INIT File

---------------------------------------------------------------
[ 2018-06-25T12:43:47+08:00 ] 127.0.0.1 127.0.0.1 GET /minprogramshop/manage/member/index.html
[ log ] localhost/minprogramshop/manage/member/index.html [运行时间：0.109000s][吞吐率：9.17req/s] [内存消耗：3,834.19kb] [文件加载：90]
[ info ] [ LANG ] D:\soft\Apache24\htdocs\minprogramshop\thinkphp\lang\zh-cn.php
[ info ] [ ROUTE ] array (
  'type' => 'module',
  'module' => 
  array (
    0 => 'manage',
    1 => 'member',
    2 => 'index',
  ),
)
[ info ] [ HEADER ] array (
  'host' => 'localhost',
  'user-agent' => 'Mozilla/5.0 (Windows NT 6.1; WOW64; rv:52.0) Gecko/20100101 Firefox/52.0',
  'accept' => 'text/html,application/xhtml+xml,application/xml;q=0.9,*/*;q=0.8',
  'accept-language' => 'zh-CN,zh;q=0.8,en-US;q=0.5,en;q=0.3',
  'accept-encoding' => 'gzip, deflate',
  'referer' => 'http://localhost/minprogramshop/manage/index/index.html',
  'cookie' => 'yougememberID=13c1qTGLaeZ41zYBnHpQipkQ%2FUbLxm1w9MuYpTJaBPnE%2B1Le9ZVAj4dKzy3COFXWmsEe',
  'connection' => 'keep-alive',
  'upgrade-insecure-requests' => '1',
)
[ info ] [ PARAM ] array (
)
[ info ] [ DB ] INIT mysql
[ info ] [ RUN ] app\manage\controller\Member->index[ D:\soft\Apache24\htdocs\minprogramshop\youge\manage\controller\Member.php ]
[ info ] [ VIEW ] D:\soft\Apache24\htdocs\minprogramshop/youge/manage\view\member\index.html [ array (
  0 => 'member',
  1 => 'leftMenus',
  2 => 'money',
  3 => 'sms',
) ]
[ info ] [ LOG ] INIT File

---------------------------------------------------------------
[ 2018-06-25T12:43:50+08:00 ] 127.0.0.1 127.0.0.1 GET /minprogramshop/manage/index/main.html
[ log ] localhost/minprogramshop/manage/index/main.html [运行时间：0.066000s][吞吐率：15.15req/s] [内存消耗：3,361.23kb] [文件加载：80]
[ info ] [ LANG ] D:\soft\Apache24\htdocs\minprogramshop\thinkphp\lang\zh-cn.php
[ info ] [ ROUTE ] array (
  'type' => 'module',
  'module' => 
  array (
    0 => 'manage',
    1 => 'index',
    2 => 'main',
  ),
)
[ info ] [ HEADER ] array (
  'host' => 'localhost',
  'user-agent' => 'Mozilla/5.0 (Windows NT 6.1; WOW64; rv:52.0) Gecko/20100101 Firefox/52.0',
  'accept' => 'text/html,application/xhtml+xml,application/xml;q=0.9,*/*;q=0.8',
  'accept-language' => 'zh-CN,zh;q=0.8,en-US;q=0.5,en;q=0.3',
  'accept-encoding' => 'gzip, deflate',
  'referer' => 'http://localhost/minprogramshop/manage/index/index.html',
  'cookie' => 'yougememberID=13c1qTGLaeZ41zYBnHpQipkQ%2FUbLxm1w9MuYpTJaBPnE%2B1Le9ZVAj4dKzy3COFXWmsEe',
  'connection' => 'keep-alive',
  'upgrade-insecure-requests' => '1',
)
[ info ] [ PARAM ] array (
)
[ info ] [ DB ] INIT mysql
[ info ] [ RUN ] app\manage\controller\Index->main[ D:\soft\Apache24\htdocs\minprogramshop\youge\manage\controller\Index.php ]
[ info ] [ LOG ] INIT File

---------------------------------------------------------------
[ 2018-06-25T12:43:50+08:00 ] 127.0.0.1 127.0.0.1 GET /minprogramshop/manage/miniappshop/index.html
[ log ] localhost/minprogramshop/manage/miniappshop/index.html [运行时间：0.085000s][吞吐率：11.76req/s] [内存消耗：4,016.05kb] [文件加载：90]
[ info ] [ LANG ] D:\soft\Apache24\htdocs\minprogramshop\thinkphp\lang\zh-cn.php
[ info ] [ ROUTE ] array (
  'type' => 'module',
  'module' => 
  array (
    0 => 'manage',
    1 => 'miniappshop',
    2 => 'index',
  ),
)
[ info ] [ HEADER ] array (
  'host' => 'localhost',
  'user-agent' => 'Mozilla/5.0 (Windows NT 6.1; WOW64; rv:52.0) Gecko/20100101 Firefox/52.0',
  'accept' => 'text/html,application/xhtml+xml,application/xml;q=0.9,*/*;q=0.8',
  'accept-language' => 'zh-CN,zh;q=0.8,en-US;q=0.5,en;q=0.3',
  'accept-encoding' => 'gzip, deflate',
  'referer' => 'http://localhost/minprogramshop/manage/index/index.html',
  'cookie' => 'yougememberID=13c1qTGLaeZ41zYBnHpQipkQ%2FUbLxm1w9MuYpTJaBPnE%2B1Le9ZVAj4dKzy3COFXWmsEe',
  'connection' => 'keep-alive',
  'upgrade-insecure-requests' => '1',
)
[ info ] [ PARAM ] array (
)
[ info ] [ DB ] INIT mysql
[ info ] [ CACHE ] INIT File
[ info ] [ RUN ] app\manage\controller\Miniappshop->index[ D:\soft\Apache24\htdocs\minprogramshop\youge\manage\controller\Miniappshop.php ]
[ info ] [ VIEW ] D:\soft\Apache24\htdocs\minprogramshop/youge/manage\view\miniappshop\index.html [ array (
  0 => 'member',
  1 => 'leftMenus',
  2 => 'nowtime',
  3 => 'tixing',
  4 => 'agent',
  5 => 'list',
  6 => 'member_miniapp_id',
  7 => 'buys',
) ]
[ info ] [ LOG ] INIT File

---------------------------------------------------------------
[ 2018-06-25T12:43:52+08:00 ] 127.0.0.1 127.0.0.1 GET /minprogramshop/manage/miniapp/index.html
[ log ] localhost/minprogramshop/manage/miniapp/index.html [运行时间：0.071000s][吞吐率：14.08req/s] [内存消耗：3,872.59kb] [文件加载：90]
[ info ] [ LANG ] D:\soft\Apache24\htdocs\minprogramshop\thinkphp\lang\zh-cn.php
[ info ] [ ROUTE ] array (
  'type' => 'module',
  'module' => 
  array (
    0 => 'manage',
    1 => 'miniapp',
    2 => 'index',
  ),
)
[ info ] [ HEADER ] array (
  'host' => 'localhost',
  'user-agent' => 'Mozilla/5.0 (Windows NT 6.1; WOW64; rv:52.0) Gecko/20100101 Firefox/52.0',
  'accept' => 'text/html,application/xhtml+xml,application/xml;q=0.9,*/*;q=0.8',
  'accept-language' => 'zh-CN,zh;q=0.8,en-US;q=0.5,en;q=0.3',
  'accept-encoding' => 'gzip, deflate',
  'referer' => 'http://localhost/minprogramshop/manage/index/index.html',
  'cookie' => 'yougememberID=13c1qTGLaeZ41zYBnHpQipkQ%2FUbLxm1w9MuYpTJaBPnE%2B1Le9ZVAj4dKzy3COFXWmsEe',
  'connection' => 'keep-alive',
  'upgrade-insecure-requests' => '1',
)
[ info ] [ PARAM ] array (
)
[ info ] [ DB ] INIT mysql
[ info ] [ RUN ] app\manage\controller\Miniapp->index[ D:\soft\Apache24\htdocs\minprogramshop\youge\manage\controller\Miniapp.php ]
[ info ] [ VIEW ] D:\soft\Apache24\htdocs\minprogramshop/youge/manage\view\miniapp\index.html [ array (
  0 => 'member',
  1 => 'leftMenus',
  2 => 'miniapp',
  3 => 'list',
  4 => 'page',
  5 => 'search',
) ]
[ info ] [ LOG ] INIT File

---------------------------------------------------------------
[ 2018-06-25T12:43:53+08:00 ] 127.0.0.1 127.0.0.1 GET /minprogramshop/manage/miniappshop/index.html
[ log ] localhost/minprogramshop/manage/miniappshop/index.html [运行时间：0.093000s][吞吐率：10.75req/s] [内存消耗：4,016.05kb] [文件加载：90]
[ info ] [ LANG ] D:\soft\Apache24\htdocs\minprogramshop\thinkphp\lang\zh-cn.php
[ info ] [ ROUTE ] array (
  'type' => 'module',
  'module' => 
  array (
    0 => 'manage',
    1 => 'miniappshop',
    2 => 'index',
  ),
)
[ info ] [ HEADER ] array (
  'host' => 'localhost',
  'user-agent' => 'Mozilla/5.0 (Windows NT 6.1; WOW64; rv:52.0) Gecko/20100101 Firefox/52.0',
  'accept' => 'text/html,application/xhtml+xml,application/xml;q=0.9,*/*;q=0.8',
  'accept-language' => 'zh-CN,zh;q=0.8,en-US;q=0.5,en;q=0.3',
  'accept-encoding' => 'gzip, deflate',
  'referer' => 'http://localhost/minprogramshop/manage/index/index.html',
  'cookie' => 'yougememberID=13c1qTGLaeZ41zYBnHpQipkQ%2FUbLxm1w9MuYpTJaBPnE%2B1Le9ZVAj4dKzy3COFXWmsEe',
  'connection' => 'keep-alive',
  'upgrade-insecure-requests' => '1',
)
[ info ] [ PARAM ] array (
)
[ info ] [ DB ] INIT mysql
[ info ] [ CACHE ] INIT File
[ info ] [ RUN ] app\manage\controller\Miniappshop->index[ D:\soft\Apache24\htdocs\minprogramshop\youge\manage\controller\Miniappshop.php ]
[ info ] [ VIEW ] D:\soft\Apache24\htdocs\minprogramshop/youge/manage\view\miniappshop\index.html [ array (
  0 => 'member',
  1 => 'leftMenus',
  2 => 'nowtime',
  3 => 'tixing',
  4 => 'agent',
  5 => 'list',
  6 => 'member_miniapp_id',
  7 => 'buys',
) ]
[ info ] [ LOG ] INIT File

---------------------------------------------------------------
[ 2018-06-25T12:43:54+08:00 ] 127.0.0.1 127.0.0.1 GET /minprogramshop/manage/member/index.html
[ log ] localhost/minprogramshop/manage/member/index.html [运行时间：0.084000s][吞吐率：11.90req/s] [内存消耗：3,834.19kb] [文件加载：90]
[ info ] [ LANG ] D:\soft\Apache24\htdocs\minprogramshop\thinkphp\lang\zh-cn.php
[ info ] [ ROUTE ] array (
  'type' => 'module',
  'module' => 
  array (
    0 => 'manage',
    1 => 'member',
    2 => 'index',
  ),
)
[ info ] [ HEADER ] array (
  'host' => 'localhost',
  'user-agent' => 'Mozilla/5.0 (Windows NT 6.1; WOW64; rv:52.0) Gecko/20100101 Firefox/52.0',
  'accept' => 'text/html,application/xhtml+xml,application/xml;q=0.9,*/*;q=0.8',
  'accept-language' => 'zh-CN,zh;q=0.8,en-US;q=0.5,en;q=0.3',
  'accept-encoding' => 'gzip, deflate',
  'referer' => 'http://localhost/minprogramshop/manage/index/index.html',
  'cookie' => 'yougememberID=13c1qTGLaeZ41zYBnHpQipkQ%2FUbLxm1w9MuYpTJaBPnE%2B1Le9ZVAj4dKzy3COFXWmsEe',
  'connection' => 'keep-alive',
  'upgrade-insecure-requests' => '1',
)
[ info ] [ PARAM ] array (
)
[ info ] [ DB ] INIT mysql
[ info ] [ RUN ] app\manage\controller\Member->index[ D:\soft\Apache24\htdocs\minprogramshop\youge\manage\controller\Member.php ]
[ info ] [ VIEW ] D:\soft\Apache24\htdocs\minprogramshop/youge/manage\view\member\index.html [ array (
  0 => 'member',
  1 => 'leftMenus',
  2 => 'money',
  3 => 'sms',
) ]
[ info ] [ LOG ] INIT File

---------------------------------------------------------------
[ 2018-06-25T12:43:55+08:00 ] 127.0.0.1 127.0.0.1 GET /minprogramshop/manage/money/recharge.html
[ log ] localhost/minprogramshop/manage/money/recharge.html [运行时间：0.068000s][吞吐率：14.71req/s] [内存消耗：3,608.68kb] [文件加载：84]
[ info ] [ LANG ] D:\soft\Apache24\htdocs\minprogramshop\thinkphp\lang\zh-cn.php
[ info ] [ ROUTE ] array (
  'type' => 'module',
  'module' => 
  array (
    0 => 'manage',
    1 => 'money',
    2 => 'recharge',
  ),
)
[ info ] [ HEADER ] array (
  'host' => 'localhost',
  'user-agent' => 'Mozilla/5.0 (Windows NT 6.1; WOW64; rv:52.0) Gecko/20100101 Firefox/52.0',
  'accept' => 'text/html,application/xhtml+xml,application/xml;q=0.9,*/*;q=0.8',
  'accept-language' => 'zh-CN,zh;q=0.8,en-US;q=0.5,en;q=0.3',
  'accept-encoding' => 'gzip, deflate',
  'referer' => 'http://localhost/minprogramshop/manage/index/index.html',
  'cookie' => 'yougememberID=13c1qTGLaeZ41zYBnHpQipkQ%2FUbLxm1w9MuYpTJaBPnE%2B1Le9ZVAj4dKzy3COFXWmsEe',
  'connection' => 'keep-alive',
  'upgrade-insecure-requests' => '1',
)
[ info ] [ PARAM ] array (
)
[ info ] [ DB ] INIT mysql
[ info ] [ RUN ] app\manage\controller\Money->recharge[ D:\soft\Apache24\htdocs\minprogramshop\youge\manage\controller\Money.php ]
[ info ] [ VIEW ] D:\soft\Apache24\htdocs\minprogramshop/youge/manage\view\money\recharge.html [ array (
  0 => 'member',
  1 => 'leftMenus',
  2 => 'member_id',
  3 => 'moblie',
  4 => 'nick_name',
  5 => 'real_name',
  6 => 'email',
  7 => 'qq',
  8 => 'weixin',
  9 => 'nick_dllogo',
  10 => 'nick_dltitle',
) ]
[ info ] [ LOG ] INIT File

---------------------------------------------------------------
[ 2018-06-25T12:43:56+08:00 ] 127.0.0.1 127.0.0.1 GET /minprogramshop/manage/money/lists.html
[ log ] localhost/minprogramshop/manage/money/lists.html [运行时间：0.069000s][吞吐率：14.49req/s] [内存消耗：3,613.14kb] [文件加载：84]
[ info ] [ LANG ] D:\soft\Apache24\htdocs\minprogramshop\thinkphp\lang\zh-cn.php
[ info ] [ ROUTE ] array (
  'type' => 'module',
  'module' => 
  array (
    0 => 'manage',
    1 => 'money',
    2 => 'lists',
  ),
)
[ info ] [ HEADER ] array (
  'host' => 'localhost',
  'user-agent' => 'Mozilla/5.0 (Windows NT 6.1; WOW64; rv:52.0) Gecko/20100101 Firefox/52.0',
  'accept' => 'text/html,application/xhtml+xml,application/xml;q=0.9,*/*;q=0.8',
  'accept-language' => 'zh-CN,zh;q=0.8,en-US;q=0.5,en;q=0.3',
  'accept-encoding' => 'gzip, deflate',
  'referer' => 'http://localhost/minprogramshop/manage/index/index.html',
  'cookie' => 'yougememberID=13c1qTGLaeZ41zYBnHpQipkQ%2FUbLxm1w9MuYpTJaBPnE%2B1Le9ZVAj4dKzy3COFXWmsEe',
  'connection' => 'keep-alive',
  'upgrade-insecure-requests' => '1',
)
[ info ] [ PARAM ] array (
)
[ info ] [ DB ] INIT mysql
[ info ] [ RUN ] app\manage\controller\Money->lists[ D:\soft\Apache24\htdocs\minprogramshop\youge\manage\controller\Money.php ]
[ info ] [ VIEW ] D:\soft\Apache24\htdocs\minprogramshop/youge/manage\view\money\lists.html [ array (
  0 => 'member',
  1 => 'leftMenus',
  2 => 'member_id',
  3 => 'moblie',
  4 => 'nick_name',
  5 => 'real_name',
  6 => 'email',
  7 => 'qq',
  8 => 'weixin',
  9 => 'nick_dllogo',
  10 => 'nick_dltitle',
) ]
[ info ] [ LOG ] INIT File

---------------------------------------------------------------
[ 2018-06-25T13:25:49+08:00 ] 127.0.0.1 127.0.0.1 GET /minprogramshop/manage/index/index.html
[ log ] localhost/minprogramshop/manage/index/index.html [运行时间：0.118000s][吞吐率：8.47req/s] [内存消耗：3,748.65kb] [文件加载：89]
[ info ] [ LANG ] D:\soft\Apache24\htdocs\minprogramshop\thinkphp\lang\zh-cn.php
[ info ] [ ROUTE ] array (
  'type' => 'module',
  'module' => 
  array (
    0 => 'manage',
    1 => 'index',
    2 => 'index',
  ),
)
[ info ] [ HEADER ] array (
  'host' => 'localhost',
  'user-agent' => 'Mozilla/5.0 (Windows NT 6.1; WOW64; rv:52.0) Gecko/20100101 Firefox/52.0',
  'accept' => 'text/html,application/xhtml+xml,application/xml;q=0.9,*/*;q=0.8',
  'accept-language' => 'zh-CN,zh;q=0.8,en-US;q=0.5,en;q=0.3',
  'accept-encoding' => 'gzip, deflate',
  'referer' => 'http://localhost/minprogramshop/manage/passport/login.html',
  'cookie' => 'yougememberID=13c1qTGLaeZ41zYBnHpQipkQ%2FUbLxm1w9MuYpTJaBPnE%2B1Le9ZVAj4dKzy3COFXWmsEe',
  'connection' => 'keep-alive',
  'upgrade-insecure-requests' => '1',
  'cache-control' => 'max-age=0',
)
[ info ] [ PARAM ] array (
)
[ info ] [ DB ] INIT mysql
[ info ] [ RUN ] app\manage\controller\Index->index[ D:\soft\Apache24\htdocs\minprogramshop\youge\manage\controller\Index.php ]
[ info ] [ VIEW ] D:\soft\Apache24\htdocs\minprogramshop/youge/manage\view\index\index.html [ array (
  0 => 'member',
  1 => 'leftMenus',
) ]
[ info ] [ CACHE ] INIT File
[ info ] [ LOG ] INIT File

---------------------------------------------------------------
[ 2018-06-25T13:25:49+08:00 ] 127.0.0.1 127.0.0.1 GET /minprogramshop/manage/miniapp/index
[ log ] localhost/minprogramshop/manage/miniapp/index [运行时间：0.086000s][吞吐率：11.63req/s] [内存消耗：3,872.51kb] [文件加载：90]
[ info ] [ LANG ] D:\soft\Apache24\htdocs\minprogramshop\thinkphp\lang\zh-cn.php
[ info ] [ ROUTE ] array (
  'type' => 'module',
  'module' => 
  array (
    0 => 'manage',
    1 => 'miniapp',
    2 => 'index',
  ),
)
[ info ] [ HEADER ] array (
  'host' => 'localhost',
  'user-agent' => 'Mozilla/5.0 (Windows NT 6.1; WOW64; rv:52.0) Gecko/20100101 Firefox/52.0',
  'accept' => 'text/html,application/xhtml+xml,application/xml;q=0.9,*/*;q=0.8',
  'accept-language' => 'zh-CN,zh;q=0.8,en-US;q=0.5,en;q=0.3',
  'accept-encoding' => 'gzip, deflate',
  'referer' => 'http://localhost/minprogramshop/manage/index/index.html',
  'cookie' => 'yougememberID=13c1qTGLaeZ41zYBnHpQipkQ%2FUbLxm1w9MuYpTJaBPnE%2B1Le9ZVAj4dKzy3COFXWmsEe',
  'connection' => 'keep-alive',
  'upgrade-insecure-requests' => '1',
)
[ info ] [ PARAM ] array (
)
[ info ] [ DB ] INIT mysql
[ info ] [ RUN ] app\manage\controller\Miniapp->index[ D:\soft\Apache24\htdocs\minprogramshop\youge\manage\controller\Miniapp.php ]
[ info ] [ VIEW ] D:\soft\Apache24\htdocs\minprogramshop/youge/manage\view\miniapp\index.html [ array (
  0 => 'member',
  1 => 'leftMenus',
  2 => 'miniapp',
  3 => 'list',
  4 => 'page',
  5 => 'search',
) ]
[ info ] [ LOG ] INIT File

---------------------------------------------------------------
[ 2018-06-25T13:36:52+08:00 ] 127.0.0.1 127.0.0.1 GET /minprogramshop/manage/member/index.html
[ log ] localhost/minprogramshop/manage/member/index.html [运行时间：0.101000s][吞吐率：9.90req/s] [内存消耗：3,834.19kb] [文件加载：90]
[ info ] [ LANG ] D:\soft\Apache24\htdocs\minprogramshop\thinkphp\lang\zh-cn.php
[ info ] [ ROUTE ] array (
  'type' => 'module',
  'module' => 
  array (
    0 => 'manage',
    1 => 'member',
    2 => 'index',
  ),
)
[ info ] [ HEADER ] array (
  'host' => 'localhost',
  'user-agent' => 'Mozilla/5.0 (Windows NT 6.1; WOW64; rv:52.0) Gecko/20100101 Firefox/52.0',
  'accept' => 'text/html,application/xhtml+xml,application/xml;q=0.9,*/*;q=0.8',
  'accept-language' => 'zh-CN,zh;q=0.8,en-US;q=0.5,en;q=0.3',
  'accept-encoding' => 'gzip, deflate',
  'referer' => 'http://localhost/minprogramshop/manage/index/index.html',
  'cookie' => 'yougememberID=13c1qTGLaeZ41zYBnHpQipkQ%2FUbLxm1w9MuYpTJaBPnE%2B1Le9ZVAj4dKzy3COFXWmsEe',
  'connection' => 'keep-alive',
  'upgrade-insecure-requests' => '1',
)
[ info ] [ PARAM ] array (
)
[ info ] [ DB ] INIT mysql
[ info ] [ RUN ] app\manage\controller\Member->index[ D:\soft\Apache24\htdocs\minprogramshop\youge\manage\controller\Member.php ]
[ info ] [ VIEW ] D:\soft\Apache24\htdocs\minprogramshop/youge/manage\view\member\index.html [ array (
  0 => 'member',
  1 => 'leftMenus',
  2 => 'money',
  3 => 'sms',
) ]
[ info ] [ LOG ] INIT File

---------------------------------------------------------------
[ 2018-06-25T13:36:55+08:00 ] 127.0.0.1 127.0.0.1 GET /minprogramshop/manage/money/recharge.html
[ log ] localhost/minprogramshop/manage/money/recharge.html [运行时间：0.068000s][吞吐率：14.71req/s] [内存消耗：3,608.68kb] [文件加载：84]
[ info ] [ LANG ] D:\soft\Apache24\htdocs\minprogramshop\thinkphp\lang\zh-cn.php
[ info ] [ ROUTE ] array (
  'type' => 'module',
  'module' => 
  array (
    0 => 'manage',
    1 => 'money',
    2 => 'recharge',
  ),
)
[ info ] [ HEADER ] array (
  'host' => 'localhost',
  'user-agent' => 'Mozilla/5.0 (Windows NT 6.1; WOW64; rv:52.0) Gecko/20100101 Firefox/52.0',
  'accept' => 'text/html,application/xhtml+xml,application/xml;q=0.9,*/*;q=0.8',
  'accept-language' => 'zh-CN,zh;q=0.8,en-US;q=0.5,en;q=0.3',
  'accept-encoding' => 'gzip, deflate',
  'referer' => 'http://localhost/minprogramshop/manage/index/index.html',
  'cookie' => 'yougememberID=13c1qTGLaeZ41zYBnHpQipkQ%2FUbLxm1w9MuYpTJaBPnE%2B1Le9ZVAj4dKzy3COFXWmsEe',
  'connection' => 'keep-alive',
  'upgrade-insecure-requests' => '1',
)
[ info ] [ PARAM ] array (
)
[ info ] [ DB ] INIT mysql
[ info ] [ RUN ] app\manage\controller\Money->recharge[ D:\soft\Apache24\htdocs\minprogramshop\youge\manage\controller\Money.php ]
[ info ] [ VIEW ] D:\soft\Apache24\htdocs\minprogramshop/youge/manage\view\money\recharge.html [ array (
  0 => 'member',
  1 => 'leftMenus',
  2 => 'member_id',
  3 => 'moblie',
  4 => 'nick_name',
  5 => 'real_name',
  6 => 'email',
  7 => 'qq',
  8 => 'weixin',
  9 => 'nick_dllogo',
  10 => 'nick_dltitle',
) ]
[ info ] [ LOG ] INIT File

---------------------------------------------------------------
[ 2018-06-25T13:37:00+08:00 ] 127.0.0.1 127.0.0.1 GET /minprogramshop/manage/money/recharge.html
[ log ] localhost/minprogramshop/manage/money/recharge.html [运行时间：0.061000s][吞吐率：16.39req/s] [内存消耗：3,608.68kb] [文件加载：84]
[ info ] [ LANG ] D:\soft\Apache24\htdocs\minprogramshop\thinkphp\lang\zh-cn.php
[ info ] [ ROUTE ] array (
  'type' => 'module',
  'module' => 
  array (
    0 => 'manage',
    1 => 'money',
    2 => 'recharge',
  ),
)
[ info ] [ HEADER ] array (
  'host' => 'localhost',
  'user-agent' => 'Mozilla/5.0 (Windows NT 6.1; WOW64; rv:52.0) Gecko/20100101 Firefox/52.0',
  'accept' => 'text/html,application/xhtml+xml,application/xml;q=0.9,*/*;q=0.8',
  'accept-language' => 'zh-CN,zh;q=0.8,en-US;q=0.5,en;q=0.3',
  'accept-encoding' => 'gzip, deflate',
  'referer' => 'http://localhost/minprogramshop/manage/index/index.html',
  'cookie' => 'yougememberID=13c1qTGLaeZ41zYBnHpQipkQ%2FUbLxm1w9MuYpTJaBPnE%2B1Le9ZVAj4dKzy3COFXWmsEe',
  'connection' => 'keep-alive',
  'upgrade-insecure-requests' => '1',
)
[ info ] [ PARAM ] array (
)
[ info ] [ DB ] INIT mysql
[ info ] [ RUN ] app\manage\controller\Money->recharge[ D:\soft\Apache24\htdocs\minprogramshop\youge\manage\controller\Money.php ]
[ info ] [ VIEW ] D:\soft\Apache24\htdocs\minprogramshop/youge/manage\view\money\recharge.html [ array (
  0 => 'member',
  1 => 'leftMenus',
  2 => 'member_id',
  3 => 'moblie',
  4 => 'nick_name',
  5 => 'real_name',
  6 => 'email',
  7 => 'qq',
  8 => 'weixin',
  9 => 'nick_dllogo',
  10 => 'nick_dltitle',
) ]
[ info ] [ LOG ] INIT File

---------------------------------------------------------------
[ 2018-06-25T13:37:07+08:00 ] 127.0.0.1 127.0.0.1 GET /minprogramshop/public/admin/css/bootstrap.min.css.map
[ log ] localhost/minprogramshop/public/admin/css/bootstrap.min.css.map [运行时间：0.057000s][吞吐率：17.54req/s] [内存消耗：2,017.52kb] [文件加载：66]
[ info ] [ LANG ] D:\soft\Apache24\htdocs\minprogramshop\thinkphp\lang\zh-cn.php
[ info ] [ ROUTE ] array (
  'type' => 'module',
  'module' => 
  array (
    0 => 'public',
    1 => 'admin',
    2 => 'css',
  ),
)
[ info ] [ HEADER ] array (
  'host' => 'localhost',
  'user-agent' => 'Mozilla/5.0 (Windows NT 6.1; WOW64; rv:52.0) Gecko/20100101 Firefox/52.0',
  'accept' => 'text/html,application/xhtml+xml,application/xml;q=0.9,*/*;q=0.8',
  'accept-language' => 'zh-CN,zh;q=0.8,en-US;q=0.5,en;q=0.3',
  'accept-encoding' => 'gzip, deflate',
  'cookie' => 'yougememberID=13c1qTGLaeZ41zYBnHpQipkQ%2FUbLxm1w9MuYpTJaBPnE%2B1Le9ZVAj4dKzy3COFXWmsEe',
  'connection' => 'keep-alive',
  'pragma' => 'no-cache',
  'cache-control' => 'no-cache',
)
[ info ] [ PARAM ] array (
)
[ info ] [ LOG ] INIT File

---------------------------------------------------------------
[ 2018-06-25T13:47:28+08:00 ] 127.0.0.1 127.0.0.1 GET /minprogramshop/public/admin/css/bootstrap.min.css.map
[ log ] localhost/minprogramshop/public/admin/css/bootstrap.min.css.map [运行时间：0.035000s][吞吐率：28.57req/s] [内存消耗：2,017.52kb] [文件加载：66]
[ info ] [ LANG ] D:\soft\Apache24\htdocs\minprogramshop\thinkphp\lang\zh-cn.php
[ info ] [ ROUTE ] array (
  'type' => 'module',
  'module' => 
  array (
    0 => 'public',
    1 => 'admin',
    2 => 'css',
  ),
)
[ info ] [ HEADER ] array (
  'host' => 'localhost',
  'user-agent' => 'Mozilla/5.0 (Windows NT 6.1; WOW64; rv:52.0) Gecko/20100101 Firefox/52.0',
  'accept' => 'text/html,application/xhtml+xml,application/xml;q=0.9,*/*;q=0.8',
  'accept-language' => 'zh-CN,zh;q=0.8,en-US;q=0.5,en;q=0.3',
  'accept-encoding' => 'gzip, deflate',
  'cookie' => 'yougememberID=13c1qTGLaeZ41zYBnHpQipkQ%2FUbLxm1w9MuYpTJaBPnE%2B1Le9ZVAj4dKzy3COFXWmsEe',
  'connection' => 'keep-alive',
  'pragma' => 'no-cache',
  'cache-control' => 'no-cache',
)
[ info ] [ PARAM ] array (
)
[ info ] [ LOG ] INIT File

---------------------------------------------------------------
[ 2018-06-25T14:11:55+08:00 ] 127.0.0.1 127.0.0.1 GET /minprogramshop/
[ log ] localhost/minprogramshop/ [运行时间：0.554000s][吞吐率：1.81req/s] [内存消耗：3,763.27kb] [文件加载：84]
[ info ] [ LANG ] D:\soft\Apache24\htdocs\minprogramshop\thinkphp\lang\zh-cn.php
[ info ] [ ROUTE ] array (
  'type' => 'module',
  'module' => 
  array (
    0 => '',
    1 => NULL,
    2 => NULL,
  ),
)
[ info ] [ HEADER ] array (
  'host' => 'localhost',
  'user-agent' => 'Mozilla/5.0 (Windows NT 6.1; WOW64; rv:52.0) Gecko/20100101 Firefox/52.0',
  'accept' => 'text/html,application/xhtml+xml,application/xml;q=0.9,*/*;q=0.8',
  'accept-language' => 'zh-CN,zh;q=0.8,en-US;q=0.5,en;q=0.3',
  'accept-encoding' => 'gzip, deflate',
  'cookie' => 'yougememberID=13c1qTGLaeZ41zYBnHpQipkQ%2FUbLxm1w9MuYpTJaBPnE%2B1Le9ZVAj4dKzy3COFXWmsEe',
  'connection' => 'keep-alive',
  'upgrade-insecure-requests' => '1',
)
[ info ] [ PARAM ] array (
)
[ info ] [ RUN ] app\home\controller\Index->index[ D:\soft\Apache24\htdocs\minprogramshop\youge\home\controller\Index.php ]
[ info ] [ DB ] INIT mysql
[ info ] [ VIEW ] D:\soft\Apache24\htdocs\minprogramshop/youge/home\view\index\index.html [ array (
  0 => 'footer',
  1 => 'list',
) ]
[ info ] [ LOG ] INIT File

---------------------------------------------------------------
[ 2018-06-25T14:11:56+08:00 ] 127.0.0.1 127.0.0.1 GET /minprogramshop/public/js/layer.js
[ log ] localhost/minprogramshop/public/js/layer.js [运行时间：0.083000s][吞吐率：12.05req/s] [内存消耗：2,016.94kb] [文件加载：66]
[ info ] [ LANG ] D:\soft\Apache24\htdocs\minprogramshop\thinkphp\lang\zh-cn.php
[ info ] [ ROUTE ] array (
  'type' => 'module',
  'module' => 
  array (
    0 => 'public',
    1 => 'js',
    2 => 'layer.js',
  ),
)
[ info ] [ HEADER ] array (
  'host' => 'localhost',
  'user-agent' => 'Mozilla/5.0 (Windows NT 6.1; WOW64; rv:52.0) Gecko/20100101 Firefox/52.0',
  'accept' => '*/*',
  'accept-language' => 'zh-CN,zh;q=0.8,en-US;q=0.5,en;q=0.3',
  'accept-encoding' => 'gzip, deflate',
  'referer' => 'http://localhost/minprogramshop/',
  'cookie' => 'yougememberID=13c1qTGLaeZ41zYBnHpQipkQ%2FUbLxm1w9MuYpTJaBPnE%2B1Le9ZVAj4dKzy3COFXWmsEe',
  'connection' => 'keep-alive',
)
[ info ] [ PARAM ] array (
)
[ info ] [ LOG ] INIT File

---------------------------------------------------------------
[ 2018-06-25T14:17:57+08:00 ] 127.0.0.1 127.0.0.1 GET /minprogramshop/manage/index/index.html
[ log ] localhost/minprogramshop/manage/index/index.html [运行时间：0.205000s][吞吐率：4.88req/s] [内存消耗：3,748.65kb] [文件加载：89]
[ info ] [ LANG ] D:\soft\Apache24\htdocs\minprogramshop\thinkphp\lang\zh-cn.php
[ info ] [ ROUTE ] array (
  'type' => 'module',
  'module' => 
  array (
    0 => 'manage',
    1 => 'index',
    2 => 'index',
  ),
)
[ info ] [ HEADER ] array (
  'host' => 'localhost',
  'user-agent' => 'Mozilla/5.0 (Windows NT 6.1; WOW64; rv:52.0) Gecko/20100101 Firefox/52.0',
  'accept' => 'text/html,application/xhtml+xml,application/xml;q=0.9,*/*;q=0.8',
  'accept-language' => 'zh-CN,zh;q=0.8,en-US;q=0.5,en;q=0.3',
  'accept-encoding' => 'gzip, deflate',
  'referer' => 'http://localhost/minprogramshop/manage/passport/login.html',
  'cookie' => 'yougememberID=13c1qTGLaeZ41zYBnHpQipkQ%2FUbLxm1w9MuYpTJaBPnE%2B1Le9ZVAj4dKzy3COFXWmsEe',
  'connection' => 'keep-alive',
  'upgrade-insecure-requests' => '1',
  'cache-control' => 'max-age=0',
)
[ info ] [ PARAM ] array (
)
[ info ] [ DB ] INIT mysql
[ info ] [ RUN ] app\manage\controller\Index->index[ D:\soft\Apache24\htdocs\minprogramshop\youge\manage\controller\Index.php ]
[ info ] [ VIEW ] D:\soft\Apache24\htdocs\minprogramshop/youge/manage\view\index\index.html [ array (
  0 => 'member',
  1 => 'leftMenus',
) ]
[ info ] [ CACHE ] INIT File
[ info ] [ LOG ] INIT File

---------------------------------------------------------------
[ 2018-06-25T14:17:57+08:00 ] 127.0.0.1 127.0.0.1 GET /minprogramshop/manage/miniapp/index
[ log ] localhost/minprogramshop/manage/miniapp/index [运行时间：0.188000s][吞吐率：5.32req/s] [内存消耗：3,872.51kb] [文件加载：90]
[ info ] [ LANG ] D:\soft\Apache24\htdocs\minprogramshop\thinkphp\lang\zh-cn.php
[ info ] [ ROUTE ] array (
  'type' => 'module',
  'module' => 
  array (
    0 => 'manage',
    1 => 'miniapp',
    2 => 'index',
  ),
)
[ info ] [ HEADER ] array (
  'host' => 'localhost',
  'user-agent' => 'Mozilla/5.0 (Windows NT 6.1; WOW64; rv:52.0) Gecko/20100101 Firefox/52.0',
  'accept' => 'text/html,application/xhtml+xml,application/xml;q=0.9,*/*;q=0.8',
  'accept-language' => 'zh-CN,zh;q=0.8,en-US;q=0.5,en;q=0.3',
  'accept-encoding' => 'gzip, deflate',
  'referer' => 'http://localhost/minprogramshop/manage/index/index.html',
  'cookie' => 'yougememberID=13c1qTGLaeZ41zYBnHpQipkQ%2FUbLxm1w9MuYpTJaBPnE%2B1Le9ZVAj4dKzy3COFXWmsEe',
  'connection' => 'keep-alive',
  'upgrade-insecure-requests' => '1',
)
[ info ] [ PARAM ] array (
)
[ info ] [ DB ] INIT mysql
[ info ] [ RUN ] app\manage\controller\Miniapp->index[ D:\soft\Apache24\htdocs\minprogramshop\youge\manage\controller\Miniapp.php ]
[ info ] [ VIEW ] D:\soft\Apache24\htdocs\minprogramshop/youge/manage\view\miniapp\index.html [ array (
  0 => 'member',
  1 => 'leftMenus',
  2 => 'miniapp',
  3 => 'list',
  4 => 'page',
  5 => 'search',
) ]
[ info ] [ LOG ] INIT File

---------------------------------------------------------------
[ 2018-06-25T14:17:59+08:00 ] 127.0.0.1 127.0.0.1 GET /minprogramshop/public/admin/css/bootstrap.min.css.map
[ log ] localhost/minprogramshop/public/admin/css/bootstrap.min.css.map [运行时间：0.028000s][吞吐率：35.71req/s] [内存消耗：2,017.52kb] [文件加载：66]
[ info ] [ LANG ] D:\soft\Apache24\htdocs\minprogramshop\thinkphp\lang\zh-cn.php
[ info ] [ ROUTE ] array (
  'type' => 'module',
  'module' => 
  array (
    0 => 'public',
    1 => 'admin',
    2 => 'css',
  ),
)
[ info ] [ HEADER ] array (
  'host' => 'localhost',
  'user-agent' => 'Mozilla/5.0 (Windows NT 6.1; WOW64; rv:52.0) Gecko/20100101 Firefox/52.0',
  'accept' => 'text/html,application/xhtml+xml,application/xml;q=0.9,*/*;q=0.8',
  'accept-language' => 'zh-CN,zh;q=0.8,en-US;q=0.5,en;q=0.3',
  'accept-encoding' => 'gzip, deflate',
  'cookie' => 'yougememberID=13c1qTGLaeZ41zYBnHpQipkQ%2FUbLxm1w9MuYpTJaBPnE%2B1Le9ZVAj4dKzy3COFXWmsEe',
  'connection' => 'keep-alive',
  'pragma' => 'no-cache',
  'cache-control' => 'no-cache',
)
[ info ] [ PARAM ] array (
)
[ info ] [ LOG ] INIT File

---------------------------------------------------------------
[ 2018-06-25T14:18:00+08:00 ] 127.0.0.1 127.0.0.1 GET /minprogramshop/manage/money/lists.html
[ log ] localhost/minprogramshop/manage/money/lists.html [运行时间：0.088000s][吞吐率：11.36req/s] [内存消耗：3,613.14kb] [文件加载：84]
[ info ] [ LANG ] D:\soft\Apache24\htdocs\minprogramshop\thinkphp\lang\zh-cn.php
[ info ] [ ROUTE ] array (
  'type' => 'module',
  'module' => 
  array (
    0 => 'manage',
    1 => 'money',
    2 => 'lists',
  ),
)
[ info ] [ HEADER ] array (
  'host' => 'localhost',
  'user-agent' => 'Mozilla/5.0 (Windows NT 6.1; WOW64; rv:52.0) Gecko/20100101 Firefox/52.0',
  'accept' => 'text/html,application/xhtml+xml,application/xml;q=0.9,*/*;q=0.8',
  'accept-language' => 'zh-CN,zh;q=0.8,en-US;q=0.5,en;q=0.3',
  'accept-encoding' => 'gzip, deflate',
  'referer' => 'http://localhost/minprogramshop/manage/index/index.html',
  'cookie' => 'yougememberID=13c1qTGLaeZ41zYBnHpQipkQ%2FUbLxm1w9MuYpTJaBPnE%2B1Le9ZVAj4dKzy3COFXWmsEe',
  'connection' => 'keep-alive',
  'upgrade-insecure-requests' => '1',
)
[ info ] [ PARAM ] array (
)
[ info ] [ DB ] INIT mysql
[ info ] [ RUN ] app\manage\controller\Money->lists[ D:\soft\Apache24\htdocs\minprogramshop\youge\manage\controller\Money.php ]
[ info ] [ VIEW ] D:\soft\Apache24\htdocs\minprogramshop/youge/manage\view\money\lists.html [ array (
  0 => 'member',
  1 => 'leftMenus',
  2 => 'member_id',
  3 => 'moblie',
  4 => 'nick_name',
  5 => 'real_name',
  6 => 'email',
  7 => 'qq',
  8 => 'weixin',
  9 => 'nick_dllogo',
  10 => 'nick_dltitle',
) ]
[ info ] [ LOG ] INIT File

---------------------------------------------------------------
[ 2018-06-25T14:18:02+08:00 ] 127.0.0.1 127.0.0.1 GET /minprogramshop/manage/money/recharge.html
[ log ] localhost/minprogramshop/manage/money/recharge.html [运行时间：0.054000s][吞吐率：18.52req/s] [内存消耗：3,618.18kb] [文件加载：84]
[ info ] [ LANG ] D:\soft\Apache24\htdocs\minprogramshop\thinkphp\lang\zh-cn.php
[ info ] [ ROUTE ] array (
  'type' => 'module',
  'module' => 
  array (
    0 => 'manage',
    1 => 'money',
    2 => 'recharge',
  ),
)
[ info ] [ HEADER ] array (
  'host' => 'localhost',
  'user-agent' => 'Mozilla/5.0 (Windows NT 6.1; WOW64; rv:52.0) Gecko/20100101 Firefox/52.0',
  'accept' => 'text/html,application/xhtml+xml,application/xml;q=0.9,*/*;q=0.8',
  'accept-language' => 'zh-CN,zh;q=0.8,en-US;q=0.5,en;q=0.3',
  'accept-encoding' => 'gzip, deflate',
  'referer' => 'http://localhost/minprogramshop/manage/index/index.html',
  'cookie' => 'yougememberID=13c1qTGLaeZ41zYBnHpQipkQ%2FUbLxm1w9MuYpTJaBPnE%2B1Le9ZVAj4dKzy3COFXWmsEe',
  'connection' => 'keep-alive',
  'upgrade-insecure-requests' => '1',
)
[ info ] [ PARAM ] array (
)
[ info ] [ DB ] INIT mysql
[ info ] [ RUN ] app\manage\controller\Money->recharge[ D:\soft\Apache24\htdocs\minprogramshop\youge\manage\controller\Money.php ]
[ info ] [ VIEW ] D:\soft\Apache24\htdocs\minprogramshop/youge/manage\view\money\recharge.html [ array (
  0 => 'member',
  1 => 'leftMenus',
  2 => 'member_id',
  3 => 'moblie',
  4 => 'nick_name',
  5 => 'real_name',
  6 => 'email',
  7 => 'qq',
  8 => 'weixin',
  9 => 'nick_dllogo',
  10 => 'nick_dltitle',
) ]
[ info ] [ LOG ] INIT File

---------------------------------------------------------------
[ 2018-06-25T14:23:51+08:00 ] 127.0.0.1 127.0.0.1 GET /minprogramshop/public/admin/css/bootstrap.min.css.map
[ log ] localhost/minprogramshop/public/admin/css/bootstrap.min.css.map [运行时间：0.034000s][吞吐率：29.41req/s] [内存消耗：2,017.52kb] [文件加载：66]
[ info ] [ LANG ] D:\soft\Apache24\htdocs\minprogramshop\thinkphp\lang\zh-cn.php
[ info ] [ ROUTE ] array (
  'type' => 'module',
  'module' => 
  array (
    0 => 'public',
    1 => 'admin',
    2 => 'css',
  ),
)
[ info ] [ HEADER ] array (
  'host' => 'localhost',
  'user-agent' => 'Mozilla/5.0 (Windows NT 6.1; WOW64; rv:52.0) Gecko/20100101 Firefox/52.0',
  'accept' => 'text/html,application/xhtml+xml,application/xml;q=0.9,*/*;q=0.8',
  'accept-language' => 'zh-CN,zh;q=0.8,en-US;q=0.5,en;q=0.3',
  'accept-encoding' => 'gzip, deflate',
  'cookie' => 'yougememberID=13c1qTGLaeZ41zYBnHpQipkQ%2FUbLxm1w9MuYpTJaBPnE%2B1Le9ZVAj4dKzy3COFXWmsEe',
  'connection' => 'keep-alive',
  'pragma' => 'no-cache',
  'cache-control' => 'no-cache',
)
[ info ] [ PARAM ] array (
)
[ info ] [ LOG ] INIT File

---------------------------------------------------------------
[ 2018-06-25T15:13:34+08:00 ] 127.0.0.1 127.0.0.1 GET /minprogramshop/manage/index/index.html
[ log ] localhost/minprogramshop/manage/index/index.html [运行时间：0.210000s][吞吐率：4.76req/s] [内存消耗：3,748.65kb] [文件加载：89]
[ info ] [ LANG ] D:\soft\Apache24\htdocs\minprogramshop\thinkphp\lang\zh-cn.php
[ info ] [ ROUTE ] array (
  'type' => 'module',
  'module' => 
  array (
    0 => 'manage',
    1 => 'index',
    2 => 'index',
  ),
)
[ info ] [ HEADER ] array (
  'host' => 'localhost',
  'user-agent' => 'Mozilla/5.0 (Windows NT 6.1; WOW64; rv:52.0) Gecko/20100101 Firefox/52.0',
  'accept' => 'text/html,application/xhtml+xml,application/xml;q=0.9,*/*;q=0.8',
  'accept-language' => 'zh-CN,zh;q=0.8,en-US;q=0.5,en;q=0.3',
  'accept-encoding' => 'gzip, deflate',
  'referer' => 'http://localhost/minprogramshop/manage/passport/login.html',
  'cookie' => 'yougememberID=13c1qTGLaeZ41zYBnHpQipkQ%2FUbLxm1w9MuYpTJaBPnE%2B1Le9ZVAj4dKzy3COFXWmsEe',
  'connection' => 'keep-alive',
  'upgrade-insecure-requests' => '1',
  'cache-control' => 'max-age=0',
)
[ info ] [ PARAM ] array (
)
[ info ] [ DB ] INIT mysql
[ info ] [ RUN ] app\manage\controller\Index->index[ D:\soft\Apache24\htdocs\minprogramshop\youge\manage\controller\Index.php ]
[ info ] [ VIEW ] D:\soft\Apache24\htdocs\minprogramshop/youge/manage\view\index\index.html [ array (
  0 => 'member',
  1 => 'leftMenus',
) ]
[ info ] [ CACHE ] INIT File
[ info ] [ LOG ] INIT File

---------------------------------------------------------------
[ 2018-06-25T15:13:35+08:00 ] 127.0.0.1 127.0.0.1 GET /minprogramshop/manage/miniapp/index
[ log ] localhost/minprogramshop/manage/miniapp/index [运行时间：0.114000s][吞吐率：8.77req/s] [内存消耗：3,872.51kb] [文件加载：90]
[ info ] [ LANG ] D:\soft\Apache24\htdocs\minprogramshop\thinkphp\lang\zh-cn.php
[ info ] [ ROUTE ] array (
  'type' => 'module',
  'module' => 
  array (
    0 => 'manage',
    1 => 'miniapp',
    2 => 'index',
  ),
)
[ info ] [ HEADER ] array (
  'host' => 'localhost',
  'user-agent' => 'Mozilla/5.0 (Windows NT 6.1; WOW64; rv:52.0) Gecko/20100101 Firefox/52.0',
  'accept' => 'text/html,application/xhtml+xml,application/xml;q=0.9,*/*;q=0.8',
  'accept-language' => 'zh-CN,zh;q=0.8,en-US;q=0.5,en;q=0.3',
  'accept-encoding' => 'gzip, deflate',
  'referer' => 'http://localhost/minprogramshop/manage/index/index.html',
  'cookie' => 'yougememberID=13c1qTGLaeZ41zYBnHpQipkQ%2FUbLxm1w9MuYpTJaBPnE%2B1Le9ZVAj4dKzy3COFXWmsEe',
  'connection' => 'keep-alive',
  'upgrade-insecure-requests' => '1',
)
[ info ] [ PARAM ] array (
)
[ info ] [ DB ] INIT mysql
[ info ] [ RUN ] app\manage\controller\Miniapp->index[ D:\soft\Apache24\htdocs\minprogramshop\youge\manage\controller\Miniapp.php ]
[ info ] [ VIEW ] D:\soft\Apache24\htdocs\minprogramshop/youge/manage\view\miniapp\index.html [ array (
  0 => 'member',
  1 => 'leftMenus',
  2 => 'miniapp',
  3 => 'list',
  4 => 'page',
  5 => 'search',
) ]
[ info ] [ LOG ] INIT File

---------------------------------------------------------------
[ 2018-06-25T15:13:36+08:00 ] 127.0.0.1 127.0.0.1 GET /minprogramshop/public/admin/css/bootstrap.min.css.map
[ log ] localhost/minprogramshop/public/admin/css/bootstrap.min.css.map [运行时间：0.037000s][吞吐率：27.03req/s] [内存消耗：2,017.52kb] [文件加载：66]
[ info ] [ LANG ] D:\soft\Apache24\htdocs\minprogramshop\thinkphp\lang\zh-cn.php
[ info ] [ ROUTE ] array (
  'type' => 'module',
  'module' => 
  array (
    0 => 'public',
    1 => 'admin',
    2 => 'css',
  ),
)
[ info ] [ HEADER ] array (
  'host' => 'localhost',
  'user-agent' => 'Mozilla/5.0 (Windows NT 6.1; WOW64; rv:52.0) Gecko/20100101 Firefox/52.0',
  'accept' => 'text/html,application/xhtml+xml,application/xml;q=0.9,*/*;q=0.8',
  'accept-language' => 'zh-CN,zh;q=0.8,en-US;q=0.5,en;q=0.3',
  'accept-encoding' => 'gzip, deflate',
  'cookie' => 'yougememberID=13c1qTGLaeZ41zYBnHpQipkQ%2FUbLxm1w9MuYpTJaBPnE%2B1Le9ZVAj4dKzy3COFXWmsEe',
  'connection' => 'keep-alive',
  'pragma' => 'no-cache',
  'cache-control' => 'no-cache',
)
[ info ] [ PARAM ] array (
)
[ info ] [ LOG ] INIT File

---------------------------------------------------------------
[ 2018-06-25T15:13:37+08:00 ] 127.0.0.1 127.0.0.1 GET /minprogramshop/manage/money/lists.html
[ log ] localhost/minprogramshop/manage/money/lists.html [运行时间：0.056000s][吞吐率：17.86req/s] [内存消耗：3,613.14kb] [文件加载：84]
[ info ] [ LANG ] D:\soft\Apache24\htdocs\minprogramshop\thinkphp\lang\zh-cn.php
[ info ] [ ROUTE ] array (
  'type' => 'module',
  'module' => 
  array (
    0 => 'manage',
    1 => 'money',
    2 => 'lists',
  ),
)
[ info ] [ HEADER ] array (
  'host' => 'localhost',
  'user-agent' => 'Mozilla/5.0 (Windows NT 6.1; WOW64; rv:52.0) Gecko/20100101 Firefox/52.0',
  'accept' => 'text/html,application/xhtml+xml,application/xml;q=0.9,*/*;q=0.8',
  'accept-language' => 'zh-CN,zh;q=0.8,en-US;q=0.5,en;q=0.3',
  'accept-encoding' => 'gzip, deflate',
  'referer' => 'http://localhost/minprogramshop/manage/index/index.html',
  'cookie' => 'yougememberID=13c1qTGLaeZ41zYBnHpQipkQ%2FUbLxm1w9MuYpTJaBPnE%2B1Le9ZVAj4dKzy3COFXWmsEe',
  'connection' => 'keep-alive',
  'upgrade-insecure-requests' => '1',
)
[ info ] [ PARAM ] array (
)
[ info ] [ DB ] INIT mysql
[ info ] [ RUN ] app\manage\controller\Money->lists[ D:\soft\Apache24\htdocs\minprogramshop\youge\manage\controller\Money.php ]
[ info ] [ VIEW ] D:\soft\Apache24\htdocs\minprogramshop/youge/manage\view\money\lists.html [ array (
  0 => 'member',
  1 => 'leftMenus',
  2 => 'member_id',
  3 => 'moblie',
  4 => 'nick_name',
  5 => 'real_name',
  6 => 'email',
  7 => 'qq',
  8 => 'weixin',
  9 => 'nick_dllogo',
  10 => 'nick_dltitle',
) ]
[ info ] [ LOG ] INIT File

---------------------------------------------------------------
[ 2018-06-25T15:13:39+08:00 ] 127.0.0.1 127.0.0.1 GET /minprogramshop/manage/money/recharge.html
[ log ] localhost/minprogramshop/manage/money/recharge.html [运行时间：0.052000s][吞吐率：19.23req/s] [内存消耗：3,608.68kb] [文件加载：84]
[ info ] [ LANG ] D:\soft\Apache24\htdocs\minprogramshop\thinkphp\lang\zh-cn.php
[ info ] [ ROUTE ] array (
  'type' => 'module',
  'module' => 
  array (
    0 => 'manage',
    1 => 'money',
    2 => 'recharge',
  ),
)
[ info ] [ HEADER ] array (
  'host' => 'localhost',
  'user-agent' => 'Mozilla/5.0 (Windows NT 6.1; WOW64; rv:52.0) Gecko/20100101 Firefox/52.0',
  'accept' => 'text/html,application/xhtml+xml,application/xml;q=0.9,*/*;q=0.8',
  'accept-language' => 'zh-CN,zh;q=0.8,en-US;q=0.5,en;q=0.3',
  'accept-encoding' => 'gzip, deflate',
  'referer' => 'http://localhost/minprogramshop/manage/index/index.html',
  'cookie' => 'yougememberID=13c1qTGLaeZ41zYBnHpQipkQ%2FUbLxm1w9MuYpTJaBPnE%2B1Le9ZVAj4dKzy3COFXWmsEe',
  'connection' => 'keep-alive',
  'upgrade-insecure-requests' => '1',
)
[ info ] [ PARAM ] array (
)
[ info ] [ DB ] INIT mysql
[ info ] [ RUN ] app\manage\controller\Money->recharge[ D:\soft\Apache24\htdocs\minprogramshop\youge\manage\controller\Money.php ]
[ info ] [ VIEW ] D:\soft\Apache24\htdocs\minprogramshop/youge/manage\view\money\recharge.html [ array (
  0 => 'member',
  1 => 'leftMenus',
  2 => 'member_id',
  3 => 'moblie',
  4 => 'nick_name',
  5 => 'real_name',
  6 => 'email',
  7 => 'qq',
  8 => 'weixin',
  9 => 'nick_dllogo',
  10 => 'nick_dltitle',
) ]
[ info ] [ LOG ] INIT File

---------------------------------------------------------------
[ 2018-06-25T15:18:31+08:00 ] 127.0.0.1 127.0.0.1 GET /minprogramshop/manage/index/index.html
[ log ] localhost/minprogramshop/manage/index/index.html [运行时间：0.089000s][吞吐率：11.24req/s] [内存消耗：3,748.65kb] [文件加载：89]
[ info ] [ LANG ] D:\soft\Apache24\htdocs\minprogramshop\thinkphp\lang\zh-cn.php
[ info ] [ ROUTE ] array (
  'type' => 'module',
  'module' => 
  array (
    0 => 'manage',
    1 => 'index',
    2 => 'index',
  ),
)
[ info ] [ HEADER ] array (
  'host' => 'localhost',
  'user-agent' => 'Mozilla/5.0 (Windows NT 6.1; WOW64; rv:52.0) Gecko/20100101 Firefox/52.0',
  'accept' => 'text/html,application/xhtml+xml,application/xml;q=0.9,*/*;q=0.8',
  'accept-language' => 'zh-CN,zh;q=0.8,en-US;q=0.5,en;q=0.3',
  'accept-encoding' => 'gzip, deflate',
  'referer' => 'http://localhost/minprogramshop/manage/passport/login.html',
  'cookie' => 'yougememberID=13c1qTGLaeZ41zYBnHpQipkQ%2FUbLxm1w9MuYpTJaBPnE%2B1Le9ZVAj4dKzy3COFXWmsEe',
  'connection' => 'keep-alive',
  'upgrade-insecure-requests' => '1',
  'cache-control' => 'max-age=0',
)
[ info ] [ PARAM ] array (
)
[ info ] [ DB ] INIT mysql
[ info ] [ RUN ] app\manage\controller\Index->index[ D:\soft\Apache24\htdocs\minprogramshop\youge\manage\controller\Index.php ]
[ info ] [ VIEW ] D:\soft\Apache24\htdocs\minprogramshop/youge/manage\view\index\index.html [ array (
  0 => 'member',
  1 => 'leftMenus',
) ]
[ info ] [ CACHE ] INIT File
[ info ] [ LOG ] INIT File

---------------------------------------------------------------
[ 2018-06-25T15:18:32+08:00 ] 127.0.0.1 127.0.0.1 GET /minprogramshop/manage/miniapp/index
[ log ] localhost/minprogramshop/manage/miniapp/index [运行时间：0.082000s][吞吐率：12.20req/s] [内存消耗：3,872.51kb] [文件加载：90]
[ info ] [ LANG ] D:\soft\Apache24\htdocs\minprogramshop\thinkphp\lang\zh-cn.php
[ info ] [ ROUTE ] array (
  'type' => 'module',
  'module' => 
  array (
    0 => 'manage',
    1 => 'miniapp',
    2 => 'index',
  ),
)
[ info ] [ HEADER ] array (
  'host' => 'localhost',
  'user-agent' => 'Mozilla/5.0 (Windows NT 6.1; WOW64; rv:52.0) Gecko/20100101 Firefox/52.0',
  'accept' => 'text/html,application/xhtml+xml,application/xml;q=0.9,*/*;q=0.8',
  'accept-language' => 'zh-CN,zh;q=0.8,en-US;q=0.5,en;q=0.3',
  'accept-encoding' => 'gzip, deflate',
  'referer' => 'http://localhost/minprogramshop/manage/index/index.html',
  'cookie' => 'yougememberID=13c1qTGLaeZ41zYBnHpQipkQ%2FUbLxm1w9MuYpTJaBPnE%2B1Le9ZVAj4dKzy3COFXWmsEe',
  'connection' => 'keep-alive',
  'upgrade-insecure-requests' => '1',
)
[ info ] [ PARAM ] array (
)
[ info ] [ DB ] INIT mysql
[ info ] [ RUN ] app\manage\controller\Miniapp->index[ D:\soft\Apache24\htdocs\minprogramshop\youge\manage\controller\Miniapp.php ]
[ info ] [ VIEW ] D:\soft\Apache24\htdocs\minprogramshop/youge/manage\view\miniapp\index.html [ array (
  0 => 'member',
  1 => 'leftMenus',
  2 => 'miniapp',
  3 => 'list',
  4 => 'page',
  5 => 'search',
) ]
[ info ] [ LOG ] INIT File

---------------------------------------------------------------
[ 2018-06-25T15:18:34+08:00 ] 127.0.0.1 127.0.0.1 GET /minprogramshop/manage/money/recharge.html
[ log ] localhost/minprogramshop/manage/money/recharge.html [运行时间：0.069000s][吞吐率：14.49req/s] [内存消耗：3,618.18kb] [文件加载：84]
[ info ] [ LANG ] D:\soft\Apache24\htdocs\minprogramshop\thinkphp\lang\zh-cn.php
[ info ] [ ROUTE ] array (
  'type' => 'module',
  'module' => 
  array (
    0 => 'manage',
    1 => 'money',
    2 => 'recharge',
  ),
)
[ info ] [ HEADER ] array (
  'host' => 'localhost',
  'user-agent' => 'Mozilla/5.0 (Windows NT 6.1; WOW64; rv:52.0) Gecko/20100101 Firefox/52.0',
  'accept' => 'text/html,application/xhtml+xml,application/xml;q=0.9,*/*;q=0.8',
  'accept-language' => 'zh-CN,zh;q=0.8,en-US;q=0.5,en;q=0.3',
  'accept-encoding' => 'gzip, deflate',
  'referer' => 'http://localhost/minprogramshop/manage/index/index.html',
  'cookie' => 'yougememberID=13c1qTGLaeZ41zYBnHpQipkQ%2FUbLxm1w9MuYpTJaBPnE%2B1Le9ZVAj4dKzy3COFXWmsEe',
  'connection' => 'keep-alive',
  'upgrade-insecure-requests' => '1',
)
[ info ] [ PARAM ] array (
)
[ info ] [ DB ] INIT mysql
[ info ] [ RUN ] app\manage\controller\Money->recharge[ D:\soft\Apache24\htdocs\minprogramshop\youge\manage\controller\Money.php ]
[ info ] [ VIEW ] D:\soft\Apache24\htdocs\minprogramshop/youge/manage\view\money\recharge.html [ array (
  0 => 'member',
  1 => 'leftMenus',
  2 => 'member_id',
  3 => 'moblie',
  4 => 'nick_name',
  5 => 'real_name',
  6 => 'email',
  7 => 'qq',
  8 => 'weixin',
  9 => 'nick_dllogo',
  10 => 'nick_dltitle',
) ]
[ info ] [ LOG ] INIT File

---------------------------------------------------------------
[ 2018-06-25T15:18:36+08:00 ] 127.0.0.1 127.0.0.1 GET /minprogramshop/manage/money/lists.html
[ log ] localhost/minprogramshop/manage/money/lists.html [运行时间：0.075000s][吞吐率：13.33req/s] [内存消耗：3,613.14kb] [文件加载：84]
[ info ] [ LANG ] D:\soft\Apache24\htdocs\minprogramshop\thinkphp\lang\zh-cn.php
[ info ] [ ROUTE ] array (
  'type' => 'module',
  'module' => 
  array (
    0 => 'manage',
    1 => 'money',
    2 => 'lists',
  ),
)
[ info ] [ HEADER ] array (
  'host' => 'localhost',
  'user-agent' => 'Mozilla/5.0 (Windows NT 6.1; WOW64; rv:52.0) Gecko/20100101 Firefox/52.0',
  'accept' => 'text/html,application/xhtml+xml,application/xml;q=0.9,*/*;q=0.8',
  'accept-language' => 'zh-CN,zh;q=0.8,en-US;q=0.5,en;q=0.3',
  'accept-encoding' => 'gzip, deflate',
  'referer' => 'http://localhost/minprogramshop/manage/index/index.html',
  'cookie' => 'yougememberID=13c1qTGLaeZ41zYBnHpQipkQ%2FUbLxm1w9MuYpTJaBPnE%2B1Le9ZVAj4dKzy3COFXWmsEe',
  'connection' => 'keep-alive',
  'upgrade-insecure-requests' => '1',
)
[ info ] [ PARAM ] array (
)
[ info ] [ DB ] INIT mysql
[ info ] [ RUN ] app\manage\controller\Money->lists[ D:\soft\Apache24\htdocs\minprogramshop\youge\manage\controller\Money.php ]
[ info ] [ VIEW ] D:\soft\Apache24\htdocs\minprogramshop/youge/manage\view\money\lists.html [ array (
  0 => 'member',
  1 => 'leftMenus',
  2 => 'member_id',
  3 => 'moblie',
  4 => 'nick_name',
  5 => 'real_name',
  6 => 'email',
  7 => 'qq',
  8 => 'weixin',
  9 => 'nick_dllogo',
  10 => 'nick_dltitle',
) ]
[ info ] [ LOG ] INIT File

---------------------------------------------------------------
[ 2018-06-25T15:18:37+08:00 ] 127.0.0.1 127.0.0.1 GET /minprogramshop/manage/money/recharge.html
[ log ] localhost/minprogramshop/manage/money/recharge.html [运行时间：0.057000s][吞吐率：17.54req/s] [内存消耗：3,618.18kb] [文件加载：84]
[ info ] [ LANG ] D:\soft\Apache24\htdocs\minprogramshop\thinkphp\lang\zh-cn.php
[ info ] [ ROUTE ] array (
  'type' => 'module',
  'module' => 
  array (
    0 => 'manage',
    1 => 'money',
    2 => 'recharge',
  ),
)
[ info ] [ HEADER ] array (
  'host' => 'localhost',
  'user-agent' => 'Mozilla/5.0 (Windows NT 6.1; WOW64; rv:52.0) Gecko/20100101 Firefox/52.0',
  'accept' => 'text/html,application/xhtml+xml,application/xml;q=0.9,*/*;q=0.8',
  'accept-language' => 'zh-CN,zh;q=0.8,en-US;q=0.5,en;q=0.3',
  'accept-encoding' => 'gzip, deflate',
  'referer' => 'http://localhost/minprogramshop/manage/index/index.html',
  'cookie' => 'yougememberID=13c1qTGLaeZ41zYBnHpQipkQ%2FUbLxm1w9MuYpTJaBPnE%2B1Le9ZVAj4dKzy3COFXWmsEe',
  'connection' => 'keep-alive',
  'upgrade-insecure-requests' => '1',
)
[ info ] [ PARAM ] array (
)
[ info ] [ DB ] INIT mysql
[ info ] [ RUN ] app\manage\controller\Money->recharge[ D:\soft\Apache24\htdocs\minprogramshop\youge\manage\controller\Money.php ]
[ info ] [ VIEW ] D:\soft\Apache24\htdocs\minprogramshop/youge/manage\view\money\recharge.html [ array (
  0 => 'member',
  1 => 'leftMenus',
  2 => 'member_id',
  3 => 'moblie',
  4 => 'nick_name',
  5 => 'real_name',
  6 => 'email',
  7 => 'qq',
  8 => 'weixin',
  9 => 'nick_dllogo',
  10 => 'nick_dltitle',
) ]
[ info ] [ LOG ] INIT File

---------------------------------------------------------------
